{
"/Users/benjamin/projects/numbro/languages/bg.js":{"path":"/Users/benjamin/projects/numbro/languages/bg.js","s":{"1":1,"2":8},"b":{},"f":{},"fnMap":{},"statementMap":{"1":{"start":{"line":7,"column":0},"end":{"line":24,"column":2}},"2":{"start":{"line":19,"column":19},"end":{"line":19,"column":22}}},"branchMap":{},"l":{"7":1,"19":8}},
"/Users/benjamin/projects/numbro/languages/cs-CZ.js":{"path":"/Users/benjamin/projects/numbro/languages/cs-CZ.js","s":{"1":1,"2":8},"b":{},"f":{"1":8},"fnMap":{"1":{"name":"(anonymous_1)","line":20,"loc":{"start":{"line":20,"column":13},"end":{"line":20,"column":24}}}},"statementMap":{"1":{"start":{"line":8,"column":0},"end":{"line":58,"column":2}},"2":{"start":{"line":21,"column":8},"end":{"line":21,"column":19}}},"branchMap":{},"l":{"8":1,"21":8}},
"/Users/benjamin/projects/numbro/languages/da-DK.js":{"path":"/Users/benjamin/projects/numbro/languages/da-DK.js","s":{"1":1,"2":7},"b":{},"f":{"1":7},"fnMap":{"1":{"name":"(anonymous_1)","line":20,"loc":{"start":{"line":20,"column":13},"end":{"line":20,"column":24}}}},"statementMap":{"1":{"start":{"line":8,"column":0},"end":{"line":57,"column":2}},"2":{"start":{"line":21,"column":8},"end":{"line":21,"column":19}}},"branchMap":{},"l":{"8":1,"21":7}},
"/Users/benjamin/projects/numbro/languages/de-AT.js":{"path":"/Users/benjamin/projects/numbro/languages/de-AT.js","s":{"1":1,"2":7},"b":{},"f":{"1":7},"fnMap":{"1":{"name":"(anonymous_1)","line":20,"loc":{"start":{"line":20,"column":13},"end":{"line":20,"column":24}}}},"statementMap":{"1":{"start":{"line":8,"column":0},"end":{"line":27,"column":2}},"2":{"start":{"line":21,"column":8},"end":{"line":21,"column":19}}},"branchMap":{},"l":{"8":1,"21":7}},
"/Users/benjamin/projects/numbro/languages/de-CH.js":{"path":"/Users/benjamin/projects/numbro/languages/de-CH.js","s":{"1":1,"2":7},"b":{},"f":{"1":7},"fnMap":{"1":{"name":"(anonymous_1)","line":20,"loc":{"start":{"line":20,"column":13},"end":{"line":20,"column":24}}}},"statementMap":{"1":{"start":{"line":8,"column":0},"end":{"line":57,"column":2}},"2":{"start":{"line":21,"column":8},"end":{"line":21,"column":19}}},"branchMap":{},"l":{"8":1,"21":7}},
"/Users/benjamin/projects/numbro/languages/de-DE.js":{"path":"/Users/benjamin/projects/numbro/languages/de-DE.js","s":{"1":1,"2":7},"b":{},"f":{"1":7},"fnMap":{"1":{"name":"(anonymous_1)","line":22,"loc":{"start":{"line":22,"column":13},"end":{"line":22,"column":24}}}},"statementMap":{"1":{"start":{"line":10,"column":0},"end":{"line":58,"column":2}},"2":{"start":{"line":23,"column":8},"end":{"line":23,"column":19}}},"branchMap":{},"l":{"10":1,"23":7}},
"/Users/benjamin/projects/numbro/languages/de-LI.js":{"path":"/Users/benjamin/projects/numbro/languages/de-LI.js","s":{"1":1,"2":7},"b":{},"f":{"1":7},"fnMap":{"1":{"name":"(anonymous_1)","line":20,"loc":{"start":{"line":20,"column":13},"end":{"line":20,"column":24}}}},"statementMap":{"1":{"start":{"line":8,"column":0},"end":{"line":57,"column":2}},"2":{"start":{"line":21,"column":8},"end":{"line":21,"column":19}}},"branchMap":{},"l":{"8":1,"21":7}},
"/Users/benjamin/projects/numbro/languages/el.js":{"path":"/Users/benjamin/projects/numbro/languages/el.js","s":{"1":1,"2":7},"b":{},"f":{"1":7},"fnMap":{"1":{"name":"(anonymous_1)","line":19,"loc":{"start":{"line":19,"column":13},"end":{"line":19,"column":24}}}},"statementMap":{"1":{"start":{"line":7,"column":0},"end":{"line":26,"column":2}},"2":{"start":{"line":20,"column":8},"end":{"line":20,"column":19}}},"branchMap":{},"l":{"7":1,"20":7}},
"/Users/benjamin/projects/numbro/languages/en-AU.js":{"path":"/Users/benjamin/projects/numbro/languages/en-AU.js","s":{"1":1,"2":8,"3":8},"b":{"1":[1,7],"2":[1,6],"3":[1,5],"4":[2,3]},"f":{},"fnMap":{},"statementMap":{"1":{"start":{"line":8,"column":0},"end":{"line":55,"column":2}},"2":{"start":{"line":21,"column":8},"end":{"line":21,"column":28}},"3":{"start":{"line":22,"column":8},"end":{"line":22,"column":116}}},"branchMap":{"1":{"line":22,"type":"cond-expr","locations":[{"start":{"line":22,"column":47},"end":{"line":22,"column":51}},{"start":{"line":22,"column":54},"end":{"line":22,"column":115}}]},"2":{"line":22,"type":"cond-expr","locations":[{"start":{"line":22,"column":66},"end":{"line":22,"column":70}},{"start":{"line":22,"column":73},"end":{"line":22,"column":115}}]},"3":{"line":22,"type":"cond-expr","locations":[{"start":{"line":22,"column":85},"end":{"line":22,"column":89}},{"start":{"line":22,"column":92},"end":{"line":22,"column":115}}]},"4":{"line":22,"type":"cond-expr","locations":[{"start":{"line":22,"column":104},"end":{"line":22,"column":108}},{"start":{"line":22,"column":111},"end":{"line":22,"column":115}}]}},"l":{"8":1,"21":8,"22":8}},
"/Users/benjamin/projects/numbro/languages/en-GB.js":{"path":"/Users/benjamin/projects/numbro/languages/en-GB.js","s":{"1":1,"2":8,"3":8},"b":{"1":[1,7],"2":[1,6],"3":[1,5],"4":[2,3]},"f":{},"fnMap":{},"statementMap":{"1":{"start":{"line":8,"column":0},"end":{"line":58,"column":2}},"2":{"start":{"line":21,"column":8},"end":{"line":21,"column":28}},"3":{"start":{"line":22,"column":8},"end":{"line":22,"column":116}}},"branchMap":{"1":{"line":22,"type":"cond-expr","locations":[{"start":{"line":22,"column":47},"end":{"line":22,"column":51}},{"start":{"line":22,"column":54},"end":{"line":22,"column":115}}]},"2":{"line":22,"type":"cond-expr","locations":[{"start":{"line":22,"column":66},"end":{"line":22,"column":70}},{"start":{"line":22,"column":73},"end":{"line":22,"column":115}}]},"3":{"line":22,"type":"cond-expr","locations":[{"start":{"line":22,"column":85},"end":{"line":22,"column":89}},{"start":{"line":22,"column":92},"end":{"line":22,"column":115}}]},"4":{"line":22,"type":"cond-expr","locations":[{"start":{"line":22,"column":104},"end":{"line":22,"column":108}},{"start":{"line":22,"column":111},"end":{"line":22,"column":115}}]}},"l":{"8":1,"21":8,"22":8}},
"/Users/benjamin/projects/numbro/languages/en-IE.js":{"path":"/Users/benjamin/projects/numbro/languages/en-IE.js","s":{"1":1,"2":8,"3":8},"b":{"1":[1,7],"2":[1,6],"3":[1,5],"4":[2,3]},"f":{},"fnMap":{},"statementMap":{"1":{"start":{"line":8,"column":0},"end":{"line":28,"column":2}},"2":{"start":{"line":21,"column":8},"end":{"line":21,"column":28}},"3":{"start":{"line":22,"column":8},"end":{"line":22,"column":116}}},"branchMap":{"1":{"line":22,"type":"cond-expr","locations":[{"start":{"line":22,"column":47},"end":{"line":22,"column":51}},{"start":{"line":22,"column":54},"end":{"line":22,"column":115}}]},"2":{"line":22,"type":"cond-expr","locations":[{"start":{"line":22,"column":66},"end":{"line":22,"column":70}},{"start":{"line":22,"column":73},"end":{"line":22,"column":115}}]},"3":{"line":22,"type":"cond-expr","locations":[{"start":{"line":22,"column":85},"end":{"line":22,"column":89}},{"start":{"line":22,"column":92},"end":{"line":22,"column":115}}]},"4":{"line":22,"type":"cond-expr","locations":[{"start":{"line":22,"column":104},"end":{"line":22,"column":108}},{"start":{"line":22,"column":111},"end":{"line":22,"column":115}}]}},"l":{"8":1,"21":8,"22":8}},
"/Users/benjamin/projects/numbro/languages/en-NZ.js":{"path":"/Users/benjamin/projects/numbro/languages/en-NZ.js","s":{"1":1,"2":8,"3":8},"b":{"1":[1,7],"2":[1,6],"3":[1,5],"4":[2,3]},"f":{},"fnMap":{},"statementMap":{"1":{"start":{"line":8,"column":0},"end":{"line":55,"column":2}},"2":{"start":{"line":21,"column":8},"end":{"line":21,"column":28}},"3":{"start":{"line":22,"column":8},"end":{"line":22,"column":116}}},"branchMap":{"1":{"line":22,"type":"cond-expr","locations":[{"start":{"line":22,"column":47},"end":{"line":22,"column":51}},{"start":{"line":22,"column":54},"end":{"line":22,"column":115}}]},"2":{"line":22,"type":"cond-expr","locations":[{"start":{"line":22,"column":66},"end":{"line":22,"column":70}},{"start":{"line":22,"column":73},"end":{"line":22,"column":115}}]},"3":{"line":22,"type":"cond-expr","locations":[{"start":{"line":22,"column":85},"end":{"line":22,"column":89}},{"start":{"line":22,"column":92},"end":{"line":22,"column":115}}]},"4":{"line":22,"type":"cond-expr","locations":[{"start":{"line":22,"column":104},"end":{"line":22,"column":108}},{"start":{"line":22,"column":111},"end":{"line":22,"column":115}}]}},"l":{"8":1,"21":8,"22":8}},
"/Users/benjamin/projects/numbro/languages/en-ZA.js":{"path":"/Users/benjamin/projects/numbro/languages/en-ZA.js","s":{"1":1,"2":8,"3":8},"b":{"1":[1,7],"2":[1,6],"3":[1,5],"4":[2,3]},"f":{},"fnMap":{},"statementMap":{"1":{"start":{"line":8,"column":0},"end":{"line":55,"column":2}},"2":{"start":{"line":21,"column":8},"end":{"line":21,"column":28}},"3":{"start":{"line":22,"column":8},"end":{"line":22,"column":116}}},"branchMap":{"1":{"line":22,"type":"cond-expr","locations":[{"start":{"line":22,"column":47},"end":{"line":22,"column":51}},{"start":{"line":22,"column":54},"end":{"line":22,"column":115}}]},"2":{"line":22,"type":"cond-expr","locations":[{"start":{"line":22,"column":66},"end":{"line":22,"column":70}},{"start":{"line":22,"column":73},"end":{"line":22,"column":115}}]},"3":{"line":22,"type":"cond-expr","locations":[{"start":{"line":22,"column":85},"end":{"line":22,"column":89}},{"start":{"line":22,"column":92},"end":{"line":22,"column":115}}]},"4":{"line":22,"type":"cond-expr","locations":[{"start":{"line":22,"column":104},"end":{"line":22,"column":108}},{"start":{"line":22,"column":111},"end":{"line":22,"column":115}}]}},"l":{"8":1,"21":8,"22":8}},
"/Users/benjamin/projects/numbro/languages/es-AR.js":{"path":"/Users/benjamin/projects/numbro/languages/es-AR.js","s":{"1":1,"2":10,"3":10},"b":{"1":[3,7],"2":[10,9],"3":[1,6],"4":[3,3],"5":[6,6],"6":[1,2],"7":[1,1]},"f":{},"fnMap":{},"statementMap":{"1":{"start":{"line":8,"column":0},"end":{"line":58,"column":2}},"2":{"start":{"line":21,"column":8},"end":{"line":21,"column":28}},"3":{"start":{"line":22,"column":8},"end":{"line":22,"column":137}}},"branchMap":{"1":{"line":22,"type":"cond-expr","locations":[{"start":{"line":22,"column":38},"end":{"line":22,"column":42}},{"start":{"line":22,"column":45},"end":{"line":22,"column":136}}]},"2":{"line":22,"type":"binary-expr","locations":[{"start":{"line":22,"column":16},"end":{"line":22,"column":23}},{"start":{"line":22,"column":27},"end":{"line":22,"column":34}}]},"3":{"line":22,"type":"cond-expr","locations":[{"start":{"line":22,"column":57},"end":{"line":22,"column":61}},{"start":{"line":22,"column":64},"end":{"line":22,"column":136}}]},"4":{"line":22,"type":"cond-expr","locations":[{"start":{"line":22,"column":87},"end":{"line":22,"column":91}},{"start":{"line":22,"column":94},"end":{"line":22,"column":136}}]},"5":{"line":22,"type":"binary-expr","locations":[{"start":{"line":22,"column":65},"end":{"line":22,"column":72}},{"start":{"line":22,"column":76},"end":{"line":22,"column":83}}]},"6":{"line":22,"type":"cond-expr","locations":[{"start":{"line":22,"column":106},"end":{"line":22,"column":110}},{"start":{"line":22,"column":113},"end":{"line":22,"column":136}}]},"7":{"line":22,"type":"cond-expr","locations":[{"start":{"line":22,"column":125},"end":{"line":22,"column":129}},{"start":{"line":22,"column":132},"end":{"line":22,"column":136}}]}},"l":{"8":1,"21":10,"22":10}},
"/Users/benjamin/projects/numbro/languages/es-CL.js":{"path":"/Users/benjamin/projects/numbro/languages/es-CL.js","s":{"1":1,"2":10,"3":10},"b":{"1":[3,7],"2":[10,9],"3":[1,6],"4":[3,3],"5":[6,6],"6":[1,2],"7":[1,1]},"f":{},"fnMap":{},"statementMap":{"1":{"start":{"line":8,"column":0},"end":{"line":56,"column":2}},"2":{"start":{"line":21,"column":8},"end":{"line":21,"column":28}},"3":{"start":{"line":22,"column":8},"end":{"line":22,"column":137}}},"branchMap":{"1":{"line":22,"type":"cond-expr","locations":[{"start":{"line":22,"column":38},"end":{"line":22,"column":42}},{"start":{"line":22,"column":45},"end":{"line":22,"column":136}}]},"2":{"line":22,"type":"binary-expr","locations":[{"start":{"line":22,"column":16},"end":{"line":22,"column":23}},{"start":{"line":22,"column":27},"end":{"line":22,"column":34}}]},"3":{"line":22,"type":"cond-expr","locations":[{"start":{"line":22,"column":57},"end":{"line":22,"column":61}},{"start":{"line":22,"column":64},"end":{"line":22,"column":136}}]},"4":{"line":22,"type":"cond-expr","locations":[{"start":{"line":22,"column":87},"end":{"line":22,"column":91}},{"start":{"line":22,"column":94},"end":{"line":22,"column":136}}]},"5":{"line":22,"type":"binary-expr","locations":[{"start":{"line":22,"column":65},"end":{"line":22,"column":72}},{"start":{"line":22,"column":76},"end":{"line":22,"column":83}}]},"6":{"line":22,"type":"cond-expr","locations":[{"start":{"line":22,"column":106},"end":{"line":22,"column":110}},{"start":{"line":22,"column":113},"end":{"line":22,"column":136}}]},"7":{"line":22,"type":"cond-expr","locations":[{"start":{"line":22,"column":125},"end":{"line":22,"column":129}},{"start":{"line":22,"column":132},"end":{"line":22,"column":136}}]}},"l":{"8":1,"21":10,"22":10}},
"/Users/benjamin/projects/numbro/languages/es-CO.js":{"path":"/Users/benjamin/projects/numbro/languages/es-CO.js","s":{"1":1,"2":10,"3":10},"b":{"1":[3,7],"2":[10,9],"3":[1,6],"4":[3,3],"5":[6,6],"6":[1,2],"7":[1,1]},"f":{},"fnMap":{},"statementMap":{"1":{"start":{"line":8,"column":0},"end":{"line":58,"column":2}},"2":{"start":{"line":21,"column":8},"end":{"line":21,"column":28}},"3":{"start":{"line":22,"column":8},"end":{"line":22,"column":137}}},"branchMap":{"1":{"line":22,"type":"cond-expr","locations":[{"start":{"line":22,"column":38},"end":{"line":22,"column":42}},{"start":{"line":22,"column":45},"end":{"line":22,"column":136}}]},"2":{"line":22,"type":"binary-expr","locations":[{"start":{"line":22,"column":16},"end":{"line":22,"column":23}},{"start":{"line":22,"column":27},"end":{"line":22,"column":34}}]},"3":{"line":22,"type":"cond-expr","locations":[{"start":{"line":22,"column":57},"end":{"line":22,"column":61}},{"start":{"line":22,"column":64},"end":{"line":22,"column":136}}]},"4":{"line":22,"type":"cond-expr","locations":[{"start":{"line":22,"column":87},"end":{"line":22,"column":91}},{"start":{"line":22,"column":94},"end":{"line":22,"column":136}}]},"5":{"line":22,"type":"binary-expr","locations":[{"start":{"line":22,"column":65},"end":{"line":22,"column":72}},{"start":{"line":22,"column":76},"end":{"line":22,"column":83}}]},"6":{"line":22,"type":"cond-expr","locations":[{"start":{"line":22,"column":106},"end":{"line":22,"column":110}},{"start":{"line":22,"column":113},"end":{"line":22,"column":136}}]},"7":{"line":22,"type":"cond-expr","locations":[{"start":{"line":22,"column":125},"end":{"line":22,"column":129}},{"start":{"line":22,"column":132},"end":{"line":22,"column":136}}]}},"l":{"8":1,"21":10,"22":10}},
"/Users/benjamin/projects/numbro/languages/es-CR.js":{"path":"/Users/benjamin/projects/numbro/languages/es-CR.js","s":{"1":1,"2":10,"3":10},"b":{"1":[3,7],"2":[10,9],"3":[1,6],"4":[3,3],"5":[6,6],"6":[1,2],"7":[1,1]},"f":{},"fnMap":{},"statementMap":{"1":{"start":{"line":8,"column":0},"end":{"line":58,"column":2}},"2":{"start":{"line":21,"column":8},"end":{"line":21,"column":28}},"3":{"start":{"line":22,"column":8},"end":{"line":22,"column":137}}},"branchMap":{"1":{"line":22,"type":"cond-expr","locations":[{"start":{"line":22,"column":38},"end":{"line":22,"column":42}},{"start":{"line":22,"column":45},"end":{"line":22,"column":136}}]},"2":{"line":22,"type":"binary-expr","locations":[{"start":{"line":22,"column":16},"end":{"line":22,"column":23}},{"start":{"line":22,"column":27},"end":{"line":22,"column":34}}]},"3":{"line":22,"type":"cond-expr","locations":[{"start":{"line":22,"column":57},"end":{"line":22,"column":61}},{"start":{"line":22,"column":64},"end":{"line":22,"column":136}}]},"4":{"line":22,"type":"cond-expr","locations":[{"start":{"line":22,"column":87},"end":{"line":22,"column":91}},{"start":{"line":22,"column":94},"end":{"line":22,"column":136}}]},"5":{"line":22,"type":"binary-expr","locations":[{"start":{"line":22,"column":65},"end":{"line":22,"column":72}},{"start":{"line":22,"column":76},"end":{"line":22,"column":83}}]},"6":{"line":22,"type":"cond-expr","locations":[{"start":{"line":22,"column":106},"end":{"line":22,"column":110}},{"start":{"line":22,"column":113},"end":{"line":22,"column":136}}]},"7":{"line":22,"type":"cond-expr","locations":[{"start":{"line":22,"column":125},"end":{"line":22,"column":129}},{"start":{"line":22,"column":132},"end":{"line":22,"column":136}}]}},"l":{"8":1,"21":10,"22":10}},
"/Users/benjamin/projects/numbro/languages/es-ES.js":{"path":"/Users/benjamin/projects/numbro/languages/es-ES.js","s":{"1":1,"2":10,"3":10},"b":{"1":[3,7],"2":[10,9],"3":[1,6],"4":[3,3],"5":[6,6],"6":[1,2],"7":[1,1]},"f":{},"fnMap":{},"statementMap":{"1":{"start":{"line":8,"column":0},"end":{"line":58,"column":2}},"2":{"start":{"line":21,"column":8},"end":{"line":21,"column":28}},"3":{"start":{"line":22,"column":8},"end":{"line":22,"column":137}}},"branchMap":{"1":{"line":22,"type":"cond-expr","locations":[{"start":{"line":22,"column":38},"end":{"line":22,"column":42}},{"start":{"line":22,"column":45},"end":{"line":22,"column":136}}]},"2":{"line":22,"type":"binary-expr","locations":[{"start":{"line":22,"column":16},"end":{"line":22,"column":23}},{"start":{"line":22,"column":27},"end":{"line":22,"column":34}}]},"3":{"line":22,"type":"cond-expr","locations":[{"start":{"line":22,"column":57},"end":{"line":22,"column":61}},{"start":{"line":22,"column":64},"end":{"line":22,"column":136}}]},"4":{"line":22,"type":"cond-expr","locations":[{"start":{"line":22,"column":87},"end":{"line":22,"column":91}},{"start":{"line":22,"column":94},"end":{"line":22,"column":136}}]},"5":{"line":22,"type":"binary-expr","locations":[{"start":{"line":22,"column":65},"end":{"line":22,"column":72}},{"start":{"line":22,"column":76},"end":{"line":22,"column":83}}]},"6":{"line":22,"type":"cond-expr","locations":[{"start":{"line":22,"column":106},"end":{"line":22,"column":110}},{"start":{"line":22,"column":113},"end":{"line":22,"column":136}}]},"7":{"line":22,"type":"cond-expr","locations":[{"start":{"line":22,"column":125},"end":{"line":22,"column":129}},{"start":{"line":22,"column":132},"end":{"line":22,"column":136}}]}},"l":{"8":1,"21":10,"22":10}},
"/Users/benjamin/projects/numbro/languages/es-MEX.js":{"path":"/Users/benjamin/projects/numbro/languages/es-MEX.js","s":{"1":1,"2":10,"3":10},"b":{"1":[3,7],"2":[10,9],"3":[1,6],"4":[3,3],"5":[6,6],"6":[1,2],"7":[1,1]},"f":{"1":10},"fnMap":{"1":{"name":"(anonymous_1)","line":20,"loc":{"start":{"line":20,"column":13},"end":{"line":20,"column":30}}}},"statementMap":{"1":{"start":{"line":8,"column":0},"end":{"line":58,"column":2}},"2":{"start":{"line":21,"column":8},"end":{"line":21,"column":28}},"3":{"start":{"line":22,"column":8},"end":{"line":22,"column":137}}},"branchMap":{"1":{"line":22,"type":"cond-expr","locations":[{"start":{"line":22,"column":38},"end":{"line":22,"column":42}},{"start":{"line":22,"column":45},"end":{"line":22,"column":136}}]},"2":{"line":22,"type":"binary-expr","locations":[{"start":{"line":22,"column":16},"end":{"line":22,"column":23}},{"start":{"line":22,"column":27},"end":{"line":22,"column":34}}]},"3":{"line":22,"type":"cond-expr","locations":[{"start":{"line":22,"column":57},"end":{"line":22,"column":61}},{"start":{"line":22,"column":64},"end":{"line":22,"column":136}}]},"4":{"line":22,"type":"cond-expr","locations":[{"start":{"line":22,"column":87},"end":{"line":22,"column":91}},{"start":{"line":22,"column":94},"end":{"line":22,"column":136}}]},"5":{"line":22,"type":"binary-expr","locations":[{"start":{"line":22,"column":65},"end":{"line":22,"column":72}},{"start":{"line":22,"column":76},"end":{"line":22,"column":83}}]},"6":{"line":22,"type":"cond-expr","locations":[{"start":{"line":22,"column":106},"end":{"line":22,"column":110}},{"start":{"line":22,"column":113},"end":{"line":22,"column":136}}]},"7":{"line":22,"type":"cond-expr","locations":[{"start":{"line":22,"column":125},"end":{"line":22,"column":129}},{"start":{"line":22,"column":132},"end":{"line":22,"column":136}}]}},"l":{"8":1,"21":10,"22":10}},
"/Users/benjamin/projects/numbro/languages/es-NI.js":{"path":"/Users/benjamin/projects/numbro/languages/es-NI.js","s":{"1":1,"2":10,"3":10},"b":{"1":[3,7],"2":[10,9],"3":[1,6],"4":[3,3],"5":[6,6],"6":[1,2],"7":[1,1]},"f":{},"fnMap":{},"statementMap":{"1":{"start":{"line":8,"column":0},"end":{"line":58,"column":2}},"2":{"start":{"line":21,"column":8},"end":{"line":21,"column":28}},"3":{"start":{"line":22,"column":8},"end":{"line":22,"column":137}}},"branchMap":{"1":{"line":22,"type":"cond-expr","locations":[{"start":{"line":22,"column":38},"end":{"line":22,"column":42}},{"start":{"line":22,"column":45},"end":{"line":22,"column":136}}]},"2":{"line":22,"type":"binary-expr","locations":[{"start":{"line":22,"column":16},"end":{"line":22,"column":23}},{"start":{"line":22,"column":27},"end":{"line":22,"column":34}}]},"3":{"line":22,"type":"cond-expr","locations":[{"start":{"line":22,"column":57},"end":{"line":22,"column":61}},{"start":{"line":22,"column":64},"end":{"line":22,"column":136}}]},"4":{"line":22,"type":"cond-expr","locations":[{"start":{"line":22,"column":87},"end":{"line":22,"column":91}},{"start":{"line":22,"column":94},"end":{"line":22,"column":136}}]},"5":{"line":22,"type":"binary-expr","locations":[{"start":{"line":22,"column":65},"end":{"line":22,"column":72}},{"start":{"line":22,"column":76},"end":{"line":22,"column":83}}]},"6":{"line":22,"type":"cond-expr","locations":[{"start":{"line":22,"column":106},"end":{"line":22,"column":110}},{"start":{"line":22,"column":113},"end":{"line":22,"column":136}}]},"7":{"line":22,"type":"cond-expr","locations":[{"start":{"line":22,"column":125},"end":{"line":22,"column":129}},{"start":{"line":22,"column":132},"end":{"line":22,"column":136}}]}},"l":{"8":1,"21":10,"22":10}},
"/Users/benjamin/projects/numbro/languages/es-PE.js":{"path":"/Users/benjamin/projects/numbro/languages/es-PE.js","s":{"1":1,"2":10,"3":10},"b":{"1":[3,7],"2":[10,9],"3":[1,6],"4":[3,3],"5":[6,6],"6":[1,2],"7":[1,1]},"f":{},"fnMap":{},"statementMap":{"1":{"start":{"line":8,"column":0},"end":{"line":58,"column":2}},"2":{"start":{"line":21,"column":8},"end":{"line":21,"column":28}},"3":{"start":{"line":22,"column":8},"end":{"line":22,"column":137}}},"branchMap":{"1":{"line":22,"type":"cond-expr","locations":[{"start":{"line":22,"column":38},"end":{"line":22,"column":42}},{"start":{"line":22,"column":45},"end":{"line":22,"column":136}}]},"2":{"line":22,"type":"binary-expr","locations":[{"start":{"line":22,"column":16},"end":{"line":22,"column":23}},{"start":{"line":22,"column":27},"end":{"line":22,"column":34}}]},"3":{"line":22,"type":"cond-expr","locations":[{"start":{"line":22,"column":57},"end":{"line":22,"column":61}},{"start":{"line":22,"column":64},"end":{"line":22,"column":136}}]},"4":{"line":22,"type":"cond-expr","locations":[{"start":{"line":22,"column":87},"end":{"line":22,"column":91}},{"start":{"line":22,"column":94},"end":{"line":22,"column":136}}]},"5":{"line":22,"type":"binary-expr","locations":[{"start":{"line":22,"column":65},"end":{"line":22,"column":72}},{"start":{"line":22,"column":76},"end":{"line":22,"column":83}}]},"6":{"line":22,"type":"cond-expr","locations":[{"start":{"line":22,"column":106},"end":{"line":22,"column":110}},{"start":{"line":22,"column":113},"end":{"line":22,"column":136}}]},"7":{"line":22,"type":"cond-expr","locations":[{"start":{"line":22,"column":125},"end":{"line":22,"column":129}},{"start":{"line":22,"column":132},"end":{"line":22,"column":136}}]}},"l":{"8":1,"21":10,"22":10}},
"/Users/benjamin/projects/numbro/languages/es-PR.js":{"path":"/Users/benjamin/projects/numbro/languages/es-PR.js","s":{"1":1,"2":10,"3":10},"b":{"1":[3,7],"2":[10,9],"3":[1,6],"4":[3,3],"5":[6,6],"6":[1,2],"7":[1,1]},"f":{},"fnMap":{},"statementMap":{"1":{"start":{"line":8,"column":0},"end":{"line":58,"column":2}},"2":{"start":{"line":21,"column":8},"end":{"line":21,"column":28}},"3":{"start":{"line":22,"column":8},"end":{"line":22,"column":137}}},"branchMap":{"1":{"line":22,"type":"cond-expr","locations":[{"start":{"line":22,"column":38},"end":{"line":22,"column":42}},{"start":{"line":22,"column":45},"end":{"line":22,"column":136}}]},"2":{"line":22,"type":"binary-expr","locations":[{"start":{"line":22,"column":16},"end":{"line":22,"column":23}},{"start":{"line":22,"column":27},"end":{"line":22,"column":34}}]},"3":{"line":22,"type":"cond-expr","locations":[{"start":{"line":22,"column":57},"end":{"line":22,"column":61}},{"start":{"line":22,"column":64},"end":{"line":22,"column":136}}]},"4":{"line":22,"type":"cond-expr","locations":[{"start":{"line":22,"column":87},"end":{"line":22,"column":91}},{"start":{"line":22,"column":94},"end":{"line":22,"column":136}}]},"5":{"line":22,"type":"binary-expr","locations":[{"start":{"line":22,"column":65},"end":{"line":22,"column":72}},{"start":{"line":22,"column":76},"end":{"line":22,"column":83}}]},"6":{"line":22,"type":"cond-expr","locations":[{"start":{"line":22,"column":106},"end":{"line":22,"column":110}},{"start":{"line":22,"column":113},"end":{"line":22,"column":136}}]},"7":{"line":22,"type":"cond-expr","locations":[{"start":{"line":22,"column":125},"end":{"line":22,"column":129}},{"start":{"line":22,"column":132},"end":{"line":22,"column":136}}]}},"l":{"8":1,"21":10,"22":10}},
"/Users/benjamin/projects/numbro/languages/es-SV.js":{"path":"/Users/benjamin/projects/numbro/languages/es-SV.js","s":{"1":1,"2":10,"3":10},"b":{"1":[3,7],"2":[10,9],"3":[1,6],"4":[3,3],"5":[6,6],"6":[1,2],"7":[1,1]},"f":{},"fnMap":{},"statementMap":{"1":{"start":{"line":8,"column":0},"end":{"line":58,"column":2}},"2":{"start":{"line":21,"column":8},"end":{"line":21,"column":28}},"3":{"start":{"line":22,"column":8},"end":{"line":22,"column":137}}},"branchMap":{"1":{"line":22,"type":"cond-expr","locations":[{"start":{"line":22,"column":38},"end":{"line":22,"column":42}},{"start":{"line":22,"column":45},"end":{"line":22,"column":136}}]},"2":{"line":22,"type":"binary-expr","locations":[{"start":{"line":22,"column":16},"end":{"line":22,"column":23}},{"start":{"line":22,"column":27},"end":{"line":22,"column":34}}]},"3":{"line":22,"type":"cond-expr","locations":[{"start":{"line":22,"column":57},"end":{"line":22,"column":61}},{"start":{"line":22,"column":64},"end":{"line":22,"column":136}}]},"4":{"line":22,"type":"cond-expr","locations":[{"start":{"line":22,"column":87},"end":{"line":22,"column":91}},{"start":{"line":22,"column":94},"end":{"line":22,"column":136}}]},"5":{"line":22,"type":"binary-expr","locations":[{"start":{"line":22,"column":65},"end":{"line":22,"column":72}},{"start":{"line":22,"column":76},"end":{"line":22,"column":83}}]},"6":{"line":22,"type":"cond-expr","locations":[{"start":{"line":22,"column":106},"end":{"line":22,"column":110}},{"start":{"line":22,"column":113},"end":{"line":22,"column":136}}]},"7":{"line":22,"type":"cond-expr","locations":[{"start":{"line":22,"column":125},"end":{"line":22,"column":129}},{"start":{"line":22,"column":132},"end":{"line":22,"column":136}}]}},"l":{"8":1,"21":10,"22":10}},
"/Users/benjamin/projects/numbro/languages/et-EE.js":{"path":"/Users/benjamin/projects/numbro/languages/et-EE.js","s":{"1":1,"2":7},"b":{},"f":{"1":7},"fnMap":{"1":{"name":"(anonymous_1)","line":23,"loc":{"start":{"line":23,"column":13},"end":{"line":23,"column":24}}}},"statementMap":{"1":{"start":{"line":11,"column":0},"end":{"line":60,"column":2}},"2":{"start":{"line":24,"column":8},"end":{"line":24,"column":19}}},"branchMap":{},"l":{"11":1,"24":7}},
"/Users/benjamin/projects/numbro/languages/fa-IR.js":{"path":"/Users/benjamin/projects/numbro/languages/fa-IR.js","s":{"1":1,"2":8},"b":{},"f":{"1":8},"fnMap":{"1":{"name":"(anonymous_1)","line":20,"loc":{"start":{"line":20,"column":13},"end":{"line":20,"column":24}}}},"statementMap":{"1":{"start":{"line":8,"column":0},"end":{"line":27,"column":2}},"2":{"start":{"line":21,"column":8},"end":{"line":21,"column":20}}},"branchMap":{},"l":{"8":1,"21":8}},
"/Users/benjamin/projects/numbro/languages/fi-FI.js":{"path":"/Users/benjamin/projects/numbro/languages/fi-FI.js","s":{"1":1,"2":7},"b":{},"f":{"1":7},"fnMap":{"1":{"name":"(anonymous_1)","line":20,"loc":{"start":{"line":20,"column":13},"end":{"line":20,"column":24}}}},"statementMap":{"1":{"start":{"line":8,"column":0},"end":{"line":57,"column":2}},"2":{"start":{"line":21,"column":8},"end":{"line":21,"column":19}}},"branchMap":{},"l":{"8":1,"21":7}},
"/Users/benjamin/projects/numbro/languages/fil-PH.js":{"path":"/Users/benjamin/projects/numbro/languages/fil-PH.js","s":{"1":1,"2":8,"3":8},"b":{"1":[1,7],"2":[1,6],"3":[1,5],"4":[2,3]},"f":{},"fnMap":{},"statementMap":{"1":{"start":{"line":8,"column":0},"end":{"line":28,"column":2}},"2":{"start":{"line":21,"column":8},"end":{"line":21,"column":28}},"3":{"start":{"line":22,"column":8},"end":{"line":22,"column":116}}},"branchMap":{"1":{"line":22,"type":"cond-expr","locations":[{"start":{"line":22,"column":47},"end":{"line":22,"column":51}},{"start":{"line":22,"column":54},"end":{"line":22,"column":115}}]},"2":{"line":22,"type":"cond-expr","locations":[{"start":{"line":22,"column":66},"end":{"line":22,"column":70}},{"start":{"line":22,"column":73},"end":{"line":22,"column":115}}]},"3":{"line":22,"type":"cond-expr","locations":[{"start":{"line":22,"column":85},"end":{"line":22,"column":89}},{"start":{"line":22,"column":92},"end":{"line":22,"column":115}}]},"4":{"line":22,"type":"cond-expr","locations":[{"start":{"line":22,"column":104},"end":{"line":22,"column":108}},{"start":{"line":22,"column":111},"end":{"line":22,"column":115}}]}},"l":{"8":1,"21":8,"22":8}},
"/Users/benjamin/projects/numbro/languages/fr-CA.js":{"path":"/Users/benjamin/projects/numbro/languages/fr-CA.js","s":{"1":1,"2":8},"b":{"1":[1,7]},"f":{},"fnMap":{},"statementMap":{"1":{"start":{"line":8,"column":0},"end":{"line":55,"column":2}},"2":{"start":{"line":21,"column":8},"end":{"line":21,"column":43}}},"branchMap":{"1":{"line":21,"type":"cond-expr","locations":[{"start":{"line":21,"column":30},"end":{"line":21,"column":34}},{"start":{"line":21,"column":37},"end":{"line":21,"column":42}}]}},"l":{"8":1,"21":8}},
"/Users/benjamin/projects/numbro/languages/fr-CH.js":{"path":"/Users/benjamin/projects/numbro/languages/fr-CH.js","s":{"1":1,"2":8},"b":{"1":[1,7]},"f":{},"fnMap":{},"statementMap":{"1":{"start":{"line":8,"column":0},"end":{"line":57,"column":2}},"2":{"start":{"line":21,"column":8},"end":{"line":21,"column":43}}},"branchMap":{"1":{"line":21,"type":"cond-expr","locations":[{"start":{"line":21,"column":30},"end":{"line":21,"column":34}},{"start":{"line":21,"column":37},"end":{"line":21,"column":42}}]}},"l":{"8":1,"21":8}},
"/Users/benjamin/projects/numbro/languages/fr-FR.js":{"path":"/Users/benjamin/projects/numbro/languages/fr-FR.js","s":{"1":1,"2":8},"b":{"1":[1,7]},"f":{},"fnMap":{},"statementMap":{"1":{"start":{"line":8,"column":0},"end":{"line":57,"column":2}},"2":{"start":{"line":21,"column":8},"end":{"line":21,"column":43}}},"branchMap":{"1":{"line":21,"type":"cond-expr","locations":[{"start":{"line":21,"column":30},"end":{"line":21,"column":34}},{"start":{"line":21,"column":37},"end":{"line":21,"column":42}}]}},"l":{"8":1,"21":8}},
"/Users/benjamin/projects/numbro/languages/he-IL.js":{"path":"/Users/benjamin/projects/numbro/languages/he-IL.js","s":{"1":1,"2":7},"b":{},"f":{},"fnMap":{},"statementMap":{"1":{"start":{"line":8,"column":0},"end":{"line":55,"column":2}},"2":{"start":{"line":25,"column":19},"end":{"line":25,"column":21}}},"branchMap":{},"l":{"8":1,"25":7}},
"/Users/benjamin/projects/numbro/languages/hu-HU.js":{"path":"/Users/benjamin/projects/numbro/languages/hu-HU.js","s":{"1":1,"2":7},"b":{},"f":{"1":7},"fnMap":{"1":{"name":"(anonymous_1)","line":20,"loc":{"start":{"line":20,"column":13},"end":{"line":20,"column":24}}}},"statementMap":{"1":{"start":{"line":8,"column":0},"end":{"line":57,"column":2}},"2":{"start":{"line":21,"column":8},"end":{"line":21,"column":19}}},"branchMap":{},"l":{"8":1,"21":7}},
"/Users/benjamin/projects/numbro/languages/id.js":{"path":"/Users/benjamin/projects/numbro/languages/id.js","s":{"1":1,"2":7},"b":{},"f":{"1":7},"fnMap":{"1":{"name":"(anonymous_1)","line":19,"loc":{"start":{"line":19,"column":13},"end":{"line":19,"column":24}}}},"statementMap":{"1":{"start":{"line":7,"column":0},"end":{"line":26,"column":2}},"2":{"start":{"line":20,"column":8},"end":{"line":20,"column":19}}},"branchMap":{},"l":{"7":1,"20":7}},
"/Users/benjamin/projects/numbro/languages/it-CH.js":{"path":"/Users/benjamin/projects/numbro/languages/it-CH.js","s":{"1":1,"2":8},"b":{},"f":{"1":8},"fnMap":{"1":{"name":"(anonymous_1)","line":20,"loc":{"start":{"line":20,"column":13},"end":{"line":20,"column":24}}}},"statementMap":{"1":{"start":{"line":8,"column":0},"end":{"line":27,"column":2}},"2":{"start":{"line":21,"column":8},"end":{"line":21,"column":19}}},"branchMap":{},"l":{"8":1,"21":8}},
"/Users/benjamin/projects/numbro/languages/it-IT.js":{"path":"/Users/benjamin/projects/numbro/languages/it-IT.js","s":{"1":1,"2":8},"b":{},"f":{"1":8},"fnMap":{"1":{"name":"(anonymous_1)","line":20,"loc":{"start":{"line":20,"column":13},"end":{"line":20,"column":24}}}},"statementMap":{"1":{"start":{"line":8,"column":0},"end":{"line":57,"column":2}},"2":{"start":{"line":21,"column":8},"end":{"line":21,"column":19}}},"branchMap":{},"l":{"8":1,"21":8}},
"/Users/benjamin/projects/numbro/languages/ja-JP.js":{"path":"/Users/benjamin/projects/numbro/languages/ja-JP.js","s":{"1":1,"2":7},"b":{},"f":{"1":7},"fnMap":{"1":{"name":"(anonymous_1)","line":20,"loc":{"start":{"line":20,"column":13},"end":{"line":20,"column":24}}}},"statementMap":{"1":{"start":{"line":8,"column":0},"end":{"line":54,"column":2}},"2":{"start":{"line":21,"column":8},"end":{"line":21,"column":19}}},"branchMap":{},"l":{"8":1,"21":7}},
"/Users/benjamin/projects/numbro/languages/ko-KR.js":{"path":"/Users/benjamin/projects/numbro/languages/ko-KR.js","s":{"1":1,"2":8},"b":{},"f":{"1":8},"fnMap":{"1":{"name":"(anonymous_1)","line":20,"loc":{"start":{"line":20,"column":13},"end":{"line":20,"column":24}}}},"statementMap":{"1":{"start":{"line":8,"column":0},"end":{"line":27,"column":2}},"2":{"start":{"line":21,"column":8},"end":{"line":21,"column":19}}},"branchMap":{},"l":{"8":1,"21":8}},
"/Users/benjamin/projects/numbro/languages/lv-LV.js":{"path":"/Users/benjamin/projects/numbro/languages/lv-LV.js","s":{"1":1,"2":8},"b":{},"f":{"1":8},"fnMap":{"1":{"name":"(anonymous_1)","line":20,"loc":{"start":{"line":20,"column":13},"end":{"line":20,"column":24}}}},"statementMap":{"1":{"start":{"line":8,"column":0},"end":{"line":57,"column":2}},"2":{"start":{"line":21,"column":8},"end":{"line":21,"column":19}}},"branchMap":{},"l":{"8":1,"21":8}},
"/Users/benjamin/projects/numbro/languages/nb-NO.js":{"path":"/Users/benjamin/projects/numbro/languages/nb-NO.js","s":{"1":1,"2":7},"b":{},"f":{},"fnMap":{},"statementMap":{"1":{"start":{"line":8,"column":0},"end":{"line":55,"column":2}},"2":{"start":{"line":20,"column":19},"end":{"line":20,"column":21}}},"branchMap":{},"l":{"8":1,"20":7}},
"/Users/benjamin/projects/numbro/languages/nb.js":{"path":"/Users/benjamin/projects/numbro/languages/nb.js","s":{"1":1,"2":7},"b":{},"f":{"1":7},"fnMap":{"1":{"name":"(anonymous_1)","line":19,"loc":{"start":{"line":19,"column":13},"end":{"line":19,"column":24}}}},"statementMap":{"1":{"start":{"line":7,"column":0},"end":{"line":26,"column":2}},"2":{"start":{"line":20,"column":8},"end":{"line":20,"column":19}}},"branchMap":{},"l":{"7":1,"20":7}},
"/Users/benjamin/projects/numbro/languages/nl-BE.js":{"path":"/Users/benjamin/projects/numbro/languages/nl-BE.js","s":{"1":1,"2":14,"3":14},"b":{"1":[7,7],"2":[14,13,11,9]},"f":{},"fnMap":{},"statementMap":{"1":{"start":{"line":8,"column":0},"end":{"line":58,"column":2}},"2":{"start":{"line":21,"column":8},"end":{"line":21,"column":37}},"3":{"start":{"line":22,"column":8},"end":{"line":22,"column":101}}},"branchMap":{"1":{"line":22,"type":"cond-expr","locations":[{"start":{"line":22,"column":88},"end":{"line":22,"column":93}},{"start":{"line":22,"column":96},"end":{"line":22,"column":100}}]},"2":{"line":22,"type":"binary-expr","locations":[{"start":{"line":22,"column":16},"end":{"line":22,"column":28}},{"start":{"line":22,"column":32},"end":{"line":22,"column":46}},{"start":{"line":22,"column":50},"end":{"line":22,"column":65}},{"start":{"line":22,"column":69},"end":{"line":22,"column":84}}]}},"l":{"8":1,"21":14,"22":14}},
"/Users/benjamin/projects/numbro/languages/nl-NL.js":{"path":"/Users/benjamin/projects/numbro/languages/nl-NL.js","s":{"1":1,"2":14,"3":14},"b":{"1":[7,7],"2":[14,13,11,9]},"f":{},"fnMap":{},"statementMap":{"1":{"start":{"line":8,"column":0},"end":{"line":58,"column":2}},"2":{"start":{"line":21,"column":8},"end":{"line":21,"column":37}},"3":{"start":{"line":22,"column":8},"end":{"line":22,"column":101}}},"branchMap":{"1":{"line":22,"type":"cond-expr","locations":[{"start":{"line":22,"column":88},"end":{"line":22,"column":93}},{"start":{"line":22,"column":96},"end":{"line":22,"column":100}}]},"2":{"line":22,"type":"binary-expr","locations":[{"start":{"line":22,"column":16},"end":{"line":22,"column":28}},{"start":{"line":22,"column":32},"end":{"line":22,"column":46}},{"start":{"line":22,"column":50},"end":{"line":22,"column":65}},{"start":{"line":22,"column":69},"end":{"line":22,"column":84}}]}},"l":{"8":1,"21":14,"22":14}},
"/Users/benjamin/projects/numbro/languages/nn.js":{"path":"/Users/benjamin/projects/numbro/languages/nn.js","s":{"1":1,"2":7},"b":{},"f":{"1":7},"fnMap":{"1":{"name":"(anonymous_1)","line":19,"loc":{"start":{"line":19,"column":13},"end":{"line":19,"column":24}}}},"statementMap":{"1":{"start":{"line":7,"column":0},"end":{"line":26,"column":2}},"2":{"start":{"line":20,"column":8},"end":{"line":20,"column":19}}},"branchMap":{},"l":{"7":1,"20":7}},
"/Users/benjamin/projects/numbro/languages/pl-PL.js":{"path":"/Users/benjamin/projects/numbro/languages/pl-PL.js","s":{"1":1,"2":8},"b":{},"f":{},"fnMap":{},"statementMap":{"1":{"start":{"line":8,"column":0},"end":{"line":55,"column":2}},"2":{"start":{"line":20,"column":19},"end":{"line":20,"column":22}}},"branchMap":{},"l":{"8":1,"20":8}},
"/Users/benjamin/projects/numbro/languages/pt-BR.js":{"path":"/Users/benjamin/projects/numbro/languages/pt-BR.js","s":{"1":1,"2":8},"b":{},"f":{"1":8},"fnMap":{"1":{"name":"(anonymous_1)","line":20,"loc":{"start":{"line":20,"column":13},"end":{"line":20,"column":24}}}},"statementMap":{"1":{"start":{"line":8,"column":0},"end":{"line":57,"column":2}},"2":{"start":{"line":21,"column":8},"end":{"line":21,"column":19}}},"branchMap":{},"l":{"8":1,"21":8}},
"/Users/benjamin/projects/numbro/languages/pt-PT.js":{"path":"/Users/benjamin/projects/numbro/languages/pt-PT.js","s":{"1":1,"2":8},"b":{},"f":{"1":8},"fnMap":{"1":{"name":"(anonymous_1)","line":20,"loc":{"start":{"line":20,"column":13},"end":{"line":20,"column":24}}}},"statementMap":{"1":{"start":{"line":8,"column":0},"end":{"line":57,"column":2}},"2":{"start":{"line":21,"column":8},"end":{"line":21,"column":19}}},"branchMap":{},"l":{"8":1,"21":8}},
"/Users/benjamin/projects/numbro/languages/ro-RO.js":{"path":"/Users/benjamin/projects/numbro/languages/ro-RO.js","s":{"1":1,"2":14},"b":{},"f":{"1":14},"fnMap":{"1":{"name":"(anonymous_1)","line":19,"loc":{"start":{"line":19,"column":13},"end":{"line":19,"column":24}}}},"statementMap":{"1":{"start":{"line":7,"column":0},"end":{"line":56,"column":2}},"2":{"start":{"line":20,"column":8},"end":{"line":20,"column":19}}},"branchMap":{},"l":{"7":1,"20":14}},
"/Users/benjamin/projects/numbro/languages/ro.js":{"path":"/Users/benjamin/projects/numbro/languages/ro.js","s":{"1":1},"b":{},"f":{},"fnMap":{},"statementMap":{"1":{"start":{"line":7,"column":0},"end":{"line":7,"column":36}}},"branchMap":{},"l":{"7":1}},
"/Users/benjamin/projects/numbro/languages/ru-RU.js":{"path":"/Users/benjamin/projects/numbro/languages/ru-RU.js","s":{"1":1,"2":8},"b":{},"f":{"1":8},"fnMap":{"1":{"name":"(anonymous_1)","line":20,"loc":{"start":{"line":20,"column":13},"end":{"line":20,"column":24}}}},"statementMap":{"1":{"start":{"line":8,"column":0},"end":{"line":60,"column":2}},"2":{"start":{"line":24,"column":8},"end":{"line":24,"column":19}}},"branchMap":{},"l":{"8":1,"24":8}},
"/Users/benjamin/projects/numbro/languages/ru-UA.js":{"path":"/Users/benjamin/projects/numbro/languages/ru-UA.js","s":{"1":1,"2":8},"b":{},"f":{"1":8},"fnMap":{"1":{"name":"(anonymous_1)","line":20,"loc":{"start":{"line":20,"column":13},"end":{"line":20,"column":24}}}},"statementMap":{"1":{"start":{"line":8,"column":0},"end":{"line":60,"column":2}},"2":{"start":{"line":24,"column":8},"end":{"line":24,"column":19}}},"branchMap":{},"l":{"8":1,"24":8}},
"/Users/benjamin/projects/numbro/languages/sk-SK.js":{"path":"/Users/benjamin/projects/numbro/languages/sk-SK.js","s":{"1":1,"2":7},"b":{},"f":{"1":7},"fnMap":{"1":{"name":"(anonymous_1)","line":20,"loc":{"start":{"line":20,"column":13},"end":{"line":20,"column":24}}}},"statementMap":{"1":{"start":{"line":8,"column":0},"end":{"line":58,"column":2}},"2":{"start":{"line":21,"column":8},"end":{"line":21,"column":19}}},"branchMap":{},"l":{"8":1,"21":7}},
"/Users/benjamin/projects/numbro/languages/sl.js":{"path":"/Users/benjamin/projects/numbro/languages/sl.js","s":{"1":1,"2":7},"b":{},"f":{"1":7},"fnMap":{"1":{"name":"(anonymous_1)","line":20,"loc":{"start":{"line":20,"column":13},"end":{"line":20,"column":24}}}},"statementMap":{"1":{"start":{"line":8,"column":0},"end":{"line":27,"column":2}},"2":{"start":{"line":21,"column":8},"end":{"line":21,"column":19}}},"branchMap":{},"l":{"8":1,"21":7}},
"/Users/benjamin/projects/numbro/languages/sr-Cyrl-RS.js":{"path":"/Users/benjamin/projects/numbro/languages/sr-Cyrl-RS.js","s":{"1":1,"2":7},"b":{},"f":{},"fnMap":{},"statementMap":{"1":{"start":{"line":8,"column":0},"end":{"line":25,"column":2}},"2":{"start":{"line":20,"column":19},"end":{"line":20,"column":22}}},"branchMap":{},"l":{"8":1,"20":7}},
"/Users/benjamin/projects/numbro/languages/sv-SE.js":{"path":"/Users/benjamin/projects/numbro/languages/sv-SE.js","s":{"1":1,"2":7},"b":{},"f":{},"fnMap":{},"statementMap":{"1":{"start":{"line":8,"column":0},"end":{"line":55,"column":2}},"2":{"start":{"line":20,"column":19},"end":{"line":20,"column":21}}},"branchMap":{},"l":{"8":1,"20":7}},
"/Users/benjamin/projects/numbro/languages/th-TH.js":{"path":"/Users/benjamin/projects/numbro/languages/th-TH.js","s":{"1":1,"2":7},"b":{},"f":{"1":7},"fnMap":{"1":{"name":"(anonymous_1)","line":20,"loc":{"start":{"line":20,"column":13},"end":{"line":20,"column":24}}}},"statementMap":{"1":{"start":{"line":8,"column":0},"end":{"line":57,"column":2}},"2":{"start":{"line":21,"column":8},"end":{"line":21,"column":19}}},"branchMap":{},"l":{"8":1,"21":7}},
"/Users/benjamin/projects/numbro/languages/tr-TR.js":{"path":"/Users/benjamin/projects/numbro/languages/tr-TR.js","s":{"1":1,"2":1,"3":26,"4":1,"5":25,"6":25,"7":25,"8":25},"b":{"1":[1,25],"2":[10,15],"3":[25,13,4]},"f":{},"fnMap":{},"statementMap":{"1":{"start":{"line":10,"column":0},"end":{"line":34,"column":2}},"2":{"start":{"line":36,"column":0},"end":{"line":94,"column":2}},"3":{"start":{"line":50,"column":8},"end":{"line":52,"column":9}},"4":{"start":{"line":51,"column":12},"end":{"line":51,"column":27}},"5":{"start":{"line":54,"column":8},"end":{"line":54,"column":28}},"6":{"start":{"line":55,"column":8},"end":{"line":55,"column":33}},"7":{"start":{"line":56,"column":8},"end":{"line":56,"column":43}},"8":{"start":{"line":58,"column":8},"end":{"line":58,"column":57}}},"branchMap":{"1":{"line":50,"type":"if","locations":[{"start":{"line":50,"column":8},"end":{"line":50,"column":8}},{"start":{"line":50,"column":8},"end":{"line":50,"column":8}}]},"2":{"line":56,"type":"cond-expr","locations":[{"start":{"line":56,"column":32},"end":{"line":56,"column":35}},{"start":{"line":56,"column":38},"end":{"line":56,"column":42}}]},"3":{"line":58,"type":"binary-expr","locations":[{"start":{"line":58,"column":15},"end":{"line":58,"column":26}},{"start":{"line":58,"column":30},"end":{"line":58,"column":41}},{"start":{"line":58,"column":45},"end":{"line":58,"column":56}}]}},"l":{"10":1,"36":1,"50":26,"51":1,"54":25,"55":25,"56":25,"58":25}},
"/Users/benjamin/projects/numbro/languages/uk-UA.js":{"path":"/Users/benjamin/projects/numbro/languages/uk-UA.js","s":{"1":1,"2":8},"b":{},"f":{},"fnMap":{},"statementMap":{"1":{"start":{"line":8,"column":0},"end":{"line":60,"column":2}},"2":{"start":{"line":24,"column":8},"end":{"line":24,"column":18}}},"branchMap":{},"l":{"8":1,"24":8}},
"/Users/benjamin/projects/numbro/languages/zh-CN.js":{"path":"/Users/benjamin/projects/numbro/languages/zh-CN.js","s":{"1":1,"2":7},"b":{},"f":{"1":7},"fnMap":{"1":{"name":"(anonymous_1)","line":20,"loc":{"start":{"line":20,"column":13},"end":{"line":20,"column":24}}}},"statementMap":{"1":{"start":{"line":8,"column":0},"end":{"line":54,"column":2}},"2":{"start":{"line":21,"column":8},"end":{"line":21,"column":19}}},"branchMap":{},"l":{"8":1,"21":7}},
"/Users/benjamin/projects/numbro/languages/zh-MO.js":{"path":"/Users/benjamin/projects/numbro/languages/zh-MO.js","s":{"1":1,"2":7},"b":{},"f":{"1":7},"fnMap":{"1":{"name":"(anonymous_1)","line":20,"loc":{"start":{"line":20,"column":13},"end":{"line":20,"column":24}}}},"statementMap":{"1":{"start":{"line":8,"column":0},"end":{"line":27,"column":2}},"2":{"start":{"line":21,"column":8},"end":{"line":21,"column":19}}},"branchMap":{},"l":{"8":1,"21":7}},
"/Users/benjamin/projects/numbro/languages/zh-SG.js":{"path":"/Users/benjamin/projects/numbro/languages/zh-SG.js","s":{"1":1,"2":7},"b":{},"f":{"1":7},"fnMap":{"1":{"name":"(anonymous_1)","line":20,"loc":{"start":{"line":20,"column":13},"end":{"line":20,"column":24}}}},"statementMap":{"1":{"start":{"line":8,"column":0},"end":{"line":27,"column":2}},"2":{"start":{"line":21,"column":8},"end":{"line":21,"column":19}}},"branchMap":{},"l":{"8":1,"21":7}},
"/Users/benjamin/projects/numbro/languages/zh-TW.js":{"path":"/Users/benjamin/projects/numbro/languages/zh-TW.js","s":{"1":1,"2":9},"b":{},"f":{"1":9},"fnMap":{"1":{"name":"(anonymous_1)","line":20,"loc":{"start":{"line":20,"column":13},"end":{"line":20,"column":24}}}},"statementMap":{"1":{"start":{"line":8,"column":0},"end":{"line":27,"column":2}},"2":{"start":{"line":21,"column":8},"end":{"line":21,"column":19}}},"branchMap":{},"l":{"8":1,"21":9}},
"/Users/benjamin/projects/numbro/src/validating.js":{"path":"/Users/benjamin/projects/numbro/src/validating.js","s":{"1":2,"2":2,"3":2,"4":2,"5":2,"6":2,"7":2,"8":2,"9":2,"10":1,"11":1626,"12":1455,"13":191,"14":190,"15":1186,"16":1,"17":2,"18":129,"19":1,"20":4,"21":4,"22":4,"23":1,"24":2,"25":2,"26":1,"27":2703,"28":9852,"29":3,"30":3,"31":9849,"32":9849,"33":9849,"34":4088,"35":9849,"36":461,"37":461,"38":1,"39":9388,"40":3,"41":3,"42":9845,"43":191,"44":191,"45":381,"46":381,"47":2,"48":2,"49":9843,"50":3,"51":3,"52":9840,"53":1,"54":1,"55":9839,"56":485,"57":485,"58":1,"59":9838,"60":2703,"61":2242,"62":32518,"63":32518,"64":14580,"65":32518,"66":3173,"67":3173,"68":1626,"69":3173,"70":1,"71":1,"72":32517,"73":2703,"74":42370,"75":1,"76":1626,"77":1,"78":131,"79":2},"b":{"1":[4,2],"2":[3,9849],"3":[4088,5761],"4":[461,9388],"5":[1,460],"6":[3,9385],"7":[191,9654],"8":[9845,191],"9":[2,379],"10":[3,9840],"11":[9843,2772],"12":[1,9839],"13":[9840,1289],"14":[485,9354],"15":[1,484],"16":[2242,461],"17":[14580,17938],"18":[3173,29345],"19":[1626,1547],"20":[1,3172],"21":[3173,1548],"22":[42370,42148]},"f":{"1":4,"2":2,"3":2703,"4":1626,"5":131},"fnMap":{"1":{"name":"validate","line":219,"loc":{"start":{"line":219,"column":0},"end":{"line":219,"column":33}}},"2":{"name":"validateInput","line":232,"loc":{"start":{"line":232,"column":0},"end":{"line":232,"column":30}}},"3":{"name":"validateSpec","line":247,"loc":{"start":{"line":247,"column":0},"end":{"line":247,"column":76}}},"4":{"name":"validateFormat","line":338,"loc":{"start":{"line":338,"column":0},"end":{"line":338,"column":32}}},"5":{"name":"validateLanguage","line":348,"loc":{"start":{"line":348,"column":0},"end":{"line":348,"column":36}}}},"statementMap":{"1":{"start":{"line":23,"column":0},"end":{"line":23,"column":44}},"2":{"start":{"line":26,"column":0},"end":{"line":26,"column":73}},"3":{"start":{"line":28,"column":0},"end":{"line":35,"column":2}},"4":{"start":{"line":37,"column":0},"end":{"line":42,"column":2}},"5":{"start":{"line":44,"column":0},"end":{"line":47,"column":2}},"6":{"start":{"line":49,"column":0},"end":{"line":70,"column":2}},"7":{"start":{"line":72,"column":0},"end":{"line":80,"column":2}},"8":{"start":{"line":82,"column":0},"end":{"line":86,"column":2}},"9":{"start":{"line":88,"column":0},"end":{"line":148,"column":2}},"10":{"start":{"line":96,"column":41},"end":{"line":96,"column":65}},"11":{"start":{"line":98,"column":31},"end":{"line":98,"column":55}},"12":{"start":{"line":102,"column":33},"end":{"line":102,"column":44}},"13":{"start":{"line":116,"column":41},"end":{"line":116,"column":52}},"14":{"start":{"line":120,"column":49},"end":{"line":120,"column":68}},"15":{"start":{"line":127,"column":33},"end":{"line":127,"column":44}},"16":{"start":{"line":145,"column":41},"end":{"line":145,"column":68}},"17":{"start":{"line":150,"column":0},"end":{"line":209,"column":2}},"18":{"start":{"line":155,"column":12},"end":{"line":155,"column":42}},"19":{"start":{"line":219,"column":0},"end":{"line":224,"column":1}},"20":{"start":{"line":220,"column":4},"end":{"line":220,"column":42}},"21":{"start":{"line":221,"column":4},"end":{"line":221,"column":47}},"22":{"start":{"line":223,"column":4},"end":{"line":223,"column":39}},"23":{"start":{"line":232,"column":0},"end":{"line":236,"column":1}},"24":{"start":{"line":233,"column":4},"end":{"line":233,"column":44}},"25":{"start":{"line":235,"column":4},"end":{"line":235,"column":19}},"26":{"start":{"line":247,"column":0},"end":{"line":330,"column":1}},"27":{"start":{"line":248,"column":4},"end":{"line":302,"column":7}},"28":{"start":{"line":249,"column":8},"end":{"line":252,"column":9}},"29":{"start":{"line":250,"column":12},"end":{"line":250,"column":59}},"30":{"start":{"line":251,"column":12},"end":{"line":251,"column":25}},"31":{"start":{"line":254,"column":8},"end":{"line":254,"column":36}},"32":{"start":{"line":255,"column":8},"end":{"line":255,"column":29}},"33":{"start":{"line":257,"column":8},"end":{"line":259,"column":9}},"34":{"start":{"line":258,"column":12},"end":{"line":258,"column":32}},"35":{"start":{"line":261,"column":8},"end":{"line":270,"column":9}},"36":{"start":{"line":262,"column":12},"end":{"line":262,"column":84}},"37":{"start":{"line":264,"column":12},"end":{"line":266,"column":13}},"38":{"start":{"line":265,"column":16},"end":{"line":265,"column":29}},"39":{"start":{"line":267,"column":15},"end":{"line":270,"column":9}},"40":{"start":{"line":268,"column":12},"end":{"line":268,"column":115}},"41":{"start":{"line":269,"column":12},"end":{"line":269,"column":25}},"42":{"start":{"line":272,"column":8},"end":{"line":281,"column":9}},"43":{"start":{"line":273,"column":12},"end":{"line":273,"column":50}},"44":{"start":{"line":274,"column":12},"end":{"line":280,"column":13}},"45":{"start":{"line":275,"column":16},"end":{"line":275,"column":66}},"46":{"start":{"line":276,"column":16},"end":{"line":279,"column":17}},"47":{"start":{"line":277,"column":20},"end":{"line":277,"column":80}},"48":{"start":{"line":278,"column":20},"end":{"line":278,"column":33}},"49":{"start":{"line":283,"column":8},"end":{"line":286,"column":9}},"50":{"start":{"line":284,"column":12},"end":{"line":284,"column":77}},"51":{"start":{"line":285,"column":12},"end":{"line":285,"column":25}},"52":{"start":{"line":288,"column":8},"end":{"line":291,"column":9}},"53":{"start":{"line":289,"column":12},"end":{"line":289,"column":132}},"54":{"start":{"line":290,"column":12},"end":{"line":290,"column":25}},"55":{"start":{"line":293,"column":8},"end":{"line":299,"column":9}},"56":{"start":{"line":294,"column":12},"end":{"line":294,"column":80}},"57":{"start":{"line":296,"column":12},"end":{"line":298,"column":13}},"58":{"start":{"line":297,"column":16},"end":{"line":297,"column":29}},"59":{"start":{"line":301,"column":8},"end":{"line":301,"column":20}},"60":{"start":{"line":304,"column":4},"end":{"line":325,"column":5}},"61":{"start":{"line":305,"column":8},"end":{"line":324,"column":12}},"62":{"start":{"line":306,"column":12},"end":{"line":306,"column":33}},"63":{"start":{"line":307,"column":12},"end":{"line":309,"column":13}},"64":{"start":{"line":308,"column":16},"end":{"line":308,"column":36}},"65":{"start":{"line":311,"column":12},"end":{"line":321,"column":13}},"66":{"start":{"line":312,"column":16},"end":{"line":312,"column":47}},"67":{"start":{"line":313,"column":16},"end":{"line":315,"column":17}},"68":{"start":{"line":314,"column":20},"end":{"line":314,"column":54}},"69":{"start":{"line":317,"column":16},"end":{"line":320,"column":17}},"70":{"start":{"line":318,"column":20},"end":{"line":318,"column":78}},"71":{"start":{"line":319,"column":20},"end":{"line":319,"column":33}},"72":{"start":{"line":323,"column":12},"end":{"line":323,"column":24}},"73":{"start":{"line":327,"column":4},"end":{"line":329,"column":13}},"74":{"start":{"line":328,"column":8},"end":{"line":328,"column":30}},"75":{"start":{"line":338,"column":0},"end":{"line":340,"column":1}},"76":{"start":{"line":339,"column":4},"end":{"line":339,"column":66}},"77":{"start":{"line":348,"column":0},"end":{"line":350,"column":1}},"78":{"start":{"line":349,"column":4},"end":{"line":349,"column":72}},"79":{"start":{"line":352,"column":0},"end":{"line":357,"column":2}}},"branchMap":{"1":{"line":223,"type":"binary-expr","locations":[{"start":{"line":223,"column":11},"end":{"line":223,"column":21}},{"start":{"line":223,"column":25},"end":{"line":223,"column":38}}]},"2":{"line":249,"type":"if","locations":[{"start":{"line":249,"column":8},"end":{"line":249,"column":8}},{"start":{"line":249,"column":8},"end":{"line":249,"column":8}}]},"3":{"line":257,"type":"if","locations":[{"start":{"line":257,"column":8},"end":{"line":257,"column":8}},{"start":{"line":257,"column":8},"end":{"line":257,"column":8}}]},"4":{"line":261,"type":"if","locations":[{"start":{"line":261,"column":8},"end":{"line":261,"column":8}},{"start":{"line":261,"column":8},"end":{"line":261,"column":8}}]},"5":{"line":264,"type":"if","locations":[{"start":{"line":264,"column":12},"end":{"line":264,"column":12}},{"start":{"line":264,"column":12},"end":{"line":264,"column":12}}]},"6":{"line":267,"type":"if","locations":[{"start":{"line":267,"column":15},"end":{"line":267,"column":15}},{"start":{"line":267,"column":15},"end":{"line":267,"column":15}}]},"7":{"line":272,"type":"if","locations":[{"start":{"line":272,"column":8},"end":{"line":272,"column":8}},{"start":{"line":272,"column":8},"end":{"line":272,"column":8}}]},"8":{"line":272,"type":"binary-expr","locations":[{"start":{"line":272,"column":12},"end":{"line":272,"column":29}},{"start":{"line":272,"column":33},"end":{"line":272,"column":57}}]},"9":{"line":276,"type":"if","locations":[{"start":{"line":276,"column":16},"end":{"line":276,"column":16}},{"start":{"line":276,"column":16},"end":{"line":276,"column":16}}]},"10":{"line":283,"type":"if","locations":[{"start":{"line":283,"column":8},"end":{"line":283,"column":8}},{"start":{"line":283,"column":8},"end":{"line":283,"column":8}}]},"11":{"line":283,"type":"binary-expr","locations":[{"start":{"line":283,"column":12},"end":{"line":283,"column":28}},{"start":{"line":283,"column":32},"end":{"line":283,"column":68}}]},"12":{"line":288,"type":"if","locations":[{"start":{"line":288,"column":8},"end":{"line":288,"column":8}},{"start":{"line":288,"column":8},"end":{"line":288,"column":8}}]},"13":{"line":288,"type":"binary-expr","locations":[{"start":{"line":288,"column":12},"end":{"line":288,"column":28}},{"start":{"line":288,"column":32},"end":{"line":288,"column":70}}]},"14":{"line":293,"type":"if","locations":[{"start":{"line":293,"column":8},"end":{"line":293,"column":8}},{"start":{"line":293,"column":8},"end":{"line":293,"column":8}}]},"15":{"line":296,"type":"if","locations":[{"start":{"line":296,"column":12},"end":{"line":296,"column":12}},{"start":{"line":296,"column":12},"end":{"line":296,"column":12}}]},"16":{"line":304,"type":"if","locations":[{"start":{"line":304,"column":4},"end":{"line":304,"column":4}},{"start":{"line":304,"column":4},"end":{"line":304,"column":4}}]},"17":{"line":307,"type":"if","locations":[{"start":{"line":307,"column":12},"end":{"line":307,"column":12}},{"start":{"line":307,"column":12},"end":{"line":307,"column":12}}]},"18":{"line":311,"type":"if","locations":[{"start":{"line":311,"column":12},"end":{"line":311,"column":12}},{"start":{"line":311,"column":12},"end":{"line":311,"column":12}}]},"19":{"line":313,"type":"if","locations":[{"start":{"line":313,"column":16},"end":{"line":313,"column":16}},{"start":{"line":313,"column":16},"end":{"line":313,"column":16}}]},"20":{"line":317,"type":"if","locations":[{"start":{"line":317,"column":16},"end":{"line":317,"column":16}},{"start":{"line":317,"column":16},"end":{"line":317,"column":16}}]},"21":{"line":317,"type":"binary-expr","locations":[{"start":{"line":317,"column":20},"end":{"line":317,"column":29}},{"start":{"line":317,"column":33},"end":{"line":317,"column":62}}]},"22":{"line":328,"type":"binary-expr","locations":[{"start":{"line":328,"column":15},"end":{"line":328,"column":18}},{"start":{"line":328,"column":22},"end":{"line":328,"column":29}}]}},"l":{"23":2,"26":2,"28":2,"37":2,"44":2,"49":2,"72":2,"82":2,"88":2,"96":1,"98":1626,"102":1455,"116":191,"120":190,"127":1186,"145":1,"150":2,"155":129,"219":1,"220":4,"221":4,"223":4,"232":1,"233":2,"235":2,"247":1,"248":2703,"249":9852,"250":3,"251":3,"254":9849,"255":9849,"257":9849,"258":4088,"261":9849,"262":461,"264":461,"265":1,"267":9388,"268":3,"269":3,"272":9845,"273":191,"274":191,"275":381,"276":381,"277":2,"278":2,"283":9843,"284":3,"285":3,"288":9840,"289":1,"290":1,"293":9839,"294":485,"296":485,"297":1,"301":9838,"304":2703,"305":2242,"306":32518,"307":32518,"308":14580,"311":32518,"312":3173,"313":3173,"314":1626,"317":3173,"318":1,"319":1,"323":32517,"327":2703,"328":42370,"338":1,"339":1626,"348":1,"349":131,"352":2}},
"/Users/benjamin/projects/numbro/src/unformatting.js":{"path":"/Users/benjamin/projects/numbro/src/unformatting.js","s":{"1":2,"2":1,"3":678,"4":1,"5":998,"6":532,"7":466,"8":466,"9":466,"10":125,"11":341,"12":5584,"13":5584,"14":5584,"15":24,"16":317,"17":317,"18":63,"19":254,"20":254,"21":2,"22":252,"23":252,"24":143,"25":143,"26":53,"27":199,"28":199,"29":796,"30":199,"31":199,"32":199,"33":452,"34":452,"35":452,"36":452,"37":198,"38":198,"39":123,"40":123,"41":72,"42":72,"43":1,"44":1,"45":2,"46":2,"47":198,"48":1,"49":1,"50":535,"51":535,"52":535,"53":535,"54":1,"55":571,"56":1,"57":570,"58":33,"59":537,"60":2,"61":535,"62":535,"63":1,"64":601,"65":601,"66":1,"67":600,"68":600,"69":535,"70":65,"71":65,"72":65,"73":65,"74":1,"75":66,"76":66,"77":66,"78":66,"79":66,"80":1,"81":609,"82":609,"83":609,"84":609,"85":609,"86":609,"87":609,"88":609,"89":597,"90":63,"91":534,"92":12,"93":7,"94":5,"95":604,"96":3,"97":601,"98":2},"b":{"1":[532,466],"2":[125,341],"3":[24,5560],"4":[63,254],"5":[2,252],"6":[143,109],"7":[252,237],"8":[53,90],"9":[198,254],"10":[123,72,1,2],"11":[1,570],"12":[33,537],"13":[2,535],"14":[601,601],"15":[1,600],"16":[535,65],"17":[65,65,64],"18":[597,12],"19":[63,534],"20":[7,5],"21":[3,601]},"f":{"1":678,"2":998,"3":535,"4":571,"5":601,"6":66,"7":609},"fnMap":{"1":{"name":"escapeRegExp","line":49,"loc":{"start":{"line":49,"column":0},"end":{"line":49,"column":25}}},"2":{"name":"computeUnformattedValue","line":65,"loc":{"start":{"line":65,"column":0},"end":{"line":65,"column":123}}},"3":{"name":"removeFormattingSymbols","line":161,"loc":{"start":{"line":161,"column":0},"end":{"line":161,"column":79}}},"4":{"name":"unformatValue","line":189,"loc":{"start":{"line":189,"column":0},"end":{"line":189,"column":113}}},"5":{"name":"matchesTime","line":215,"loc":{"start":{"line":215,"column":0},"end":{"line":215,"column":46}}},"6":{"name":"unformatTime","line":240,"loc":{"start":{"line":240,"column":0},"end":{"line":240,"column":35}}},"7":{"name":"unformat","line":257,"loc":{"start":{"line":257,"column":0},"end":{"line":257,"column":39}}}},"statementMap":{"1":{"start":{"line":23,"column":0},"end":{"line":41,"column":2}},"2":{"start":{"line":49,"column":0},"end":{"line":51,"column":1}},"3":{"start":{"line":50,"column":4},"end":{"line":50,"column":54}},"4":{"start":{"line":65,"column":0},"end":{"line":151,"column":1}},"5":{"start":{"line":66,"column":4},"end":{"line":68,"column":5}},"6":{"start":{"line":67,"column":8},"end":{"line":67,"column":28}},"7":{"start":{"line":70,"column":4},"end":{"line":70,"column":22}},"8":{"start":{"line":73,"column":4},"end":{"line":73,"column":77}},"9":{"start":{"line":75,"column":4},"end":{"line":77,"column":5}},"10":{"start":{"line":76,"column":8},"end":{"line":76,"column":126}},"11":{"start":{"line":81,"column":4},"end":{"line":88,"column":5}},"12":{"start":{"line":82,"column":8},"end":{"line":82,"column":36}},"13":{"start":{"line":83,"column":8},"end":{"line":83,"column":55}},"14":{"start":{"line":85,"column":8},"end":{"line":87,"column":9}},"15":{"start":{"line":86,"column":12},"end":{"line":86,"column":141}},"16":{"start":{"line":92,"column":4},"end":{"line":92,"column":44}},"17":{"start":{"line":94,"column":4},"end":{"line":96,"column":5}},"18":{"start":{"line":95,"column":8},"end":{"line":95,"column":127}},"19":{"start":{"line":100,"column":4},"end":{"line":100,"column":55}},"20":{"start":{"line":102,"column":4},"end":{"line":104,"column":5}},"21":{"start":{"line":103,"column":8},"end":{"line":103,"column":25}},"22":{"start":{"line":106,"column":4},"end":{"line":106,"column":54}},"23":{"start":{"line":107,"column":4},"end":{"line":113,"column":5}},"24":{"start":{"line":108,"column":8},"end":{"line":108,"column":90}},"25":{"start":{"line":110,"column":8},"end":{"line":112,"column":9}},"26":{"start":{"line":111,"column":12},"end":{"line":111,"column":125}},"27":{"start":{"line":117,"column":4},"end":{"line":117,"column":35}},"28":{"start":{"line":118,"column":4},"end":{"line":120,"column":7}},"29":{"start":{"line":119,"column":8},"end":{"line":119,"column":56}},"30":{"start":{"line":122,"column":4},"end":{"line":122,"column":81}},"31":{"start":{"line":123,"column":4},"end":{"line":123,"column":58}},"32":{"start":{"line":125,"column":4},"end":{"line":148,"column":5}},"33":{"start":{"line":126,"column":8},"end":{"line":126,"column":42}},"34":{"start":{"line":127,"column":8},"end":{"line":127,"column":47}},"35":{"start":{"line":129,"column":8},"end":{"line":129,"column":50}},"36":{"start":{"line":130,"column":8},"end":{"line":147,"column":9}},"37":{"start":{"line":131,"column":12},"end":{"line":131,"column":35}},"38":{"start":{"line":132,"column":12},"end":{"line":145,"column":13}},"39":{"start":{"line":134,"column":20},"end":{"line":134,"column":45}},"40":{"start":{"line":135,"column":20},"end":{"line":135,"column":26}},"41":{"start":{"line":137,"column":20},"end":{"line":137,"column":45}},"42":{"start":{"line":138,"column":20},"end":{"line":138,"column":26}},"43":{"start":{"line":140,"column":20},"end":{"line":140,"column":45}},"44":{"start":{"line":141,"column":20},"end":{"line":141,"column":26}},"45":{"start":{"line":143,"column":20},"end":{"line":143,"column":46}},"46":{"start":{"line":144,"column":20},"end":{"line":144,"column":26}},"47":{"start":{"line":146,"column":12},"end":{"line":146,"column":134}},"48":{"start":{"line":150,"column":4},"end":{"line":150,"column":21}},"49":{"start":{"line":161,"column":0},"end":{"line":175,"column":1}},"50":{"start":{"line":164,"column":4},"end":{"line":164,"column":59}},"51":{"start":{"line":168,"column":4},"end":{"line":168,"column":112}},"52":{"start":{"line":172,"column":4},"end":{"line":172,"column":57}},"53":{"start":{"line":174,"column":4},"end":{"line":174,"column":20}},"54":{"start":{"line":189,"column":0},"end":{"line":206,"column":1}},"55":{"start":{"line":190,"column":4},"end":{"line":192,"column":5}},"56":{"start":{"line":191,"column":8},"end":{"line":191,"column":25}},"57":{"start":{"line":194,"column":4},"end":{"line":196,"column":5}},"58":{"start":{"line":195,"column":8},"end":{"line":195,"column":28}},"59":{"start":{"line":200,"column":4},"end":{"line":202,"column":5}},"60":{"start":{"line":201,"column":8},"end":{"line":201,"column":17}},"61":{"start":{"line":204,"column":4},"end":{"line":204,"column":81}},"62":{"start":{"line":205,"column":4},"end":{"line":205,"column":114}},"63":{"start":{"line":215,"column":0},"end":{"line":232,"column":1}},"64":{"start":{"line":216,"column":4},"end":{"line":216,"column":78}},"65":{"start":{"line":218,"column":4},"end":{"line":220,"column":5}},"66":{"start":{"line":219,"column":8},"end":{"line":219,"column":21}},"67":{"start":{"line":222,"column":4},"end":{"line":222,"column":42}},"68":{"start":{"line":223,"column":4},"end":{"line":225,"column":5}},"69":{"start":{"line":224,"column":8},"end":{"line":224,"column":21}},"70":{"start":{"line":227,"column":4},"end":{"line":227,"column":29}},"71":{"start":{"line":228,"column":4},"end":{"line":228,"column":31}},"72":{"start":{"line":229,"column":4},"end":{"line":229,"column":31}},"73":{"start":{"line":231,"column":4},"end":{"line":231,"column":63}},"74":{"start":{"line":240,"column":0},"end":{"line":248,"column":1}},"75":{"start":{"line":241,"column":4},"end":{"line":241,"column":42}},"76":{"start":{"line":243,"column":4},"end":{"line":243,"column":29}},"77":{"start":{"line":244,"column":4},"end":{"line":244,"column":31}},"78":{"start":{"line":245,"column":4},"end":{"line":245,"column":31}},"79":{"start":{"line":247,"column":4},"end":{"line":247,"column":49}},"80":{"start":{"line":257,"column":0},"end":{"line":286,"column":1}},"81":{"start":{"line":259,"column":4},"end":{"line":259,"column":49}},"82":{"start":{"line":261,"column":4},"end":{"line":261,"column":53}},"83":{"start":{"line":262,"column":4},"end":{"line":262,"column":62}},"84":{"start":{"line":263,"column":4},"end":{"line":263,"column":47}},"85":{"start":{"line":264,"column":4},"end":{"line":264,"column":49}},"86":{"start":{"line":265,"column":4},"end":{"line":265,"column":59}},"87":{"start":{"line":267,"column":4},"end":{"line":267,"column":26}},"88":{"start":{"line":269,"column":4},"end":{"line":279,"column":5}},"89":{"start":{"line":270,"column":8},"end":{"line":274,"column":9}},"90":{"start":{"line":271,"column":12},"end":{"line":271,"column":46}},"91":{"start":{"line":273,"column":12},"end":{"line":273,"column":119}},"92":{"start":{"line":275,"column":11},"end":{"line":279,"column":5}},"93":{"start":{"line":276,"column":8},"end":{"line":276,"column":28}},"94":{"start":{"line":278,"column":8},"end":{"line":278,"column":25}},"95":{"start":{"line":281,"column":4},"end":{"line":283,"column":5}},"96":{"start":{"line":282,"column":8},"end":{"line":282,"column":25}},"97":{"start":{"line":285,"column":4},"end":{"line":285,"column":17}},"98":{"start":{"line":288,"column":0},"end":{"line":290,"column":2}}},"branchMap":{"1":{"line":66,"type":"if","locations":[{"start":{"line":66,"column":4},"end":{"line":66,"column":4}},{"start":{"line":66,"column":4},"end":{"line":66,"column":4}}]},"2":{"line":75,"type":"if","locations":[{"start":{"line":75,"column":4},"end":{"line":75,"column":4}},{"start":{"line":75,"column":4},"end":{"line":75,"column":4}}]},"3":{"line":85,"type":"if","locations":[{"start":{"line":85,"column":8},"end":{"line":85,"column":8}},{"start":{"line":85,"column":8},"end":{"line":85,"column":8}}]},"4":{"line":94,"type":"if","locations":[{"start":{"line":94,"column":4},"end":{"line":94,"column":4}},{"start":{"line":94,"column":4},"end":{"line":94,"column":4}}]},"5":{"line":102,"type":"if","locations":[{"start":{"line":102,"column":4},"end":{"line":102,"column":4}},{"start":{"line":102,"column":4},"end":{"line":102,"column":4}}]},"6":{"line":107,"type":"if","locations":[{"start":{"line":107,"column":4},"end":{"line":107,"column":4}},{"start":{"line":107,"column":4},"end":{"line":107,"column":4}}]},"7":{"line":107,"type":"binary-expr","locations":[{"start":{"line":107,"column":8},"end":{"line":107,"column":21}},{"start":{"line":107,"column":25},"end":{"line":107,"column":46}}]},"8":{"line":110,"type":"if","locations":[{"start":{"line":110,"column":8},"end":{"line":110,"column":8}},{"start":{"line":110,"column":8},"end":{"line":110,"column":8}}]},"9":{"line":130,"type":"if","locations":[{"start":{"line":130,"column":8},"end":{"line":130,"column":8}},{"start":{"line":130,"column":8},"end":{"line":130,"column":8}}]},"10":{"line":132,"type":"switch","locations":[{"start":{"line":133,"column":16},"end":{"line":135,"column":26}},{"start":{"line":136,"column":16},"end":{"line":138,"column":26}},{"start":{"line":139,"column":16},"end":{"line":141,"column":26}},{"start":{"line":142,"column":16},"end":{"line":144,"column":26}}]},"11":{"line":190,"type":"if","locations":[{"start":{"line":190,"column":4},"end":{"line":190,"column":4}},{"start":{"line":190,"column":4},"end":{"line":190,"column":4}}]},"12":{"line":194,"type":"if","locations":[{"start":{"line":194,"column":4},"end":{"line":194,"column":4}},{"start":{"line":194,"column":4},"end":{"line":194,"column":4}}]},"13":{"line":200,"type":"if","locations":[{"start":{"line":200,"column":4},"end":{"line":200,"column":4}},{"start":{"line":200,"column":4},"end":{"line":200,"column":4}}]},"14":{"line":216,"type":"binary-expr","locations":[{"start":{"line":216,"column":21},"end":{"line":216,"column":45}},{"start":{"line":216,"column":49},"end":{"line":216,"column":77}}]},"15":{"line":218,"type":"if","locations":[{"start":{"line":218,"column":4},"end":{"line":218,"column":4}},{"start":{"line":218,"column":4},"end":{"line":218,"column":4}}]},"16":{"line":223,"type":"if","locations":[{"start":{"line":223,"column":4},"end":{"line":223,"column":4}},{"start":{"line":223,"column":4},"end":{"line":223,"column":4}}]},"17":{"line":231,"type":"binary-expr","locations":[{"start":{"line":231,"column":11},"end":{"line":231,"column":24}},{"start":{"line":231,"column":28},"end":{"line":231,"column":43}},{"start":{"line":231,"column":47},"end":{"line":231,"column":62}}]},"18":{"line":269,"type":"if","locations":[{"start":{"line":269,"column":4},"end":{"line":269,"column":4}},{"start":{"line":269,"column":4},"end":{"line":269,"column":4}}]},"19":{"line":270,"type":"if","locations":[{"start":{"line":270,"column":8},"end":{"line":270,"column":8}},{"start":{"line":270,"column":8},"end":{"line":270,"column":8}}]},"20":{"line":275,"type":"if","locations":[{"start":{"line":275,"column":11},"end":{"line":275,"column":11}},{"start":{"line":275,"column":11},"end":{"line":275,"column":11}}]},"21":{"line":281,"type":"if","locations":[{"start":{"line":281,"column":4},"end":{"line":281,"column":4}},{"start":{"line":281,"column":4},"end":{"line":281,"column":4}}]}},"l":{"23":2,"49":1,"50":678,"65":1,"66":998,"67":532,"70":466,"73":466,"75":466,"76":125,"81":341,"82":5584,"83":5584,"85":5584,"86":24,"92":317,"94":317,"95":63,"100":254,"102":254,"103":2,"106":252,"107":252,"108":143,"110":143,"111":53,"117":199,"118":199,"119":796,"122":199,"123":199,"125":199,"126":452,"127":452,"129":452,"130":452,"131":198,"132":198,"134":123,"135":123,"137":72,"138":72,"140":1,"141":1,"143":2,"144":2,"146":198,"150":1,"161":1,"164":535,"168":535,"172":535,"174":535,"189":1,"190":571,"191":1,"194":570,"195":33,"200":537,"201":2,"204":535,"205":535,"215":1,"216":601,"218":601,"219":1,"222":600,"223":600,"224":535,"227":65,"228":65,"229":65,"231":65,"240":1,"241":66,"243":66,"244":66,"245":66,"247":66,"257":1,"259":609,"261":609,"262":609,"263":609,"264":609,"265":609,"267":609,"269":609,"270":597,"271":63,"273":534,"275":12,"276":7,"278":5,"281":604,"282":3,"285":601,"288":2}},
"/Users/benjamin/projects/numbro/src/numbro.js":{"path":"/Users/benjamin/projects/numbro/src/numbro.js","s":{"1":2,"2":2,"3":2,"4":2,"5":2,"6":2,"7":2,"8":1792,"9":1,"10":1530,"11":2,"12":2,"13":2,"14":1,"15":1,"16":1,"17":1,"18":1,"19":1,"20":1,"21":1,"22":1,"23":1,"24":1,"25":1,"26":1,"27":1,"28":1796,"29":1796,"30":1,"31":1795,"32":1,"33":1794,"34":2,"35":1796,"36":1,"37":1793,"38":2,"39":2,"40":1795,"41":2,"42":2,"43":2,"44":2,"45":2,"46":2,"47":2,"48":2,"49":2,"50":2,"51":2,"52":2,"53":2},"b":{"1":[1,1795],"2":[1,1794],"3":[2,1792]},"f":{"1":1792,"2":1,"3":1530,"4":2,"5":1,"6":1,"7":1,"8":1,"9":1,"10":1,"11":1,"12":1,"13":1,"14":1,"15":1,"16":1,"17":1796,"18":1793,"19":1795},"fnMap":{"1":{"name":"(anonymous_1)","line":33,"loc":{"start":{"line":33,"column":15},"end":{"line":33,"column":24}}},"2":{"name":"(anonymous_2)","line":37,"loc":{"start":{"line":37,"column":9},"end":{"line":37,"column":12}}},"3":{"name":"(anonymous_3)","line":39,"loc":{"start":{"line":39,"column":10},"end":{"line":39,"column":24}}},"4":{"name":"(anonymous_4)","line":41,"loc":{"start":{"line":41,"column":18},"end":{"line":41,"column":27}}},"5":{"name":"(anonymous_5)","line":47,"loc":{"start":{"line":47,"column":14},"end":{"line":47,"column":28}}},"6":{"name":"(anonymous_6)","line":52,"loc":{"start":{"line":52,"column":19},"end":{"line":52,"column":22}}},"7":{"name":"(anonymous_7)","line":54,"loc":{"start":{"line":54,"column":20},"end":{"line":54,"column":23}}},"8":{"name":"(anonymous_8)","line":56,"loc":{"start":{"line":56,"column":13},"end":{"line":56,"column":16}}},"9":{"name":"(anonymous_9)","line":58,"loc":{"start":{"line":58,"column":14},"end":{"line":58,"column":22}}},"10":{"name":"(anonymous_10)","line":60,"loc":{"start":{"line":60,"column":7},"end":{"line":60,"column":15}}},"11":{"name":"(anonymous_11)","line":62,"loc":{"start":{"line":62,"column":12},"end":{"line":62,"column":20}}},"12":{"name":"(anonymous_12)","line":64,"loc":{"start":{"line":64,"column":12},"end":{"line":64,"column":20}}},"13":{"name":"(anonymous_13)","line":66,"loc":{"start":{"line":66,"column":10},"end":{"line":66,"column":18}}},"14":{"name":"(anonymous_14)","line":68,"loc":{"start":{"line":68,"column":7},"end":{"line":68,"column":15}}},"15":{"name":"(anonymous_15)","line":70,"loc":{"start":{"line":70,"column":9},"end":{"line":70,"column":12}}},"16":{"name":"(anonymous_16)","line":72,"loc":{"start":{"line":72,"column":11},"end":{"line":72,"column":14}}},"17":{"name":"normalizeInput","line":81,"loc":{"start":{"line":81,"column":0},"end":{"line":81,"column":31}}},"18":{"name":"numbro","line":94,"loc":{"start":{"line":94,"column":0},"end":{"line":94,"column":23}}},"19":{"name":"(anonymous_19)","line":100,"loc":{"start":{"line":100,"column":18},"end":{"line":100,"column":35}}}},"statementMap":{"1":{"start":{"line":23,"column":0},"end":{"line":23,"column":24}},"2":{"start":{"line":25,"column":0},"end":{"line":25,"column":45}},"3":{"start":{"line":26,"column":0},"end":{"line":26,"column":42}},"4":{"start":{"line":27,"column":0},"end":{"line":27,"column":44}},"5":{"start":{"line":28,"column":0},"end":{"line":28,"column":46}},"6":{"start":{"line":29,"column":0},"end":{"line":29,"column":48}},"7":{"start":{"line":30,"column":0},"end":{"line":30,"column":51}},"8":{"start":{"line":34,"column":8},"end":{"line":34,"column":29}},"9":{"start":{"line":37,"column":14},"end":{"line":37,"column":41}},"10":{"start":{"line":39,"column":26},"end":{"line":39,"column":64}},"11":{"start":{"line":42,"column":8},"end":{"line":42,"column":95}},"12":{"start":{"line":43,"column":8},"end":{"line":43,"column":35}},"13":{"start":{"line":44,"column":8},"end":{"line":44,"column":46}},"14":{"start":{"line":48,"column":8},"end":{"line":48,"column":31}},"15":{"start":{"line":49,"column":8},"end":{"line":49,"column":46}},"16":{"start":{"line":52,"column":24},"end":{"line":52,"column":65}},"17":{"start":{"line":54,"column":25},"end":{"line":54,"column":67}},"18":{"start":{"line":56,"column":18},"end":{"line":56,"column":53}},"19":{"start":{"line":58,"column":24},"end":{"line":58,"column":66}},"20":{"start":{"line":60,"column":17},"end":{"line":60,"column":52}},"21":{"start":{"line":62,"column":22},"end":{"line":62,"column":62}},"22":{"start":{"line":64,"column":22},"end":{"line":64,"column":62}},"23":{"start":{"line":66,"column":20},"end":{"line":66,"column":58}},"24":{"start":{"line":68,"column":17},"end":{"line":68,"column":68}},"25":{"start":{"line":70,"column":14},"end":{"line":70,"column":33}},"26":{"start":{"line":72,"column":16},"end":{"line":72,"column":35}},"27":{"start":{"line":81,"column":0},"end":{"line":92,"column":1}},"28":{"start":{"line":82,"column":4},"end":{"line":82,"column":23}},"29":{"start":{"line":83,"column":4},"end":{"line":89,"column":5}},"30":{"start":{"line":84,"column":8},"end":{"line":84,"column":30}},"31":{"start":{"line":85,"column":11},"end":{"line":89,"column":5}},"32":{"start":{"line":86,"column":8},"end":{"line":86,"column":40}},"33":{"start":{"line":87,"column":11},"end":{"line":89,"column":5}},"34":{"start":{"line":88,"column":8},"end":{"line":88,"column":21}},"35":{"start":{"line":91,"column":4},"end":{"line":91,"column":18}},"36":{"start":{"line":94,"column":0},"end":{"line":96,"column":1}},"37":{"start":{"line":95,"column":4},"end":{"line":95,"column":45}},"38":{"start":{"line":98,"column":0},"end":{"line":98,"column":25}},"39":{"start":{"line":100,"column":0},"end":{"line":102,"column":2}},"40":{"start":{"line":101,"column":4},"end":{"line":101,"column":36}},"41":{"start":{"line":108,"column":0},"end":{"line":108,"column":46}},"42":{"start":{"line":109,"column":0},"end":{"line":109,"column":55}},"43":{"start":{"line":110,"column":0},"end":{"line":110,"column":45}},"44":{"start":{"line":111,"column":0},"end":{"line":111,"column":41}},"45":{"start":{"line":112,"column":0},"end":{"line":112,"column":47}},"46":{"start":{"line":113,"column":0},"end":{"line":113,"column":46}},"47":{"start":{"line":114,"column":0},"end":{"line":114,"column":51}},"48":{"start":{"line":115,"column":0},"end":{"line":115,"column":45}},"49":{"start":{"line":116,"column":0},"end":{"line":116,"column":72}},"50":{"start":{"line":117,"column":0},"end":{"line":117,"column":37}},"51":{"start":{"line":118,"column":0},"end":{"line":118,"column":56}},"52":{"start":{"line":119,"column":0},"end":{"line":119,"column":39}},"53":{"start":{"line":121,"column":0},"end":{"line":121,"column":24}}},"branchMap":{"1":{"line":83,"type":"if","locations":[{"start":{"line":83,"column":4},"end":{"line":83,"column":4}},{"start":{"line":83,"column":4},"end":{"line":83,"column":4}}]},"2":{"line":85,"type":"if","locations":[{"start":{"line":85,"column":11},"end":{"line":85,"column":11}},{"start":{"line":85,"column":11},"end":{"line":85,"column":11}}]},"3":{"line":87,"type":"if","locations":[{"start":{"line":87,"column":11},"end":{"line":87,"column":11}},{"start":{"line":87,"column":11},"end":{"line":87,"column":11}}]}},"l":{"23":2,"25":2,"26":2,"27":2,"28":2,"29":2,"30":2,"34":1792,"37":1,"39":1530,"42":2,"43":2,"44":2,"48":1,"49":1,"52":1,"54":1,"56":1,"58":1,"60":1,"62":1,"64":1,"66":1,"68":1,"70":1,"72":1,"81":1,"82":1796,"83":1796,"84":1,"85":1795,"86":1,"87":1794,"88":2,"91":1796,"94":1,"95":1793,"98":2,"100":2,"101":1795,"108":2,"109":2,"110":2,"111":2,"112":2,"113":2,"114":2,"115":2,"116":2,"117":2,"118":2,"119":2,"121":2}},
[...]
olumn":8},"end":{"line":304,"column":8}}]},"23":{"line":304,"type":"binary-expr","locations":[{"start":{"line":304,"column":12},"end":{"line":304,"column":31}},{"start":{"line":304,"column":35},"end":{"line":304,"column":62}}]},"24":{"line":311,"type":"if","locations":[{"start":{"line":311,"column":4},"end":{"line":311,"column":4}},{"start":{"line":311,"column":4},"end":{"line":311,"column":4}}]},"25":{"line":311,"type":"binary-expr","locations":[{"start":{"line":311,"column":8},"end":{"line":311,"column":33}},{"start":{"line":311,"column":37},"end":{"line":311,"column":75}}]},"26":{"line":312,"type":"cond-expr","locations":[{"start":{"line":312,"column":26},"end":{"line":312,"column":28}},{"start":{"line":312,"column":31},"end":{"line":312,"column":36}}]},"27":{"line":335,"type":"if","locations":[{"start":{"line":335,"column":4},"end":{"line":335,"column":4}},{"start":{"line":335,"column":4},"end":{"line":335,"column":4}}]},"28":{"line":335,"type":"binary-expr","locations":[{"start":{"line":335,"column":9},"end":{"line":335,"column":32}},{"start":{"line":335,"column":36},"end":{"line":335,"column":49}},{"start":{"line":335,"column":55},"end":{"line":335,"column":82}}]},"29":{"line":339,"type":"if","locations":[{"start":{"line":339,"column":11},"end":{"line":339,"column":11}},{"start":{"line":339,"column":11},"end":{"line":339,"column":11}}]},"30":{"line":339,"type":"binary-expr","locations":[{"start":{"line":339,"column":16},"end":{"line":339,"column":38}},{"start":{"line":339,"column":42},"end":{"line":339,"column":64}},{"start":{"line":339,"column":68},"end":{"line":339,"column":81}},{"start":{"line":339,"column":87},"end":{"line":339,"column":113}}]},"31":{"line":343,"type":"if","locations":[{"start":{"line":343,"column":11},"end":{"line":343,"column":11}},{"start":{"line":343,"column":11},"end":{"line":343,"column":11}}]},"32":{"line":343,"type":"binary-expr","locations":[{"start":{"line":343,"column":16},"end":{"line":343,"column":37}},{"start":{"line":343,"column":41},"end":{"line":343,"column":63}},{"start":{"line":343,"column":67},"end":{"line":343,"column":80}},{"start":{"line":343,"column":86},"end":{"line":343,"column":112}}]},"33":{"line":347,"type":"if","locations":[{"start":{"line":347,"column":11},"end":{"line":347,"column":11}},{"start":{"line":347,"column":11},"end":{"line":347,"column":11}}]},"34":{"line":347,"type":"binary-expr","locations":[{"start":{"line":347,"column":16},"end":{"line":347,"column":37}},{"start":{"line":347,"column":41},"end":{"line":347,"column":63}},{"start":{"line":347,"column":67},"end":{"line":347,"column":80}},{"start":{"line":347,"column":86},"end":{"line":347,"column":113}}]},"35":{"line":353,"type":"cond-expr","locations":[{"start":{"line":353,"column":41},"end":{"line":353,"column":44}},{"start":{"line":353,"column":47},"end":{"line":353,"column":49}}]},"36":{"line":355,"type":"if","locations":[{"start":{"line":355,"column":4},"end":{"line":355,"column":4}},{"start":{"line":355,"column":4},"end":{"line":355,"column":4}}]},"37":{"line":359,"type":"if","locations":[{"start":{"line":359,"column":4},"end":{"line":359,"column":4}},{"start":{"line":359,"column":4},"end":{"line":359,"column":4}}]},"38":{"line":378,"type":"if","locations":[{"start":{"line":378,"column":4},"end":{"line":378,"column":4}},{"start":{"line":378,"column":4},"end":{"line":378,"column":4}}]},"39":{"line":387,"type":"if","locations":[{"start":{"line":387,"column":4},"end":{"line":387,"column":4}},{"start":{"line":387,"column":4},"end":{"line":387,"column":4}}]},"40":{"line":390,"type":"cond-expr","locations":[{"start":{"line":390,"column":41},"end":{"line":390,"column":58}},{"start":{"line":390,"column":61},"end":{"line":390,"column":72}}]},"41":{"line":429,"type":"if","locations":[{"start":{"line":429,"column":4},"end":{"line":429,"column":4}},{"start":{"line":429,"column":4},"end":{"line":429,"column":4}}]},"42":{"line":434,"type":"if","locations":[{"start":{"line":434,"column":8},"end":{"line":434,"column":8}},{"start":{"line":434,"column":8},"end":{"line":434,"column":8}}]},"43":{"line":441,"type":"if","locations":[{"start":{"line":441,"column":8},"end":{"line":441,"column":8}},{"start":{"line":441,"column":8},"end":{"line":441,"column":8}}]},"44":{"line":447,"type":"if","locations":[{"start":{"line":447,"column":4},"end":{"line":447,"column":4}},{"start":{"line":447,"column":4},"end":{"line":447,"column":4}}]},"45":{"line":447,"type":"binary-expr","locations":[{"start":{"line":447,"column":8},"end":{"line":447,"column":16}},{"start":{"line":447,"column":20},"end":{"line":447,"column":33}}]},"46":{"line":462,"type":"if","locations":[{"start":{"line":462,"column":4},"end":{"line":462,"column":4}},{"start":{"line":462,"column":4},"end":{"line":462,"column":4}}]},"47":{"line":479,"type":"if","locations":[{"start":{"line":479,"column":4},"end":{"line":479,"column":4}},{"start":{"line":479,"column":4},"end":{"line":479,"column":4}}]},"48":{"line":486,"type":"if","locations":[{"start":{"line":486,"column":4},"end":{"line":486,"column":4}},{"start":{"line":486,"column":4},"end":{"line":486,"column":4}}]},"49":{"line":486,"type":"binary-expr","locations":[{"start":{"line":486,"column":8},"end":{"line":486,"column":37}},{"start":{"line":486,"column":41},"end":{"line":486,"column":57}}]},"50":{"line":506,"type":"if","locations":[{"start":{"line":506,"column":4},"end":{"line":506,"column":4}},{"start":{"line":506,"column":4},"end":{"line":506,"column":4}}]},"51":{"line":506,"type":"binary-expr","locations":[{"start":{"line":506,"column":8},"end":{"line":506,"column":44}},{"start":{"line":506,"column":48},"end":{"line":506,"column":70}}]},"52":{"line":507,"type":"if","locations":[{"start":{"line":507,"column":8},"end":{"line":507,"column":8}},{"start":{"line":507,"column":8},"end":{"line":507,"column":8}}]},"53":{"line":514,"type":"if","locations":[{"start":{"line":514,"column":4},"end":{"line":514,"column":4}},{"start":{"line":514,"column":4},"end":{"line":514,"column":4}}]},"54":{"line":537,"type":"if","locations":[{"start":{"line":537,"column":8},"end":{"line":537,"column":8}},{"start":{"line":537,"column":8},"end":{"line":537,"column":8}}]},"55":{"line":561,"type":"binary-expr","locations":[{"start":{"line":561,"column":23},"end":{"line":561,"column":39}},{"start":{"line":561,"column":43},"end":{"line":561,"column":61}}]},"56":{"line":562,"type":"binary-expr","locations":[{"start":{"line":562,"column":24},"end":{"line":562,"column":48}},{"start":{"line":562,"column":52},"end":{"line":562,"column":53}}]},"57":{"line":568,"type":"if","locations":[{"start":{"line":568,"column":4},"end":{"line":568,"column":4}},{"start":{"line":568,"column":4},"end":{"line":568,"column":4}}]},"58":{"line":569,"type":"if","locations":[{"start":{"line":569,"column":8},"end":{"line":569,"column":8}},{"start":{"line":569,"column":8},"end":{"line":569,"column":8}}]},"59":{"line":579,"type":"if","locations":[{"start":{"line":579,"column":8},"end":{"line":579,"column":8}},{"start":{"line":579,"column":8},"end":{"line":579,"column":8}}]},"60":{"line":585,"type":"if","locations":[{"start":{"line":585,"column":4},"end":{"line":585,"column":4}},{"start":{"line":585,"column":4},"end":{"line":585,"column":4}}]},"61":{"line":614,"type":"if","locations":[{"start":{"line":614,"column":4},"end":{"line":614,"column":4}},{"start":{"line":614,"column":4},"end":{"line":614,"column":4}}]},"62":{"line":618,"type":"if","locations":[{"start":{"line":618,"column":4},"end":{"line":618,"column":4}},{"start":{"line":618,"column":4},"end":{"line":618,"column":4}}]},"63":{"line":622,"type":"if","locations":[{"start":{"line":622,"column":4},"end":{"line":622,"column":4}},{"start":{"line":622,"column":4},"end":{"line":622,"column":4}}]},"64":{"line":626,"type":"if","locations":[{"start":{"line":626,"column":4},"end":{"line":626,"column":4}},{"start":{"line":626,"column":4},"end":{"line":626,"column":4}}]},"65":{"line":670,"type":"if","locations":[{"start":{"line":670,"column":4},"end":{"line":670,"column":4}},{"start":{"line":670,"column":4},"end":{"line":670,"column":4}}]},"66":{"line":670,"type":"binary-expr","locations":[{"start":{"line":670,"column":8},"end":{"line":670,"column":19}},{"start":{"line":670,"column":23},"end":{"line":670,"column":44}}]},"67":{"line":674,"type":"if","locations":[{"start":{"line":674,"column":4},"end":{"line":674,"column":4}},{"start":{"line":674,"column":4},"end":{"line":674,"column":4}}]},"68":{"line":681,"type":"cond-expr","locations":[{"start":{"line":681,"column":48},"end":{"line":681,"column":49}},{"start":{"line":681,"column":52},"end":{"line":681,"column":74}}]},"69":{"line":684,"type":"binary-expr","locations":[{"start":{"line":684,"column":18},"end":{"line":684,"column":31}},{"start":{"line":684,"column":35},"end":{"line":684,"column":49}},{"start":{"line":684,"column":53},"end":{"line":684,"column":68}}]},"70":{"line":687,"type":"cond-expr","locations":[{"start":{"line":687,"column":42},"end":{"line":687,"column":44}},{"start":{"line":687,"column":48},"end":{"line":687,"column":119}}]},"71":{"line":687,"type":"cond-expr","locations":[{"start":{"line":687,"column":99},"end":{"line":687,"column":100}},{"start":{"line":687,"column":103},"end":{"line":687,"column":119}}]},"72":{"line":687,"type":"binary-expr","locations":[{"start":{"line":687,"column":48},"end":{"line":687,"column":55}},{"start":{"line":687,"column":59},"end":{"line":687,"column":96}}]},"73":{"line":688,"type":"cond-expr","locations":[{"start":{"line":688,"column":41},"end":{"line":688,"column":46}},{"start":{"line":688,"column":49},"end":{"line":688,"column":73}}]},"74":{"line":697,"type":"if","locations":[{"start":{"line":697,"column":4},"end":{"line":697,"column":4}},{"start":{"line":697,"column":4},"end":{"line":697,"column":4}}]},"75":{"line":709,"type":"if","locations":[{"start":{"line":709,"column":8},"end":{"line":709,"column":8}},{"start":{"line":709,"column":8},"end":{"line":709,"column":8}}]},"76":{"line":714,"type":"if","locations":[{"start":{"line":714,"column":4},"end":{"line":714,"column":4}},{"start":{"line":714,"column":4},"end":{"line":714,"column":4}}]},"77":{"line":728,"type":"if","locations":[{"start":{"line":728,"column":4},"end":{"line":728,"column":4}},{"start":{"line":728,"column":4},"end":{"line":728,"column":4}}]},"78":{"line":728,"type":"binary-expr","locations":[{"start":{"line":728,"column":8},"end":{"line":728,"column":15}},{"start":{"line":728,"column":19},"end":{"line":728,"column":30}}]},"79":{"line":732,"type":"if","locations":[{"start":{"line":732,"column":4},"end":{"line":732,"column":4}},{"start":{"line":732,"column":4},"end":{"line":732,"column":4}}]},"80":{"line":732,"type":"binary-expr","locations":[{"start":{"line":732,"column":8},"end":{"line":732,"column":17}},{"start":{"line":732,"column":21},"end":{"line":732,"column":30}}]},"81":{"line":747,"type":"if","locations":[{"start":{"line":747,"column":4},"end":{"line":747,"column":4}},{"start":{"line":747,"column":4},"end":{"line":747,"column":4}}]},"82":{"line":752,"type":"if","locations":[{"start":{"line":752,"column":4},"end":{"line":752,"column":4}},{"start":{"line":752,"column":4},"end":{"line":752,"column":4}}]},"83":{"line":752,"type":"binary-expr","locations":[{"start":{"line":752,"column":8},"end":{"line":752,"column":25}},{"start":{"line":752,"column":29},"end":{"line":752,"column":49}}]}},"l":{"23":2,"24":2,"25":2,"27":2,"28":2,"29":2,"35":2,"57":1,"58":1620,"59":1612,"62":1620,"64":1620,"65":1,"68":1619,"69":1619,"71":1619,"72":1619,"73":1619,"74":1619,"85":1,"86":1619,"88":274,"89":274,"92":246,"93":246,"96":2,"97":2,"99":2,"100":2,"102":281,"103":281,"106":814,"121":1,"122":30,"123":30,"133":1,"134":30,"135":30,"145":1,"146":30,"147":30,"159":1,"160":106,"161":106,"163":106,"164":82,"165":352,"166":352,"168":352,"169":70,"170":70,"171":70,"176":82,"177":12,"178":12,"182":106,"194":1,"195":9,"196":9,"198":9,"199":9,"205":9,"206":9,"218":1,"219":285,"220":285,"222":285,"227":285,"229":285,"238":1,"239":6,"240":6,"241":6,"242":6,"255":1,"256":252,"258":252,"263":252,"265":252,"266":3,"269":249,"281":1,"282":279,"283":279,"284":279,"285":279,"286":279,"288":279,"289":36,"292":279,"293":2,"296":279,"303":279,"304":65,"305":14,"307":51,"311":279,"312":212,"313":212,"316":279,"330":1,"331":373,"332":373,"333":373,"335":373,"337":25,"338":25,"339":348,"341":20,"342":20,"343":328,"345":146,"346":146,"347":182,"349":169,"350":169,"353":373,"355":373,"356":360,"359":373,"360":42,"361":42,"364":373,"374":1,"375":5,"376":5,"378":5,"379":1,"385":4,"387":4,"388":3,"389":3,"390":3,"393":4,"405":1,"406":37,"407":37,"408":524,"411":37,"422":1,"423":22,"425":22,"427":22,"429":22,"430":12,"432":10,"434":10,"435":4,"437":6,"440":10,"441":10,"442":2,"444":10,"447":22,"448":12,"451":22,"461":1,"462":1100,"463":18,"466":1082,"478":1,"479":1640,"480":547,"483":1093,"484":1093,"486":1093,"487":69,"490":1024,"502":1,"503":1629,"504":1629,"506":1629,"507":126,"508":1,"511":125,"514":1503,"515":7,"516":7,"517":12,"521":1503,"533":1,"534":453,"535":453,"536":453,"537":2310,"538":516,"539":516,"541":2310,"544":453,"558":1,"559":1630,"560":1630,"561":1630,"562":1630,"564":1630,"565":1630,"566":1630,"568":1630,"569":429,"571":197,"574":429,"575":429,"576":491,"579":429,"581":197,"585":1630,"586":621,"588":1009,"590":1630,"600":1,"601":299,"613":1,"614":518,"615":2,"618":516,"619":4,"622":512,"623":2,"626":510,"627":324,"630":186,"640":1,"641":1613,"651":1,"652":1613,"667":1,"668":1636,"670":1636,"671":1,"674":1635,"675":6,"678":1629,"680":1629,"681":1629,"682":1629,"683":1629,"684":1629,"687":1629,"688":1629,"689":1629,"690":1629,"691":1629,"692":1629,"693":1629,"695":1629,"697":1629,"698":295,"706":295,"707":295,"709":295,"710":35,"714":1629,"715":5,"720":5,"721":5,"724":1629,"725":1629,"726":1629,"728":1629,"729":300,"732":1629,"733":514,"736":1629,"746":1,"747":808,"748":1,"751":807,"752":807,"753":28,"756":779,"759":3,"760":1620,"761":30,"762":30,"763":30}},
"/Users/benjamin/projects/numbro/src/manipulating.js":{"path":"/Users/benjamin/projects/numbro/src/manipulating.js","s":{"1":2,"2":1,"3":16,"4":16,"5":16,"6":8,"7":16,"8":16,"9":16,"10":1,"11":32,"12":32,"13":32,"14":16,"15":32,"16":32,"17":32,"18":1,"19":16,"20":16,"21":16,"22":8,"23":16,"24":16,"25":16,"26":1,"27":16,"28":16,"29":16,"30":8,"31":16,"32":16,"33":16,"34":1,"35":14,"36":14,"37":7,"38":14,"39":14,"40":1,"41":16,"42":16,"43":16,"44":2,"45":3,"46":16,"47":16,"48":16,"49":16,"50":14,"51":16},"b":{"1":[8,8],"2":[16,16],"3":[8,8],"4":[8,8],"5":[7,7]},"f":{"1":16,"2":32,"3":16,"4":16,"5":14,"6":16},"fnMap":{"1":{"name":"add","line":33,"loc":{"start":{"line":33,"column":0},"end":{"line":33,"column":31}}},"2":{"name":"subtract","line":55,"loc":{"start":{"line":55,"column":0},"end":{"line":55,"column":36}}},"3":{"name":"multiply","line":77,"loc":{"start":{"line":77,"column":0},"end":{"line":77,"column":36}}},"4":{"name":"divide","line":99,"loc":{"start":{"line":99,"column":0},"end":{"line":99,"column":34}}},"5":{"name":"set","line":121,"loc":{"start":{"line":121,"column":0},"end":{"line":121,"column":32}}},"6":{"name":"difference","line":140,"loc":{"start":{"line":140,"column":0},"end":{"line":140,"column":38}}}},"statementMap":{"1":{"start":{"line":23,"column":0},"end":{"line":23,"column":42}},"2":{"start":{"line":33,"column":0},"end":{"line":45,"column":1}},"3":{"start":{"line":34,"column":4},"end":{"line":34,"column":40}},"4":{"start":{"line":35,"column":4},"end":{"line":35,"column":27}},"5":{"start":{"line":37,"column":4},"end":{"line":39,"column":5}},"6":{"start":{"line":38,"column":8},"end":{"line":38,"column":34}},"7":{"start":{"line":41,"column":4},"end":{"line":41,"column":43}},"8":{"start":{"line":43,"column":4},"end":{"line":43,"column":48}},"9":{"start":{"line":44,"column":4},"end":{"line":44,"column":13}},"10":{"start":{"line":55,"column":0},"end":{"line":67,"column":1}},"11":{"start":{"line":56,"column":4},"end":{"line":56,"column":40}},"12":{"start":{"line":57,"column":4},"end":{"line":57,"column":27}},"13":{"start":{"line":59,"column":4},"end":{"line":61,"column":5}},"14":{"start":{"line":60,"column":8},"end":{"line":60,"column":34}},"15":{"start":{"line":63,"column":4},"end":{"line":63,"column":43}},"16":{"start":{"line":65,"column":4},"end":{"line":65,"column":50}},"17":{"start":{"line":66,"column":4},"end":{"line":66,"column":13}},"18":{"start":{"line":77,"column":0},"end":{"line":89,"column":1}},"19":{"start":{"line":78,"column":4},"end":{"line":78,"column":40}},"20":{"start":{"line":79,"column":4},"end":{"line":79,"column":27}},"21":{"start":{"line":81,"column":4},"end":{"line":83,"column":5}},"22":{"start":{"line":82,"column":8},"end":{"line":82,"column":34}},"23":{"start":{"line":85,"column":4},"end":{"line":85,"column":43}},"24":{"start":{"line":87,"column":4},"end":{"line":87,"column":50}},"25":{"start":{"line":88,"column":4},"end":{"line":88,"column":13}},"26":{"start":{"line":99,"column":0},"end":{"line":111,"column":1}},"27":{"start":{"line":100,"column":4},"end":{"line":100,"column":40}},"28":{"start":{"line":101,"column":4},"end":{"line":101,"column":27}},"29":{"start":{"line":103,"column":4},"end":{"line":105,"column":5}},"30":{"start":{"line":104,"column":8},"end":{"line":104,"column":34}},"31":{"start":{"line":107,"column":4},"end":{"line":107,"column":43}},"32":{"start":{"line":109,"column":4},"end":{"line":109,"column":54}},"33":{"start":{"line":110,"column":4},"end":{"line":110,"column":13}},"34":{"start":{"line":121,"column":0},"end":{"line":130,"column":1}},"35":{"start":{"line":122,"column":4},"end":{"line":122,"column":22}},"36":{"start":{"line":124,"column":4},"end":{"line":126,"column":5}},"37":{"start":{"line":125,"column":8},"end":{"line":125,"column":29}},"38":{"start":{"line":128,"column":4},"end":{"line":128,"column":21}},"39":{"start":{"line":129,"column":4},"end":{"line":129,"column":13}},"40":{"start":{"line":140,"column":0},"end":{"line":145,"column":1}},"41":{"start":{"line":141,"column":4},"end":{"line":141,"column":33}},"42":{"start":{"line":142,"column":4},"end":{"line":142,"column":35}},"43":{"start":{"line":144,"column":4},"end":{"line":144,"column":34}},"44":{"start":{"line":147,"column":0},"end":{"line":154,"column":3}},"45":{"start":{"line":147,"column":28},"end":{"line":154,"column":1}},"46":{"start":{"line":148,"column":23},"end":{"line":148,"column":44}},"47":{"start":{"line":149,"column":28},"end":{"line":149,"column":54}},"48":{"start":{"line":150,"column":28},"end":{"line":150,"column":54}},"49":{"start":{"line":151,"column":26},"end":{"line":151,"column":50}},"50":{"start":{"line":152,"column":23},"end":{"line":152,"column":44}},"51":{"start":{"line":153,"column":30},"end":{"line":153,"column":58}}},"branchMap":{"1":{"line":37,"type":"if","locations":[{"start":{"line":37,"column":4},"end":{"line":37,"column":4}},{"start":{"line":37,"column":4},"end":{"line":37,"column":4}}]},"2":{"line":59,"type":"if","locations":[{"start":{"line":59,"column":4},"end":{"line":59,"column":4}},{"start":{"line":59,"column":4},"end":{"line":59,"column":4}}]},"3":{"line":81,"type":"if","locations":[{"start":{"line":81,"column":4},"end":{"line":81,"column":4}},{"start":{"line":81,"column":4},"end":{"line":81,"column":4}}]},"4":{"line":103,"type":"if","locations":[{"start":{"line":103,"column":4},"end":{"line":103,"column":4}},{"start":{"line":103,"column":4},"end":{"line":103,"column":4}}]},"5":{"line":124,"type":"if","locations":[{"start":{"line":124,"column":4},"end":{"line":124,"column":4}},{"start":{"line":124,"column":4},"end":{"line":124,"column":4}}]}},"l":{"23":2,"33":1,"34":16,"35":16,"37":16,"38":8,"41":16,"43":16,"44":16,"55":1,"56":32,"57":32,"59":32,"60":16,"63":32,"65":32,"66":32,"77":1,"78":16,"79":16,"81":16,"82":8,"85":16,"87":16,"88":16,"99":1,"100":16,"101":16,"103":16,"104":8,"107":16,"109":16,"110":16,"121":1,"122":14,"124":14,"125":7,"128":14,"129":14,"140":1,"141":16,"142":16,"144":16,"147":3,"148":16,"149":16,"150":16,"151":16,"152":14,"153":16}}}
