{"/Users/benjamin/projects/numbro/src/en-US.js":{"path":"/Users/benjamin/projects/numbro/src/en-US.js","s":{"1":1,"2":25,"3":25},"b":{"1":[5,20],"2":[7,13],"3":[3,10],"4":[8,2]},"f":{"1":25},"fnMap":{"1":{"name":"(anonymous_1)","line":36,"loc":{"start":{"line":36,"column":13},"end":{"line":36,"column":30}}}},"statementMap":{"1":{"start":{"line":23,"column":0},"end":{"line":70,"column":2}},"2":{"start":{"line":37,"column":8},"end":{"line":37,"column":28}},"3":{"start":{"line":38,"column":8},"end":{"line":38,"column":116}}},"branchMap":{"1":{"line":38,"type":"cond-expr","locations":[{"start":{"line":38,"column":47},"end":{"line":38,"column":51}},{"start":{"line":38,"column":54},"end":{"line":38,"column":115}}]},"2":{"line":38,"type":"cond-expr","locations":[{"start":{"line":38,"column":66},"end":{"line":38,"column":70}},{"start":{"line":38,"column":73},"end":{"line":38,"column":115}}]},"3":{"line":38,"type":"cond-expr","locations":[{"start":{"line":38,"column":85},"end":{"line":38,"column":89}},{"start":{"line":38,"column":92},"end":{"line":38,"column":115}}]},"4":{"line":38,"type":"cond-expr","locations":[{"start":{"line":38,"column":104},"end":{"line":38,"column":108}},{"start":{"line":38,"column":111},"end":{"line":38,"column":115}}]}}},"/Users/benjamin/projects/numbro/src/validating.js":{"path":"/Users/benjamin/projects/numbro/src/validating.js","s":{"1":2,"2":2,"3":2,"4":2,"5":2,"6":2,"7":6,"8":8,"9":2,"10":1,"11":4,"12":4,"13":4,"14":1,"15":1,"16":1,"17":39,"18":88,"19":3,"20":3,"21":85,"22":85,"23":85,"24":53,"25":85,"26":11,"27":11,"28":1,"29":74,"30":3,"31":3,"32":81,"33":3,"34":3,"35":78,"36":1,"37":1,"38":77,"39":10,"40":10,"41":1,"42":76,"43":39,"44":88,"45":1,"46":10,"47":1,"48":8,"49":2},"b":{"1":[4,2],"2":[3,85],"3":[53,32],"4":[11,74],"5":[1,10],"6":[3,71],"7":[3,78],"8":[81,16],"9":[1,77],"10":[78,6],"11":[10,67],"12":[1,9],"13":[88,88]},"f":{"1":4,"2":1,"3":39,"4":10,"5":8},"fnMap":{"1":{"name":"validate","line":136,"loc":{"start":{"line":136,"column":0},"end":{"line":136,"column":33}}},"2":{"name":"validateInput","line":145,"loc":{"start":{"line":145,"column":0},"end":{"line":145,"column":30}}},"3":{"name":"validateSpec","line":149,"loc":{"start":{"line":149,"column":0},"end":{"line":149,"column":48}}},"4":{"name":"validateFormat","line":200,"loc":{"start":{"line":200,"column":0},"end":{"line":200,"column":32}}},"5":{"name":"validateLanguage","line":204,"loc":{"start":{"line":204,"column":0},"end":{"line":204,"column":32}}}},"statementMap":{"1":{"start":{"line":23,"column":0},"end":{"line":30,"column":2}},"2":{"start":{"line":32,"column":0},"end":{"line":37,"column":2}},"3":{"start":{"line":39,"column":0},"end":{"line":42,"column":2}},"4":{"start":{"line":44,"column":0},"end":{"line":52,"column":2}},"5":{"start":{"line":54,"column":0},"end":{"line":90,"column":2}},"6":{"start":{"line":61,"column":33},"end":{"line":61,"column":44}},"7":{"start":{"line":73,"column":33},"end":{"line":73,"column":44}},"8":{"start":{"line":78,"column":33},"end":{"line":78,"column":44}},"9":{"start":{"line":92,"column":0},"end":{"line":126,"column":2}},"10":{"start":{"line":136,"column":0},"end":{"line":141,"column":1}},"11":{"start":{"line":137,"column":4},"end":{"line":137,"column":42}},"12":{"start":{"line":138,"column":4},"end":{"line":138,"column":47}},"13":{"start":{"line":140,"column":4},"end":{"line":140,"column":39}},"14":{"start":{"line":145,"column":0},"end":{"line":147,"column":1}},"15":{"start":{"line":146,"column":4},"end":{"line":146,"column":16}},"16":{"start":{"line":149,"column":0},"end":{"line":198,"column":1}},"17":{"start":{"line":150,"column":4},"end":{"line":193,"column":7}},"18":{"start":{"line":151,"column":8},"end":{"line":154,"column":9}},"19":{"start":{"line":152,"column":12},"end":{"line":152,"column":59}},"20":{"start":{"line":153,"column":12},"end":{"line":153,"column":25}},"21":{"start":{"line":156,"column":8},"end":{"line":156,"column":36}},"22":{"start":{"line":157,"column":8},"end":{"line":157,"column":29}},"23":{"start":{"line":159,"column":8},"end":{"line":161,"column":9}},"24":{"start":{"line":160,"column":12},"end":{"line":160,"column":32}},"25":{"start":{"line":163,"column":8},"end":{"line":172,"column":9}},"26":{"start":{"line":164,"column":12},"end":{"line":164,"column":78}},"27":{"start":{"line":166,"column":12},"end":{"line":168,"column":13}},"28":{"start":{"line":167,"column":16},"end":{"line":167,"column":29}},"29":{"start":{"line":169,"column":15},"end":{"line":172,"column":9}},"30":{"start":{"line":170,"column":12},"end":{"line":170,"column":115}},"31":{"start":{"line":171,"column":12},"end":{"line":171,"column":25}},"32":{"start":{"line":174,"column":8},"end":{"line":177,"column":9}},"33":{"start":{"line":175,"column":12},"end":{"line":175,"column":77}},"34":{"start":{"line":176,"column":12},"end":{"line":176,"column":25}},"35":{"start":{"line":179,"column":8},"end":{"line":182,"column":9}},"36":{"start":{"line":180,"column":12},"end":{"line":180,"column":132}},"37":{"start":{"line":181,"column":12},"end":{"line":181,"column":25}},"38":{"start":{"line":184,"column":8},"end":{"line":190,"column":9}},"39":{"start":{"line":185,"column":12},"end":{"line":185,"column":80}},"40":{"start":{"line":187,"column":12},"end":{"line":189,"column":13}},"41":{"start":{"line":188,"column":16},"end":{"line":188,"column":29}},"42":{"start":{"line":192,"column":8},"end":{"line":192,"column":20}},"43":{"start":{"line":195,"column":4},"end":{"line":197,"column":13}},"44":{"start":{"line":196,"column":8},"end":{"line":196,"column":30}},"45":{"start":{"line":200,"column":0},"end":{"line":202,"column":1}},"46":{"start":{"line":201,"column":4},"end":{"line":201,"column":66}},"47":{"start":{"line":204,"column":0},"end":{"line":206,"column":1}},"48":{"start":{"line":205,"column":4},"end":{"line":205,"column":68}},"49":{"start":{"line":208,"column":0},"end":{"line":213,"column":2}}},"branchMap":{"1":{"line":140,"type":"binary-expr","locations":[{"start":{"line":140,"column":11},"end":{"line":140,"column":21}},{"start":{"line":140,"column":25},"end":{"line":140,"column":38}}]},"2":{"line":151,"type":"if","locations":[{"start":{"line":151,"column":8},"end":{"line":151,"column":8}},{"start":{"line":151,"column":8},"end":{"line":151,"column":8}}]},"3":{"line":159,"type":"if","locations":[{"start":{"line":159,"column":8},"end":{"line":159,"column":8}},{"start":{"line":159,"column":8},"end":{"line":159,"column":8}}]},"4":{"line":163,"type":"if","locations":[{"start":{"line":163,"column":8},"end":{"line":163,"column":8}},{"start":{"line":163,"column":8},"end":{"line":163,"column":8}}]},"5":{"line":166,"type":"if","locations":[{"start":{"line":166,"column":12},"end":{"line":166,"column":12}},{"start":{"line":166,"column":12},"end":{"line":166,"column":12}}]},"6":{"line":169,"type":"if","locations":[{"start":{"line":169,"column":15},"end":{"line":169,"column":15}},{"start":{"line":169,"column":15},"end":{"line":169,"column":15}}]},"7":{"line":174,"type":"if","locations":[{"start":{"line":174,"column":8},"end":{"line":174,"column":8}},{"start":{"line":174,"column":8},"end":{"line":174,"column":8}}]},"8":{"line":174,"type":"binary-expr","locations":[{"start":{"line":174,"column":12},"end":{"line":174,"column":28}},{"start":{"line":174,"column":32},"end":{"line":174,"column":56}}]},"9":{"line":179,"type":"if","locations":[{"start":{"line":179,"column":8},"end":{"line":179,"column":8}},{"start":{"line":179,"column":8},"end":{"line":179,"column":8}}]},"10":{"line":179,"type":"binary-expr","locations":[{"start":{"line":179,"column":12},"end":{"line":179,"column":28}},{"start":{"line":179,"column":32},"end":{"line":179,"column":70}}]},"11":{"line":184,"type":"if","locations":[{"start":{"line":184,"column":8},"end":{"line":184,"column":8}},{"start":{"line":184,"column":8},"end":{"line":184,"column":8}}]},"12":{"line":187,"type":"if","locations":[{"start":{"line":187,"column":12},"end":{"line":187,"column":12}},{"start":{"line":187,"column":12},"end":{"line":187,"column":12}}]},"13":{"line":196,"type":"binary-expr","locations":[{"start":{"line":196,"column":15},"end":{"line":196,"column":18}},{"start":{"line":196,"column":22},"end":{"line":196,"column":29}}]}}},"/Users/benjamin/projects/numbro/src/parsing.js":{"path":"/Users/benjamin/projects/numbro/src/parsing.js","s":{"1":1,"2":17,"3":17,"4":1,"5":1,"6":16,"7":1,"8":17,"9":17,"10":1,"11":1,"12":16,"13":1,"14":25,"15":18,"16":18,"17":7,"18":1,"19":1,"20":6,"21":1,"22":1,"23":1,"24":5,"25":1,"26":1,"27":1,"28":4,"29":1,"30":1,"31":1,"32":3,"33":1,"34":1,"35":2,"36":1,"37":1,"38":17,"39":6,"40":1,"41":17,"42":7,"43":1,"44":17,"45":17,"46":2,"47":1,"48":17,"49":17,"50":17,"51":2,"52":1,"53":17,"54":17,"55":3,"56":3,"57":2,"58":1,"59":17,"60":1,"61":1,"62":17,"63":1,"64":16,"65":2,"66":1,"67":17,"68":2,"69":17,"70":2,"71":1,"72":17,"73":2,"74":1,"75":18,"76":18,"77":18,"78":18,"79":18,"80":18,"81":18,"82":18,"83":18,"84":18,"85":18,"86":18,"87":18,"88":2},"b":{"1":[1,16],"2":[1,16],"3":[18,7],"4":[1,6],"5":[1,5],"6":[1,4],"7":[1,3],"8":[1,2],"9":[1,1],"10":[6,11],"11":[7,10],"12":[2,15],"13":[2,15],"14":[3,14],"15":[2,1],"16":[1,16],"17":[1,16],"18":[2,14],"19":[2,15],"20":[2,15],"21":[2,15]},"f":{"1":17,"2":17,"3":25,"4":17,"5":17,"6":17,"7":17,"8":17,"9":17,"10":17,"11":17,"12":17,"13":18},"fnMap":{"1":{"name":"parsePrefix","line":23,"loc":{"start":{"line":23,"column":0},"end":{"line":23,"column":37}}},"2":{"name":"parsePostfix","line":33,"loc":{"start":{"line":33,"column":0},"end":{"line":33,"column":38}}},"3":{"name":"parseOutput","line":44,"loc":{"start":{"line":44,"column":0},"end":{"line":44,"column":37}}},"4":{"name":"parseThousandSeparated","line":85,"loc":{"start":{"line":85,"column":0},"end":{"line":85,"column":48}}},"5":{"name":"parseSpaceSeparated","line":91,"loc":{"start":{"line":91,"column":0},"end":{"line":91,"column":45}}},"6":{"name":"parseTotalLength","line":97,"loc":{"start":{"line":97,"column":0},"end":{"line":97,"column":42}}},"7":{"name":"parseCharacteristic","line":105,"loc":{"start":{"line":105,"column":0},"end":{"line":105,"column":45}}},"8":{"name":"parseMantissa","line":113,"loc":{"start":{"line":113,"column":0},"end":{"line":113,"column":39}}},"9":{"name":"parseAverage","line":123,"loc":{"start":{"line":123,"column":0},"end":{"line":123,"column":38}}},"10":{"name":"parseOptionalMantissa","line":129,"loc":{"start":{"line":129,"column":0},"end":{"line":129,"column":47}}},"11":{"name":"parseNegative","line":137,"loc":{"start":{"line":137,"column":0},"end":{"line":137,"column":39}}},"12":{"name":"parseForceSign","line":146,"loc":{"start":{"line":146,"column":0},"end":{"line":146,"column":40}}},"13":{"name":"parseFormat","line":152,"loc":{"start":{"line":152,"column":0},"end":{"line":152,"column":42}}}},"statementMap":{"1":{"start":{"line":23,"column":0},"end":{"line":31,"column":1}},"2":{"start":{"line":24,"column":4},"end":{"line":24,"column":43}},"3":{"start":{"line":25,"column":4},"end":{"line":28,"column":5}},"4":{"start":{"line":26,"column":8},"end":{"line":26,"column":33}},"5":{"start":{"line":27,"column":8},"end":{"line":27,"column":45}},"6":{"start":{"line":30,"column":4},"end":{"line":30,"column":18}},"7":{"start":{"line":33,"column":0},"end":{"line":42,"column":1}},"8":{"start":{"line":34,"column":4},"end":{"line":34,"column":43}},"9":{"start":{"line":35,"column":4},"end":{"line":39,"column":5}},"10":{"start":{"line":36,"column":8},"end":{"line":36,"column":34}},"11":{"start":{"line":38,"column":8},"end":{"line":38,"column":49}},"12":{"start":{"line":41,"column":4},"end":{"line":41,"column":18}},"13":{"start":{"line":44,"column":0},"end":{"line":83,"column":1}},"14":{"start":{"line":45,"column":4},"end":{"line":48,"column":5}},"15":{"start":{"line":46,"column":8},"end":{"line":46,"column":35}},"16":{"start":{"line":47,"column":8},"end":{"line":47,"column":15}},"17":{"start":{"line":50,"column":4},"end":{"line":53,"column":5}},"18":{"start":{"line":51,"column":8},"end":{"line":51,"column":34}},"19":{"start":{"line":52,"column":8},"end":{"line":52,"column":15}},"20":{"start":{"line":55,"column":4},"end":{"line":59,"column":5}},"21":{"start":{"line":56,"column":8},"end":{"line":56,"column":31}},"22":{"start":{"line":57,"column":8},"end":{"line":57,"column":32}},"23":{"start":{"line":58,"column":8},"end":{"line":58,"column":15}},"24":{"start":{"line":61,"column":4},"end":{"line":66,"column":5}},"25":{"start":{"line":62,"column":8},"end":{"line":62,"column":31}},"26":{"start":{"line":63,"column":8},"end":{"line":63,"column":31}},"27":{"start":{"line":64,"column":8},"end":{"line":64,"column":15}},"28":{"start":{"line":68,"column":4},"end":{"line":73,"column":5}},"29":{"start":{"line":69,"column":8},"end":{"line":69,"column":31}},"30":{"start":{"line":70,"column":8},"end":{"line":70,"column":32}},"31":{"start":{"line":71,"column":8},"end":{"line":71,"column":15}},"32":{"start":{"line":75,"column":4},"end":{"line":78,"column":5}},"33":{"start":{"line":76,"column":8},"end":{"line":76,"column":31}},"34":{"start":{"line":77,"column":8},"end":{"line":77,"column":15}},"35":{"start":{"line":80,"column":4},"end":{"line":82,"column":5}},"36":{"start":{"line":81,"column":8},"end":{"line":81,"column":34}},"37":{"start":{"line":85,"column":0},"end":{"line":89,"column":1}},"38":{"start":{"line":86,"column":4},"end":{"line":88,"column":5}},"39":{"start":{"line":87,"column":8},"end":{"line":87,"column":40}},"40":{"start":{"line":91,"column":0},"end":{"line":95,"column":1}},"41":{"start":{"line":92,"column":4},"end":{"line":94,"column":5}},"42":{"start":{"line":93,"column":8},"end":{"line":93,"column":37}},"43":{"start":{"line":97,"column":0},"end":{"line":103,"column":1}},"44":{"start":{"line":98,"column":4},"end":{"line":98,"column":45}},"45":{"start":{"line":100,"column":4},"end":{"line":102,"column":5}},"46":{"start":{"line":101,"column":8},"end":{"line":101,"column":39}},"47":{"start":{"line":105,"column":0},"end":{"line":111,"column":1}},"48":{"start":{"line":106,"column":4},"end":{"line":106,"column":46}},"49":{"start":{"line":107,"column":4},"end":{"line":107,"column":43}},"50":{"start":{"line":108,"column":4},"end":{"line":110,"column":5}},"51":{"start":{"line":109,"column":8},"end":{"line":109,"column":48}},"52":{"start":{"line":113,"column":0},"end":{"line":121,"column":1}},"53":{"start":{"line":114,"column":4},"end":{"line":114,"column":40}},"54":{"start":{"line":115,"column":4},"end":{"line":120,"column":5}},"55":{"start":{"line":116,"column":8},"end":{"line":116,"column":41}},"56":{"start":{"line":117,"column":8},"end":{"line":119,"column":9}},"57":{"start":{"line":118,"column":12},"end":{"line":118,"column":46}},"58":{"start":{"line":123,"column":0},"end":{"line":127,"column":1}},"59":{"start":{"line":124,"column":4},"end":{"line":126,"column":5}},"60":{"start":{"line":125,"column":8},"end":{"line":125,"column":30}},"61":{"start":{"line":129,"column":0},"end":{"line":135,"column":1}},"62":{"start":{"line":130,"column":4},"end":{"line":134,"column":5}},"63":{"start":{"line":131,"column":8},"end":{"line":131,"column":39}},"64":{"start":{"line":132,"column":11},"end":{"line":134,"column":5}},"65":{"start":{"line":133,"column":8},"end":{"line":133,"column":40}},"66":{"start":{"line":137,"column":0},"end":{"line":144,"column":1}},"67":{"start":{"line":138,"column":4},"end":{"line":140,"column":5}},"68":{"start":{"line":139,"column":8},"end":{"line":139,"column":40}},"69":{"start":{"line":141,"column":4},"end":{"line":143,"column":5}},"70":{"start":{"line":142,"column":8},"end":{"line":142,"column":33}},"71":{"start":{"line":146,"column":0},"end":{"line":150,"column":1}},"72":{"start":{"line":147,"column":4},"end":{"line":149,"column":5}},"73":{"start":{"line":148,"column":8},"end":{"line":148,"column":32}},"74":{"start":{"line":152,"column":0},"end":{"line":167,"column":1}},"75":{"start":{"line":153,"column":4},"end":{"line":153,"column":41}},"76":{"start":{"line":154,"column":4},"end":{"line":154,"column":42}},"77":{"start":{"line":155,"column":4},"end":{"line":155,"column":32}},"78":{"start":{"line":156,"column":4},"end":{"line":156,"column":37}},"79":{"start":{"line":157,"column":4},"end":{"line":157,"column":40}},"80":{"start":{"line":158,"column":4},"end":{"line":158,"column":33}},"81":{"start":{"line":159,"column":4},"end":{"line":159,"column":34}},"82":{"start":{"line":160,"column":4},"end":{"line":160,"column":42}},"83":{"start":{"line":161,"column":4},"end":{"line":161,"column":43}},"84":{"start":{"line":162,"column":4},"end":{"line":162,"column":40}},"85":{"start":{"line":163,"column":4},"end":{"line":163,"column":34}},"86":{"start":{"line":164,"column":4},"end":{"line":164,"column":35}},"87":{"start":{"line":166,"column":4},"end":{"line":166,"column":18}},"88":{"start":{"line":169,"column":0},"end":{"line":171,"column":2}}},"branchMap":{"1":{"line":25,"type":"if","locations":[{"start":{"line":25,"column":4},"end":{"line":25,"column":4}},{"start":{"line":25,"column":4},"end":{"line":25,"column":4}}]},"2":{"line":35,"type":"if","locations":[{"start":{"line":35,"column":4},"end":{"line":35,"column":4}},{"start":{"line":35,"column":4},"end":{"line":35,"column":4}}]},"3":{"line":45,"type":"if","locations":[{"start":{"line":45,"column":4},"end":{"line":45,"column":4}},{"start":{"line":45,"column":4},"end":{"line":45,"column":4}}]},"4":{"line":50,"type":"if","locations":[{"start":{"line":50,"column":4},"end":{"line":50,"column":4}},{"start":{"line":50,"column":4},"end":{"line":50,"column":4}}]},"5":{"line":55,"type":"if","locations":[{"start":{"line":55,"column":4},"end":{"line":55,"column":4}},{"start":{"line":55,"column":4},"end":{"line":55,"column":4}}]},"6":{"line":61,"type":"if","locations":[{"start":{"line":61,"column":4},"end":{"line":61,"column":4}},{"start":{"line":61,"column":4},"end":{"line":61,"column":4}}]},"7":{"line":68,"type":"if","locations":[{"start":{"line":68,"column":4},"end":{"line":68,"column":4}},{"start":{"line":68,"column":4},"end":{"line":68,"column":4}}]},"8":{"line":75,"type":"if","locations":[{"start":{"line":75,"column":4},"end":{"line":75,"column":4}},{"start":{"line":75,"column":4},"end":{"line":75,"column":4}}]},"9":{"line":80,"type":"if","locations":[{"start":{"line":80,"column":4},"end":{"line":80,"column":4}},{"start":{"line":80,"column":4},"end":{"line":80,"column":4}}]},"10":{"line":86,"type":"if","locations":[{"start":{"line":86,"column":4},"end":{"line":86,"column":4}},{"start":{"line":86,"column":4},"end":{"line":86,"column":4}}]},"11":{"line":92,"type":"if","locations":[{"start":{"line":92,"column":4},"end":{"line":92,"column":4}},{"start":{"line":92,"column":4},"end":{"line":92,"column":4}}]},"12":{"line":100,"type":"if","locations":[{"start":{"line":100,"column":4},"end":{"line":100,"column":4}},{"start":{"line":100,"column":4},"end":{"line":100,"column":4}}]},"13":{"line":108,"type":"if","locations":[{"start":{"line":108,"column":4},"end":{"line":108,"column":4}},{"start":{"line":108,"column":4},"end":{"line":108,"column":4}}]},"14":{"line":115,"type":"if","locations":[{"start":{"line":115,"column":4},"end":{"line":115,"column":4}},{"start":{"line":115,"column":4},"end":{"line":115,"column":4}}]},"15":{"line":117,"type":"if","locations":[{"start":{"line":117,"column":8},"end":{"line":117,"column":8}},{"start":{"line":117,"column":8},"end":{"line":117,"column":8}}]},"16":{"line":124,"type":"if","locations":[{"start":{"line":124,"column":4},"end":{"line":124,"column":4}},{"start":{"line":124,"column":4},"end":{"line":124,"column":4}}]},"17":{"line":130,"type":"if","locations":[{"start":{"line":130,"column":4},"end":{"line":130,"column":4}},{"start":{"line":130,"column":4},"end":{"line":130,"column":4}}]},"18":{"line":132,"type":"if","locations":[{"start":{"line":132,"column":11},"end":{"line":132,"column":11}},{"start":{"line":132,"column":11},"end":{"line":132,"column":11}}]},"19":{"line":138,"type":"if","locations":[{"start":{"line":138,"column":4},"end":{"line":138,"column":4}},{"start":{"line":138,"column":4},"end":{"line":138,"column":4}}]},"20":{"line":141,"type":"if","locations":[{"start":{"line":141,"column":4},"end":{"line":141,"column":4}},{"start":{"line":141,"column":4},"end":{"line":141,"column":4}}]},"21":{"line":147,"type":"if","locations":[{"start":{"line":147,"column":4},"end":{"line":147,"column":4}},{"start":{"line":147,"column":4},"end":{"line":147,"column":4}}]}}},"/Users/benjamin/projects/numbro/src/formatting.js":{"path":"/Users/benjamin/projects/numbro/src/formatting.js","s":{"1":1,"2":1,"3":1,"4":1,"5":1,"6":1,"7":1,"8":1,"9":8,"10":1,"11":8,"12":8,"13":1,"14":7,"15":7,"16":7,"17":7,"18":7,"19":7,"20":1,"21":7,"22":1,"23":1,"24":1,"25":1,"26":1,"27":2,"28":1,"29":30,"30":30,"31":1,"32":30,"33":30,"34":1,"35":30,"36":30,"37":1,"38":105,"39":105,"40":105,"41":81,"42":351,"43":351,"44":351,"45":69,"46":69,"47":69,"48":81,"49":12,"50":12,"51":105,"52":1,"53":8,"54":8,"55":8,"56":8,"57":8,"58":8,"59":1,"60":5,"61":5,"62":5,"63":5,"64":5,"65":1,"66":5,"67":5,"68":5,"69":5,"70":1,"71":4,"72":4,"73":4,"74":1,"75":6,"76":6,"77":6,"78":6,"79":3,"80":6,"81":2,"82":6,"83":6,"84":2,"85":6,"86":2,"87":6,"88":1,"89":82,"90":82,"91":82,"92":82,"93":21,"94":21,"95":61,"96":15,"97":15,"98":46,"99":15,"100":15,"101":31,"102":18,"103":18,"104":82,"105":82,"106":69,"107":82,"108":10,"109":10,"110":82,"111":1,"112":24,"113":2,"114":22,"115":22,"116":22,"117":11,"118":7,"119":3,"120":4,"121":8,"122":8,"123":14,"124":19,"125":1,"126":13,"127":13,"128":13,"129":5,"130":5,"131":9,"132":13,"133":1,"134":30,"135":30,"136":30,"137":169,"138":35,"139":35,"140":169,"141":30,"142":1,"143":13,"144":13,"145":13,"146":13,"147":13,"148":13,"149":13,"150":13,"151":6,"152":6,"153":10,"154":13,"155":4,"156":9,"157":13,"158":1,"159":3,"160":1,"161":4,"162":2,"163":2,"164":1,"165":1,"166":1,"167":1,"168":1,"169":1,"170":1,"171":17,"172":17,"173":1,"174":16,"175":3,"176":13,"177":13,"178":13,"179":13,"180":13,"181":13,"182":13,"183":13,"184":13,"185":13,"186":13,"187":13,"188":13,"189":4,"190":4,"191":4,"192":4,"193":3,"194":13,"195":13,"196":13,"197":13,"198":4,"199":13,"200":1,"201":13,"202":1,"203":1,"204":8,"205":30,"206":30,"207":30,"208":5},"b":{"1":[1,7],"2":[1,7],"3":[7,5],"4":[7,5],"5":[1,1,1,1,1,1,2],"6":[81,24],"7":[69,282],"8":[351,351],"9":[12,69],"10":[8,4],"11":[1,7],"12":[1,4],"13":[4,1],"14":[3,2],"15":[1,3],"16":[3,3],"17":[2,4],"18":[2,4],"19":[2,4],"20":[21,61],"21":[82,21,70],"22":[15,46],"23":[61,58,12,55],"24":[15,31],"25":[46,43,12,40],"26":[18,13],"27":[31,28,12,22],"28":[18,64],"29":[69,13],"30":[10,72],"31":[2,22],"32":[22,12],"33":[11,11],"34":[7,4],"35":[3,4],"36":[5,8],"37":[35,134],"38":[13,5],"39":[13,11],"40":[6,7],"41":[4,9],"42":[2,2],"43":[1,1],"44":[1,16],"45":[17,1],"46":[3,13],"47":[3,10],"48":[13,10,10],"49":[3,10],"50":[1,9],"51":[3,10],"52":[4,9],"53":[3,1],"54":[4,9],"55":[1,12],"56":[13,13]},"f":{"1":8,"2":7,"3":30,"4":30,"5":30,"6":105,"7":8,"8":5,"9":5,"10":4,"11":6,"12":82,"13":24,"14":13,"15":30,"16":13,"17":3,"18":4,"19":1,"20":1,"21":17},"fnMap":{"1":{"name":"format","line":51,"loc":{"start":{"line":51,"column":0},"end":{"line":51,"column":48}}},"2":{"name":"formatNumbro","line":71,"loc":{"start":{"line":71,"column":0},"end":{"line":71,"column":49}}},"3":{"name":"getDecimalByteUnit","line":89,"loc":{"start":{"line":89,"column":0},"end":{"line":89,"column":31}}},"4":{"name":"getBinaryByteUnit","line":94,"loc":{"start":{"line":94,"column":0},"end":{"line":94,"column":30}}},"5":{"name":"getByteUnit","line":99,"loc":{"start":{"line":99,"column":0},"end":{"line":99,"column":24}}},"6":{"name":"getFormatByteUnits","line":104,"loc":{"start":{"line":104,"column":0},"end":{"line":104,"column":52}}},"7":{"name":"formatByte","line":130,"loc":{"start":{"line":130,"column":0},"end":{"line":130,"column":54}}},"8":{"name":"formatOrdinal","line":140,"loc":{"start":{"line":140,"column":0},"end":{"line":140,"column":49}}},"9":{"name":"formatTime","line":150,"loc":{"start":{"line":150,"column":0},"end":{"line":150,"column":23}}},"10":{"name":"formatPercentage","line":157,"loc":{"start":{"line":157,"column":0},"end":{"line":157,"column":60}}},"11":{"name":"formatCurrency","line":163,"loc":{"start":{"line":163,"column":0},"end":{"line":163,"column":50}}},"12":{"name":"computeAverage","line":189,"loc":{"start":{"line":189,"column":0},"end":{"line":189,"column":103}}},"13":{"name":"setMantissaPrecision","line":226,"loc":{"start":{"line":226,"column":0},"end":{"line":226,"column":66}}},"14":{"name":"setCharacteristicPrecision","line":252,"loc":{"start":{"line":252,"column":0},"end":{"line":252,"column":54}}},"15":{"name":"indexesOfGroupSpaces","line":270,"loc":{"start":{"line":270,"column":0},"end":{"line":270,"column":54}}},"16":{"name":"replaceDelimiters","line":284,"loc":{"start":{"line":284,"column":0},"end":{"line":284,"column":79}}},"17":{"name":"insertAbbreviation","line":309,"loc":{"start":{"line":309,"column":0},"end":{"line":309,"column":50}}},"18":{"name":"insertSign","line":313,"loc":{"start":{"line":313,"column":0},"end":{"line":313,"column":45}}},"19":{"name":"insertPrefix","line":325,"loc":{"start":{"line":325,"column":0},"end":{"line":325,"column":38}}},"20":{"name":"insertPostfix","line":329,"loc":{"start":{"line":329,"column":0},"end":{"line":329,"column":40}}},"21":{"name":"formatNumber","line":333,"loc":{"start":{"line":333,"column":0},"end":{"line":333,"column":102}}}},"statementMap":{"1":{"start":{"line":23,"column":0},"end":{"line":23,"column":45}},"2":{"start":{"line":24,"column":0},"end":{"line":24,"column":43}},"3":{"start":{"line":25,"column":0},"end":{"line":25,"column":37}},"4":{"start":{"line":27,"column":0},"end":{"line":27,"column":85}},"5":{"start":{"line":28,"column":0},"end":{"line":28,"column":78}},"6":{"start":{"line":29,"column":0},"end":{"line":33,"column":2}},"7":{"start":{"line":35,"column":0},"end":{"line":46,"column":2}},"8":{"start":{"line":51,"column":0},"end":{"line":69,"column":1}},"9":{"start":{"line":52,"column":4},"end":{"line":54,"column":5}},"10":{"start":{"line":53,"column":8},"end":{"line":53,"column":61}},"11":{"start":{"line":56,"column":4},"end":{"line":56,"column":58}},"12":{"start":{"line":58,"column":4},"end":{"line":60,"column":5}},"13":{"start":{"line":59,"column":8},"end":{"line":59,"column":39}},"14":{"start":{"line":62,"column":4},"end":{"line":62,"column":45}},"15":{"start":{"line":63,"column":4},"end":{"line":63,"column":47}},"16":{"start":{"line":65,"column":4},"end":{"line":65,"column":57}},"17":{"start":{"line":66,"column":4},"end":{"line":66,"column":42}},"18":{"start":{"line":67,"column":4},"end":{"line":67,"column":44}},"19":{"start":{"line":68,"column":4},"end":{"line":68,"column":18}},"20":{"start":{"line":71,"column":0},"end":{"line":87,"column":1}},"21":{"start":{"line":72,"column":4},"end":{"line":86,"column":5}},"22":{"start":{"line":74,"column":12},"end":{"line":74,"column":74}},"23":{"start":{"line":76,"column":12},"end":{"line":76,"column":76}},"24":{"start":{"line":78,"column":12},"end":{"line":78,"column":70}},"25":{"start":{"line":80,"column":12},"end":{"line":80,"column":70}},"26":{"start":{"line":82,"column":12},"end":{"line":82,"column":73}},"27":{"start":{"line":85,"column":12},"end":{"line":85,"column":72}},"28":{"start":{"line":89,"column":0},"end":{"line":92,"column":1}},"29":{"start":{"line":90,"column":4},"end":{"line":90,"column":29}},"30":{"start":{"line":91,"column":4},"end":{"line":91,"column":74}},"31":{"start":{"line":94,"column":0},"end":{"line":97,"column":1}},"32":{"start":{"line":95,"column":4},"end":{"line":95,"column":28}},"33":{"start":{"line":96,"column":4},"end":{"line":96,"column":74}},"34":{"start":{"line":99,"column":0},"end":{"line":102,"column":1}},"35":{"start":{"line":100,"column":4},"end":{"line":100,"column":29}},"36":{"start":{"line":101,"column":4},"end":{"line":101,"column":74}},"37":{"start":{"line":104,"column":0},"end":{"line":128,"column":1}},"38":{"start":{"line":105,"column":4},"end":{"line":105,"column":29}},"39":{"start":{"line":106,"column":4},"end":{"line":106,"column":30}},"40":{"start":{"line":108,"column":4},"end":{"line":125,"column":5}},"41":{"start":{"line":109,"column":8},"end":{"line":118,"column":9}},"42":{"start":{"line":110,"column":12},"end":{"line":110,"column":45}},"43":{"start":{"line":111,"column":12},"end":{"line":111,"column":49}},"44":{"start":{"line":113,"column":12},"end":{"line":117,"column":13}},"45":{"start":{"line":114,"column":16},"end":{"line":114,"column":41}},"46":{"start":{"line":115,"column":16},"end":{"line":115,"column":36}},"47":{"start":{"line":116,"column":16},"end":{"line":116,"column":22}},"48":{"start":{"line":121,"column":8},"end":{"line":124,"column":9}},"49":{"start":{"line":122,"column":12},"end":{"line":122,"column":65}},"50":{"start":{"line":123,"column":12},"end":{"line":123,"column":51}},"51":{"start":{"line":127,"column":4},"end":{"line":127,"column":27}},"52":{"start":{"line":130,"column":0},"end":{"line":138,"column":1}},"53":{"start":{"line":131,"column":4},"end":{"line":131,"column":47}},"54":{"start":{"line":132,"column":4},"end":{"line":132,"column":31}},"55":{"start":{"line":134,"column":4},"end":{"line":134,"column":90}},"56":{"start":{"line":135,"column":4},"end":{"line":135,"column":108}},"57":{"start":{"line":136,"column":4},"end":{"line":136,"column":53}},"58":{"start":{"line":137,"column":4},"end":{"line":137,"column":66}},"59":{"start":{"line":140,"column":0},"end":{"line":148,"column":1}},"60":{"start":{"line":141,"column":4},"end":{"line":141,"column":43}},"61":{"start":{"line":142,"column":4},"end":{"line":142,"column":53}},"62":{"start":{"line":144,"column":4},"end":{"line":144,"column":99}},"63":{"start":{"line":145,"column":4},"end":{"line":145,"column":38}},"64":{"start":{"line":147,"column":4},"end":{"line":147,"column":67}},"65":{"start":{"line":150,"column":0},"end":{"line":155,"column":1}},"66":{"start":{"line":151,"column":4},"end":{"line":151,"column":47}},"67":{"start":{"line":152,"column":4},"end":{"line":152,"column":66}},"68":{"start":{"line":153,"column":4},"end":{"line":153,"column":76}},"69":{"start":{"line":154,"column":4},"end":{"line":154,"column":100}},"70":{"start":{"line":157,"column":0},"end":{"line":161,"column":1}},"71":{"start":{"line":158,"column":4},"end":{"line":158,"column":123}},"72":{"start":{"line":159,"column":4},"end":{"line":159,"column":53}},"73":{"start":{"line":160,"column":4},"end":{"line":160,"column":58}},"74":{"start":{"line":163,"column":0},"end":{"line":187,"column":1}},"75":{"start":{"line":164,"column":4},"end":{"line":164,"column":52}},"76":{"start":{"line":165,"column":4},"end":{"line":165,"column":37}},"77":{"start":{"line":166,"column":4},"end":{"line":166,"column":19}},"78":{"start":{"line":168,"column":4},"end":{"line":170,"column":5}},"79":{"start":{"line":169,"column":8},"end":{"line":169,"column":20}},"80":{"start":{"line":172,"column":4},"end":{"line":174,"column":5}},"81":{"start":{"line":173,"column":8},"end":{"line":173,"column":66}},"82":{"start":{"line":176,"column":4},"end":{"line":176,"column":107}},"83":{"start":{"line":178,"column":4},"end":{"line":180,"column":5}},"84":{"start":{"line":179,"column":8},"end":{"line":179,"column":57}},"85":{"start":{"line":182,"column":4},"end":{"line":184,"column":5}},"86":{"start":{"line":183,"column":8},"end":{"line":183,"column":57}},"87":{"start":{"line":186,"column":4},"end":{"line":186,"column":18}},"88":{"start":{"line":189,"column":0},"end":{"line":224,"column":1}},"89":{"start":{"line":190,"column":4},"end":{"line":190,"column":26}},"90":{"start":{"line":191,"column":4},"end":{"line":191,"column":30}},"91":{"start":{"line":192,"column":4},"end":{"line":192,"column":31}},"92":{"start":{"line":194,"column":4},"end":{"line":210,"column":5}},"93":{"start":{"line":196,"column":8},"end":{"line":196,"column":46}},"94":{"start":{"line":197,"column":8},"end":{"line":197,"column":41}},"95":{"start":{"line":198,"column":11},"end":{"line":210,"column":5}},"96":{"start":{"line":200,"column":8},"end":{"line":200,"column":45}},"97":{"start":{"line":201,"column":8},"end":{"line":201,"column":40}},"98":{"start":{"line":202,"column":11},"end":{"line":210,"column":5}},"99":{"start":{"line":204,"column":8},"end":{"line":204,"column":45}},"100":{"start":{"line":205,"column":8},"end":{"line":205,"column":40}},"101":{"start":{"line":206,"column":11},"end":{"line":210,"column":5}},"102":{"start":{"line":208,"column":8},"end":{"line":208,"column":46}},"103":{"start":{"line":209,"column":8},"end":{"line":209,"column":40}},"104":{"start":{"line":212,"column":4},"end":{"line":212,"column":50}},"105":{"start":{"line":214,"column":4},"end":{"line":216,"column":5}},"106":{"start":{"line":215,"column":8},"end":{"line":215,"column":52}},"107":{"start":{"line":218,"column":4},"end":{"line":221,"column":5}},"108":{"start":{"line":219,"column":8},"end":{"line":219,"column":60}},"109":{"start":{"line":220,"column":8},"end":{"line":220,"column":77}},"110":{"start":{"line":223,"column":4},"end":{"line":223,"column":52}},"111":{"start":{"line":226,"column":0},"end":{"line":250,"column":1}},"112":{"start":{"line":227,"column":4},"end":{"line":229,"column":5}},"113":{"start":{"line":228,"column":8},"end":{"line":228,"column":32}},"114":{"start":{"line":231,"column":4},"end":{"line":231,"column":91}},"115":{"start":{"line":232,"column":4},"end":{"line":232,"column":64}},"116":{"start":{"line":234,"column":4},"end":{"line":247,"column":5}},"117":{"start":{"line":235,"column":8},"end":{"line":241,"column":9}},"118":{"start":{"line":236,"column":12},"end":{"line":238,"column":13}},"119":{"start":{"line":237,"column":16},"end":{"line":237,"column":41}},"120":{"start":{"line":240,"column":12},"end":{"line":240,"column":26}},"121":{"start":{"line":243,"column":8},"end":{"line":243,"column":62}},"122":{"start":{"line":244,"column":8},"end":{"line":246,"column":9}},"123":{"start":{"line":245,"column":12},"end":{"line":245,"column":26}},"124":{"start":{"line":249,"column":4},"end":{"line":249,"column":29}},"125":{"start":{"line":252,"column":0},"end":{"line":264,"column":1}},"126":{"start":{"line":253,"column":4},"end":{"line":253,"column":23}},"127":{"start":{"line":254,"column":4},"end":{"line":254,"column":64}},"128":{"start":{"line":256,"column":4},"end":{"line":261,"column":5}},"129":{"start":{"line":257,"column":8},"end":{"line":257,"column":68}},"130":{"start":{"line":258,"column":8},"end":{"line":260,"column":9}},"131":{"start":{"line":259,"column":12},"end":{"line":259,"column":34}},"132":{"start":{"line":263,"column":4},"end":{"line":263,"column":29}},"133":{"start":{"line":270,"column":0},"end":{"line":282,"column":1}},"134":{"start":{"line":271,"column":4},"end":{"line":271,"column":20}},"135":{"start":{"line":272,"column":4},"end":{"line":272,"column":20}},"136":{"start":{"line":273,"column":4},"end":{"line":279,"column":5}},"137":{"start":{"line":274,"column":8},"end":{"line":277,"column":9}},"138":{"start":{"line":275,"column":12},"end":{"line":275,"column":30}},"139":{"start":{"line":276,"column":12},"end":{"line":276,"column":24}},"140":{"start":{"line":278,"column":8},"end":{"line":278,"column":18}},"141":{"start":{"line":281,"column":4},"end":{"line":281,"column":18}},"142":{"start":{"line":284,"column":0},"end":{"line":307,"column":1}},"143":{"start":{"line":285,"column":4},"end":{"line":285,"column":47}},"144":{"start":{"line":286,"column":4},"end":{"line":286,"column":49}},"145":{"start":{"line":287,"column":4},"end":{"line":287,"column":62}},"146":{"start":{"line":288,"column":4},"end":{"line":288,"column":54}},"147":{"start":{"line":290,"column":4},"end":{"line":290,"column":35}},"148":{"start":{"line":291,"column":4},"end":{"line":291,"column":46}},"149":{"start":{"line":292,"column":4},"end":{"line":292,"column":40}},"150":{"start":{"line":294,"column":4},"end":{"line":299,"column":5}},"151":{"start":{"line":295,"column":8},"end":{"line":295,"column":107}},"152":{"start":{"line":296,"column":8},"end":{"line":298,"column":11}},"153":{"start":{"line":297,"column":12},"end":{"line":297,"column":132}},"154":{"start":{"line":301,"column":4},"end":{"line":305,"column":5}},"155":{"start":{"line":302,"column":8},"end":{"line":302,"column":32}},"156":{"start":{"line":304,"column":8},"end":{"line":304,"column":62}},"157":{"start":{"line":306,"column":4},"end":{"line":306,"column":18}},"158":{"start":{"line":309,"column":0},"end":{"line":311,"column":1}},"159":{"start":{"line":310,"column":4},"end":{"line":310,"column":33}},"160":{"start":{"line":313,"column":0},"end":{"line":323,"column":1}},"161":{"start":{"line":314,"column":4},"end":{"line":316,"column":5}},"162":{"start":{"line":315,"column":8},"end":{"line":315,"column":28}},"163":{"start":{"line":318,"column":4},"end":{"line":320,"column":5}},"164":{"start":{"line":319,"column":8},"end":{"line":319,"column":22}},"165":{"start":{"line":322,"column":4},"end":{"line":322,"column":34}},"166":{"start":{"line":325,"column":0},"end":{"line":327,"column":1}},"167":{"start":{"line":326,"column":4},"end":{"line":326,"column":27}},"168":{"start":{"line":329,"column":0},"end":{"line":331,"column":1}},"169":{"start":{"line":330,"column":4},"end":{"line":330,"column":28}},"170":{"start":{"line":333,"column":0},"end":{"line":392,"column":1}},"171":{"start":{"line":334,"column":4},"end":{"line":334,"column":25}},"172":{"start":{"line":336,"column":4},"end":{"line":338,"column":5}},"173":{"start":{"line":337,"column":8},"end":{"line":337,"column":37}},"174":{"start":{"line":340,"column":4},"end":{"line":342,"column":5}},"175":{"start":{"line":341,"column":8},"end":{"line":341,"column":32}},"176":{"start":{"line":344,"column":4},"end":{"line":344,"column":78}},"177":{"start":{"line":346,"column":4},"end":{"line":346,"column":42}},"178":{"start":{"line":347,"column":4},"end":{"line":347,"column":75}},"179":{"start":{"line":348,"column":4},"end":{"line":348,"column":44}},"180":{"start":{"line":349,"column":4},"end":{"line":349,"column":65}},"181":{"start":{"line":352,"column":4},"end":{"line":352,"column":80}},"182":{"start":{"line":353,"column":4},"end":{"line":353,"column":74}},"183":{"start":{"line":354,"column":4},"end":{"line":354,"column":54}},"184":{"start":{"line":355,"column":4},"end":{"line":355,"column":48}},"185":{"start":{"line":356,"column":4},"end":{"line":356,"column":36}},"186":{"start":{"line":357,"column":4},"end":{"line":357,"column":38}},"187":{"start":{"line":359,"column":4},"end":{"line":359,"column":26}},"188":{"start":{"line":361,"column":4},"end":{"line":376,"column":5}},"189":{"start":{"line":362,"column":8},"end":{"line":368,"column":11}},"190":{"start":{"line":370,"column":8},"end":{"line":370,"column":27}},"191":{"start":{"line":371,"column":8},"end":{"line":371,"column":41}},"192":{"start":{"line":373,"column":8},"end":{"line":375,"column":9}},"193":{"start":{"line":374,"column":12},"end":{"line":374,"column":55}},"194":{"start":{"line":379,"column":4},"end":{"line":379,"column":76}},"195":{"start":{"line":380,"column":4},"end":{"line":380,"column":79}},"196":{"start":{"line":381,"column":4},"end":{"line":381,"column":83}},"197":{"start":{"line":383,"column":4},"end":{"line":385,"column":5}},"198":{"start":{"line":384,"column":8},"end":{"line":384,"column":58}},"199":{"start":{"line":387,"column":4},"end":{"line":389,"column":5}},"200":{"start":{"line":388,"column":8},"end":{"line":388,"column":53}},"201":{"start":{"line":391,"column":4},"end":{"line":391,"column":18}},"202":{"start":{"line":394,"column":0},"end":{"line":400,"column":3}},"203":{"start":{"line":394,"column":30},"end":{"line":400,"column":1}},"204":{"start":{"line":395,"column":25},"end":{"line":395,"column":48}},"205":{"start":{"line":396,"column":30},"end":{"line":396,"column":58}},"206":{"start":{"line":397,"column":36},"end":{"line":397,"column":70}},"207":{"start":{"line":398,"column":37},"end":{"line":398,"column":72}},"208":{"start":{"line":399,"column":29},"end":{"line":399,"column":56}}},"branchMap":{"1":{"line":52,"type":"if","locations":[{"start":{"line":52,"column":4},"end":{"line":52,"column":4}},{"start":{"line":52,"column":4},"end":{"line":52,"column":4}}]},"2":{"line":58,"type":"if","locations":[{"start":{"line":58,"column":4},"end":{"line":58,"column":4}},{"start":{"line":58,"column":4},"end":{"line":58,"column":4}}]},"3":{"line":62,"type":"binary-expr","locations":[{"start":{"line":62,"column":17},"end":{"line":62,"column":38}},{"start":{"line":62,"column":42},"end":{"line":62,"column":44}}]},"4":{"line":63,"type":"binary-expr","locations":[{"start":{"line":63,"column":18},"end":{"line":63,"column":40}},{"start":{"line":63,"column":44},"end":{"line":63,"column":46}}]},"5":{"line":72,"type":"switch","locations":[{"start":{"line":73,"column":8},"end":{"line":74,"column":74}},{"start":{"line":75,"column":8},"end":{"line":76,"column":76}},{"start":{"line":77,"column":8},"end":{"line":78,"column":70}},{"start":{"line":79,"column":8},"end":{"line":80,"column":70}},{"start":{"line":81,"column":8},"end":{"line":82,"column":73}},{"start":{"line":83,"column":8},"end":{"line":83,"column":22}},{"start":{"line":84,"column":8},"end":{"line":85,"column":72}}]},"6":{"line":108,"type":"if","locations":[{"start":{"line":108,"column":4},"end":{"line":108,"column":4}},{"start":{"line":108,"column":4},"end":{"line":108,"column":4}}]},"7":{"line":113,"type":"if","locations":[{"start":{"line":113,"column":12},"end":{"line":113,"column":12}},{"start":{"line":113,"column":12},"end":{"line":113,"column":12}}]},"8":{"line":113,"type":"binary-expr","locations":[{"start":{"line":113,"column":16},"end":{"line":113,"column":26}},{"start":{"line":113,"column":30},"end":{"line":113,"column":39}}]},"9":{"line":121,"type":"if","locations":[{"start":{"line":121,"column":8},"end":{"line":121,"column":8}},{"start":{"line":121,"column":8},"end":{"line":121,"column":8}}]},"10":{"line":131,"type":"binary-expr","locations":[{"start":{"line":131,"column":15},"end":{"line":131,"column":34}},{"start":{"line":131,"column":38},"end":{"line":131,"column":46}}]},"11":{"line":137,"type":"cond-expr","locations":[{"start":{"line":137,"column":46},"end":{"line":137,"column":49}},{"start":{"line":137,"column":52},"end":{"line":137,"column":54}}]},"12":{"line":147,"type":"cond-expr","locations":[{"start":{"line":147,"column":46},"end":{"line":147,"column":49}},{"start":{"line":147,"column":52},"end":{"line":147,"column":54}}]},"13":{"line":154,"type":"cond-expr","locations":[{"start":{"line":154,"column":40},"end":{"line":154,"column":43}},{"start":{"line":154,"column":46},"end":{"line":154,"column":48}}]},"14":{"line":154,"type":"cond-expr","locations":[{"start":{"line":154,"column":79},"end":{"line":154,"column":82}},{"start":{"line":154,"column":85},"end":{"line":154,"column":87}}]},"15":{"line":160,"type":"cond-expr","locations":[{"start":{"line":160,"column":46},"end":{"line":160,"column":49}},{"start":{"line":160,"column":52},"end":{"line":160,"column":54}}]},"16":{"line":168,"type":"if","locations":[{"start":{"line":168,"column":4},"end":{"line":168,"column":4}},{"start":{"line":168,"column":4},"end":{"line":168,"column":4}}]},"17":{"line":172,"type":"if","locations":[{"start":{"line":172,"column":4},"end":{"line":172,"column":4}},{"start":{"line":172,"column":4},"end":{"line":172,"column":4}}]},"18":{"line":178,"type":"if","locations":[{"start":{"line":178,"column":4},"end":{"line":178,"column":4}},{"start":{"line":178,"column":4},"end":{"line":178,"column":4}}]},"19":{"line":182,"type":"if","locations":[{"start":{"line":182,"column":4},"end":{"line":182,"column":4}},{"start":{"line":182,"column":4},"end":{"line":182,"column":4}}]},"20":{"line":194,"type":"if","locations":[{"start":{"line":194,"column":4},"end":{"line":194,"column":4}},{"start":{"line":194,"column":4},"end":{"line":194,"column":4}}]},"21":{"line":194,"type":"binary-expr","locations":[{"start":{"line":194,"column":9},"end":{"line":194,"column":32}},{"start":{"line":194,"column":36},"end":{"line":194,"column":49}},{"start":{"line":194,"column":55},"end":{"line":194,"column":82}}]},"22":{"line":198,"type":"if","locations":[{"start":{"line":198,"column":11},"end":{"line":198,"column":11}},{"start":{"line":198,"column":11},"end":{"line":198,"column":11}}]},"23":{"line":198,"type":"binary-expr","locations":[{"start":{"line":198,"column":16},"end":{"line":198,"column":38}},{"start":{"line":198,"column":42},"end":{"line":198,"column":64}},{"start":{"line":198,"column":68},"end":{"line":198,"column":81}},{"start":{"line":198,"column":87},"end":{"line":198,"column":113}}]},"24":{"line":202,"type":"if","locations":[{"start":{"line":202,"column":11},"end":{"line":202,"column":11}},{"start":{"line":202,"column":11},"end":{"line":202,"column":11}}]},"25":{"line":202,"type":"binary-expr","locations":[{"start":{"line":202,"column":16},"end":{"line":202,"column":37}},{"start":{"line":202,"column":41},"end":{"line":202,"column":63}},{"start":{"line":202,"column":67},"end":{"line":202,"column":80}},{"start":{"line":202,"column":86},"end":{"line":202,"column":112}}]},"26":{"line":206,"type":"if","locations":[{"start":{"line":206,"column":11},"end":{"line":206,"column":11}},{"start":{"line":206,"column":11},"end":{"line":206,"column":11}}]},"27":{"line":206,"type":"binary-expr","locations":[{"start":{"line":206,"column":16},"end":{"line":206,"column":37}},{"start":{"line":206,"column":41},"end":{"line":206,"column":63}},{"start":{"line":206,"column":67},"end":{"line":206,"column":80}},{"start":{"line":206,"column":86},"end":{"line":206,"column":113}}]},"28":{"line":212,"type":"cond-expr","locations":[{"start":{"line":212,"column":41},"end":{"line":212,"column":44}},{"start":{"line":212,"column":47},"end":{"line":212,"column":49}}]},"29":{"line":214,"type":"if","locations":[{"start":{"line":214,"column":4},"end":{"line":214,"column":4}},{"start":{"line":214,"column":4},"end":{"line":214,"column":4}}]},"30":{"line":218,"type":"if","locations":[{"start":{"line":218,"column":4},"end":{"line":218,"column":4}},{"start":{"line":218,"column":4},"end":{"line":218,"column":4}}]},"31":{"line":227,"type":"if","locations":[{"start":{"line":227,"column":4},"end":{"line":227,"column":4}},{"start":{"line":227,"column":4},"end":{"line":227,"column":4}}]},"32":{"line":232,"type":"binary-expr","locations":[{"start":{"line":232,"column":26},"end":{"line":232,"column":57}},{"start":{"line":232,"column":61},"end":{"line":232,"column":63}}]},"33":{"line":234,"type":"if","locations":[{"start":{"line":234,"column":4},"end":{"line":234,"column":4}},{"start":{"line":234,"column":4},"end":{"line":234,"column":4}}]},"34":{"line":235,"type":"if","locations":[{"start":{"line":235,"column":8},"end":{"line":235,"column":8}},{"start":{"line":235,"column":8},"end":{"line":235,"column":8}}]},"35":{"line":236,"type":"if","locations":[{"start":{"line":236,"column":12},"end":{"line":236,"column":12}},{"start":{"line":236,"column":12},"end":{"line":236,"column":12}}]},"36":{"line":256,"type":"if","locations":[{"start":{"line":256,"column":4},"end":{"line":256,"column":4}},{"start":{"line":256,"column":4},"end":{"line":256,"column":4}}]},"37":{"line":274,"type":"if","locations":[{"start":{"line":274,"column":8},"end":{"line":274,"column":8}},{"start":{"line":274,"column":8},"end":{"line":274,"column":8}}]},"38":{"line":287,"type":"binary-expr","locations":[{"start":{"line":287,"column":23},"end":{"line":287,"column":39}},{"start":{"line":287,"column":43},"end":{"line":287,"column":61}}]},"39":{"line":288,"type":"binary-expr","locations":[{"start":{"line":288,"column":24},"end":{"line":288,"column":48}},{"start":{"line":288,"column":52},"end":{"line":288,"column":53}}]},"40":{"line":294,"type":"if","locations":[{"start":{"line":294,"column":4},"end":{"line":294,"column":4}},{"start":{"line":294,"column":4},"end":{"line":294,"column":4}}]},"41":{"line":301,"type":"if","locations":[{"start":{"line":301,"column":4},"end":{"line":301,"column":4}},{"start":{"line":301,"column":4},"end":{"line":301,"column":4}}]},"42":{"line":314,"type":"if","locations":[{"start":{"line":314,"column":4},"end":{"line":314,"column":4}},{"start":{"line":314,"column":4},"end":{"line":314,"column":4}}]},"43":{"line":318,"type":"if","locations":[{"start":{"line":318,"column":4},"end":{"line":318,"column":4}},{"start":{"line":318,"column":4},"end":{"line":318,"column":4}}]},"44":{"line":336,"type":"if","locations":[{"start":{"line":336,"column":4},"end":{"line":336,"column":4}},{"start":{"line":336,"column":4},"end":{"line":336,"column":4}}]},"45":{"line":336,"type":"binary-expr","locations":[{"start":{"line":336,"column":8},"end":{"line":336,"column":19}},{"start":{"line":336,"column":23},"end":{"line":336,"column":44}}]},"46":{"line":340,"type":"if","locations":[{"start":{"line":340,"column":4},"end":{"line":340,"column":4}},{"start":{"line":340,"column":4},"end":{"line":340,"column":4}}]},"47":{"line":347,"type":"cond-expr","locations":[{"start":{"line":347,"column":48},"end":{"line":347,"column":49}},{"start":{"line":347,"column":52},"end":{"line":347,"column":74}}]},"48":{"line":349,"type":"binary-expr","locations":[{"start":{"line":349,"column":18},"end":{"line":349,"column":29}},{"start":{"line":349,"column":33},"end":{"line":349,"column":45}},{"start":{"line":349,"column":49},"end":{"line":349,"column":64}}]},"49":{"line":352,"type":"cond-expr","locations":[{"start":{"line":352,"column":42},"end":{"line":352,"column":44}},{"start":{"line":352,"column":48},"end":{"line":352,"column":78}}]},"50":{"line":352,"type":"cond-expr","locations":[{"start":{"line":352,"column":58},"end":{"line":352,"column":59}},{"start":{"line":352,"column":62},"end":{"line":352,"column":78}}]},"51":{"line":353,"type":"cond-expr","locations":[{"start":{"line":353,"column":41},"end":{"line":353,"column":46}},{"start":{"line":353,"column":49},"end":{"line":353,"column":73}}]},"52":{"line":361,"type":"if","locations":[{"start":{"line":361,"column":4},"end":{"line":361,"column":4}},{"start":{"line":361,"column":4},"end":{"line":361,"column":4}}]},"53":{"line":373,"type":"if","locations":[{"start":{"line":373,"column":8},"end":{"line":373,"column":8}},{"start":{"line":373,"column":8},"end":{"line":373,"column":8}}]},"54":{"line":383,"type":"if","locations":[{"start":{"line":383,"column":4},"end":{"line":383,"column":4}},{"start":{"line":383,"column":4},"end":{"line":383,"column":4}}]},"55":{"line":387,"type":"if","locations":[{"start":{"line":387,"column":4},"end":{"line":387,"column":4}},{"start":{"line":387,"column":4},"end":{"line":387,"column":4}}]},"56":{"line":387,"type":"binary-expr","locations":[{"start":{"line":387,"column":8},"end":{"line":387,"column":17}},{"start":{"line":387,"column":21},"end":{"line":387,"column":30}}]}}},"/Users/benjamin/projects/numbro/src/globalState.js":{"path":"/Users/benjamin/projects/numbro/src/globalState.js","s":{"1":2,"2":2,"3":2,"4":2,"5":2,"6":2,"7":1,"8":3,"9":1,"10":160,"11":2,"12":3,"13":2,"14":3,"15":2,"16":34,"17":2,"18":35,"19":2,"20":36,"21":2,"22":34,"23":2,"24":12,"25":2,"26":2,"27":2,"28":2,"29":2,"30":2,"31":2,"32":2,"33":2,"34":36,"35":2,"36":6,"37":2,"38":2,"39":2,"40":3,"41":2,"42":1,"43":1,"44":1,"45":2,"46":6,"47":1,"48":5,"49":5,"50":1,"51":2,"52":4,"53":4,"54":4,"55":4,"56":3,"57":6,"58":1,"59":3,"60":1,"61":2,"62":1,"63":1,"64":4,"65":2,"66":2,"67":2},"b":{"1":[3,3],"2":[2,1],"3":[1,1],"4":[1,5],"5":[1,4],"6":[3,1],"7":[1,5],"8":[6,5],"9":[1,2],"10":[1,1]},"f":{"1":3,"2":160},"fnMap":{"1":{"name":"chooseLanguage","line":33,"loc":{"start":{"line":33,"column":0},"end":{"line":33,"column":29}}},"2":{"name":"currentLanguageData","line":35,"loc":{"start":{"line":35,"column":0},"end":{"line":35,"column":31}}}},"statementMap":{"1":{"start":{"line":23,"column":0},"end":{"line":23,"column":32}},"2":{"start":{"line":24,"column":0},"end":{"line":24,"column":43}},"3":{"start":{"line":26,"column":0},"end":{"line":26,"column":15}},"4":{"start":{"line":28,"column":0},"end":{"line":28,"column":35}},"5":{"start":{"line":29,"column":0},"end":{"line":29,"column":19}},"6":{"start":{"line":31,"column":0},"end":{"line":31,"column":22}},"7":{"start":{"line":33,"column":0},"end":{"line":33,"column":58}},"8":{"start":{"line":33,"column":31},"end":{"line":33,"column":56}},"9":{"start":{"line":35,"column":0},"end":{"line":35,"column":72}},"10":{"start":{"line":35,"column":33},"end":{"line":35,"column":70}},"11":{"start":{"line":37,"column":0},"end":{"line":37,"column":53}},"12":{"start":{"line":37,"column":24},"end":{"line":37,"column":52}},"13":{"start":{"line":43,"column":0},"end":{"line":43,"column":49}},"14":{"start":{"line":43,"column":30},"end":{"line":43,"column":48}},"15":{"start":{"line":44,"column":0},"end":{"line":44,"column":61}},"16":{"start":{"line":44,"column":30},"end":{"line":44,"column":60}},"17":{"start":{"line":45,"column":0},"end":{"line":45,"column":71}},"18":{"start":{"line":45,"column":35},"end":{"line":45,"column":70}},"19":{"start":{"line":46,"column":0},"end":{"line":46,"column":65}},"20":{"start":{"line":46,"column":32},"end":{"line":46,"column":64}},"21":{"start":{"line":47,"column":0},"end":{"line":47,"column":59}},"22":{"start":{"line":47,"column":29},"end":{"line":47,"column":58}},"23":{"start":{"line":53,"column":0},"end":{"line":53,"column":80}},"24":{"start":{"line":53,"column":30},"end":{"line":53,"column":79}},"25":{"start":{"line":54,"column":0},"end":{"line":54,"column":119}},"26":{"start":{"line":54,"column":37},"end":{"line":54,"column":118}},"27":{"start":{"line":55,"column":0},"end":{"line":55,"column":113}},"28":{"start":{"line":55,"column":34},"end":{"line":55,"column":112}},"29":{"start":{"line":56,"column":0},"end":{"line":56,"column":125}},"30":{"start":{"line":56,"column":40},"end":{"line":56,"column":124}},"31":{"start":{"line":57,"column":0},"end":{"line":57,"column":121}},"32":{"start":{"line":57,"column":38},"end":{"line":57,"column":120}},"33":{"start":{"line":63,"column":0},"end":{"line":63,"column":39}},"34":{"start":{"line":63,"column":28},"end":{"line":63,"column":38}},"35":{"start":{"line":64,"column":0},"end":{"line":64,"column":91}},"36":{"start":{"line":64,"column":34},"end":{"line":64,"column":90}},"37":{"start":{"line":65,"column":0},"end":{"line":65,"column":48}},"38":{"start":{"line":65,"column":28},"end":{"line":65,"column":47}},"39":{"start":{"line":71,"column":0},"end":{"line":80,"column":2}},"40":{"start":{"line":72,"column":4},"end":{"line":77,"column":5}},"41":{"start":{"line":73,"column":8},"end":{"line":75,"column":9}},"42":{"start":{"line":74,"column":12},"end":{"line":74,"column":34}},"43":{"start":{"line":76,"column":8},"end":{"line":76,"column":48}},"44":{"start":{"line":79,"column":4},"end":{"line":79,"column":33}},"45":{"start":{"line":82,"column":0},"end":{"line":92,"column":2}},"46":{"start":{"line":83,"column":4},"end":{"line":85,"column":5}},"47":{"start":{"line":84,"column":8},"end":{"line":84,"column":49}},"48":{"start":{"line":87,"column":4},"end":{"line":87,"column":39}},"49":{"start":{"line":89,"column":4},"end":{"line":91,"column":5}},"50":{"start":{"line":90,"column":8},"end":{"line":90,"column":41}},"51":{"start":{"line":94,"column":0},"end":{"line":115,"column":2}},"52":{"start":{"line":95,"column":4},"end":{"line":95,"column":23}},"53":{"start":{"line":96,"column":4},"end":{"line":96,"column":35}},"54":{"start":{"line":97,"column":4},"end":{"line":97,"column":35}},"55":{"start":{"line":98,"column":4},"end":{"line":112,"column":5}},"56":{"start":{"line":99,"column":8},"end":{"line":103,"column":11}},"57":{"start":{"line":100,"column":12},"end":{"line":102,"column":13}},"58":{"start":{"line":101,"column":16},"end":{"line":101,"column":43}},"59":{"start":{"line":105,"column":8},"end":{"line":111,"column":9}},"60":{"start":{"line":106,"column":12},"end":{"line":106,"column":43}},"61":{"start":{"line":107,"column":15},"end":{"line":111,"column":9}},"62":{"start":{"line":108,"column":12},"end":{"line":108,"column":35}},"63":{"start":{"line":110,"column":12},"end":{"line":110,"column":40}},"64":{"start":{"line":114,"column":4},"end":{"line":114,"column":29}},"65":{"start":{"line":117,"column":0},"end":{"line":117,"column":29}},"66":{"start":{"line":118,"column":0},"end":{"line":118,"column":38}},"67":{"start":{"line":120,"column":0},"end":{"line":120,"column":23}}},"branchMap":{"1":{"line":64,"type":"cond-expr","locations":[{"start":{"line":64,"column":77},"end":{"line":64,"column":83}},{"start":{"line":64,"column":86},"end":{"line":64,"column":90}}]},"2":{"line":72,"type":"if","locations":[{"start":{"line":72,"column":4},"end":{"line":72,"column":4}},{"start":{"line":72,"column":4},"end":{"line":72,"column":4}}]},"3":{"line":73,"type":"if","locations":[{"start":{"line":73,"column":8},"end":{"line":73,"column":8}},{"start":{"line":73,"column":8},"end":{"line":73,"column":8}}]},"4":{"line":83,"type":"if","locations":[{"start":{"line":83,"column":4},"end":{"line":83,"column":4}},{"start":{"line":83,"column":4},"end":{"line":83,"column":4}}]},"5":{"line":89,"type":"if","locations":[{"start":{"line":89,"column":4},"end":{"line":89,"column":4}},{"start":{"line":89,"column":4},"end":{"line":89,"column":4}}]},"6":{"line":98,"type":"if","locations":[{"start":{"line":98,"column":4},"end":{"line":98,"column":4}},{"start":{"line":98,"column":4},"end":{"line":98,"column":4}}]},"7":{"line":100,"type":"if","locations":[{"start":{"line":100,"column":12},"end":{"line":100,"column":12}},{"start":{"line":100,"column":12},"end":{"line":100,"column":12}}]},"8":{"line":100,"type":"binary-expr","locations":[{"start":{"line":100,"column":16},"end":{"line":100,"column":36}},{"start":{"line":100,"column":40},"end":{"line":100,"column":69}}]},"9":{"line":105,"type":"if","locations":[{"start":{"line":105,"column":8},"end":{"line":105,"column":8}},{"start":{"line":105,"column":8},"end":{"line":105,"column":8}}]},"10":{"line":107,"type":"if","locations":[{"start":{"line":107,"column":15},"end":{"line":107,"column":15}},{"start":{"line":107,"column":15},"end":{"line":107,"column":15}}]}}},"/Users/benjamin/projects/numbro/src/manipulating.js":{"path":"/Users/benjamin/projects/numbro/src/manipulating.js","s":{"1":1,"2":220,"3":220,"4":220,"5":146,"6":74,"7":1,"8":42,"9":86,"10":86,"11":86,"12":42,"13":1,"14":8,"15":8,"16":4,"17":8,"18":1,"19":16,"20":8,"21":8,"22":1,"23":8,"24":8,"25":4,"26":8,"27":1,"28":8,"29":8,"30":8,"31":1,"32":8,"33":8,"34":4,"35":1,"36":16,"37":16,"38":16,"39":16,"40":16,"41":8,"42":8,"43":1,"44":8,"45":8,"46":4,"47":1,"48":8,"49":8,"50":8,"51":8,"52":1,"53":8,"54":8,"55":4,"56":8,"57":8,"58":1,"59":1,"60":8,"61":8,"62":8,"63":8,"64":8},"b":{"1":[146,74],"2":[10,76],"3":[4,4],"4":[4,4],"5":[4,4],"6":[4,4],"7":[4,4]},"f":{"1":220,"2":42,"3":8,"4":16,"5":8,"6":8,"7":8,"8":16,"9":8,"10":8,"11":8},"fnMap":{"1":{"name":"multiplier","line":25,"loc":{"start":{"line":25,"column":0},"end":{"line":25,"column":23}}},"2":{"name":"correctionFactor","line":36,"loc":{"start":{"line":36,"column":0},"end":{"line":36,"column":35}}},"3":{"name":"add","line":46,"loc":{"start":{"line":46,"column":0},"end":{"line":46,"column":31}}},"4":{"name":"callback","line":55,"loc":{"start":{"line":55,"column":4},"end":{"line":55,"column":35}}},"5":{"name":"subtract","line":63,"loc":{"start":{"line":63,"column":0},"end":{"line":63,"column":36}}},"6":{"name":"callback","line":72,"loc":{"start":{"line":72,"column":4},"end":{"line":72,"column":35}}},"7":{"name":"multiply","line":80,"loc":{"start":{"line":80,"column":0},"end":{"line":80,"column":36}}},"8":{"name":"callback","line":87,"loc":{"start":{"line":87,"column":4},"end":{"line":87,"column":35}}},"9":{"name":"divide","line":100,"loc":{"start":{"line":100,"column":0},"end":{"line":100,"column":34}}},"10":{"name":"callback","line":107,"loc":{"start":{"line":107,"column":4},"end":{"line":107,"column":35}}},"11":{"name":"set","line":116,"loc":{"start":{"line":116,"column":0},"end":{"line":116,"column":32}}}},"statementMap":{"1":{"start":{"line":25,"column":0},"end":{"line":34,"column":1}},"2":{"start":{"line":26,"column":4},"end":{"line":26,"column":40}},"3":{"start":{"line":27,"column":4},"end":{"line":27,"column":28}},"4":{"start":{"line":29,"column":4},"end":{"line":31,"column":5}},"5":{"start":{"line":30,"column":8},"end":{"line":30,"column":17}},"6":{"start":{"line":33,"column":4},"end":{"line":33,"column":41}},"7":{"start":{"line":36,"column":0},"end":{"line":44,"column":1}},"8":{"start":{"line":37,"column":4},"end":{"line":41,"column":18}},"9":{"start":{"line":38,"column":8},"end":{"line":38,"column":34}},"10":{"start":{"line":39,"column":8},"end":{"line":39,"column":34}},"11":{"start":{"line":40,"column":8},"end":{"line":40,"column":37}},"12":{"start":{"line":43,"column":4},"end":{"line":43,"column":31}},"13":{"start":{"line":46,"column":0},"end":{"line":61,"column":1}},"14":{"start":{"line":47,"column":4},"end":{"line":47,"column":22}},"15":{"start":{"line":49,"column":4},"end":{"line":51,"column":5}},"16":{"start":{"line":50,"column":8},"end":{"line":50,"column":29}},"17":{"start":{"line":53,"column":4},"end":{"line":53,"column":51}},"18":{"start":{"line":55,"column":4},"end":{"line":57,"column":5}},"19":{"start":{"line":56,"column":8},"end":{"line":56,"column":37}},"20":{"start":{"line":59,"column":4},"end":{"line":59,"column":62}},"21":{"start":{"line":60,"column":4},"end":{"line":60,"column":13}},"22":{"start":{"line":63,"column":0},"end":{"line":78,"column":1}},"23":{"start":{"line":64,"column":4},"end":{"line":64,"column":22}},"24":{"start":{"line":66,"column":4},"end":{"line":68,"column":5}},"25":{"start":{"line":67,"column":8},"end":{"line":67,"column":29}},"26":{"start":{"line":70,"column":4},"end":{"line":70,"column":51}},"27":{"start":{"line":72,"column":4},"end":{"line":74,"column":5}},"28":{"start":{"line":73,"column":8},"end":{"line":73,"column":37}},"29":{"start":{"line":76,"column":4},"end":{"line":76,"column":68}},"30":{"start":{"line":77,"column":4},"end":{"line":77,"column":13}},"31":{"start":{"line":80,"column":0},"end":{"line":98,"column":1}},"32":{"start":{"line":81,"column":4},"end":{"line":81,"column":22}},"33":{"start":{"line":83,"column":4},"end":{"line":85,"column":5}},"34":{"start":{"line":84,"column":8},"end":{"line":84,"column":29}},"35":{"start":{"line":87,"column":4},"end":{"line":94,"column":5}},"36":{"start":{"line":88,"column":8},"end":{"line":88,"column":51}},"37":{"start":{"line":89,"column":8},"end":{"line":89,"column":36}},"38":{"start":{"line":90,"column":8},"end":{"line":90,"column":32}},"39":{"start":{"line":91,"column":8},"end":{"line":91,"column":34}},"40":{"start":{"line":93,"column":8},"end":{"line":93,"column":22}},"41":{"start":{"line":96,"column":4},"end":{"line":96,"column":53}},"42":{"start":{"line":97,"column":4},"end":{"line":97,"column":13}},"43":{"start":{"line":100,"column":0},"end":{"line":114,"column":1}},"44":{"start":{"line":101,"column":4},"end":{"line":101,"column":22}},"45":{"start":{"line":103,"column":4},"end":{"line":105,"column":5}},"46":{"start":{"line":104,"column":8},"end":{"line":104,"column":29}},"47":{"start":{"line":107,"column":4},"end":{"line":110,"column":5}},"48":{"start":{"line":108,"column":8},"end":{"line":108,"column":51}},"49":{"start":{"line":109,"column":8},"end":{"line":109,"column":50}},"50":{"start":{"line":112,"column":4},"end":{"line":112,"column":50}},"51":{"start":{"line":113,"column":4},"end":{"line":113,"column":13}},"52":{"start":{"line":116,"column":0},"end":{"line":125,"column":1}},"53":{"start":{"line":117,"column":4},"end":{"line":117,"column":22}},"54":{"start":{"line":119,"column":4},"end":{"line":121,"column":5}},"55":{"start":{"line":120,"column":8},"end":{"line":120,"column":29}},"56":{"start":{"line":123,"column":4},"end":{"line":123,"column":21}},"57":{"start":{"line":124,"column":4},"end":{"line":124,"column":13}},"58":{"start":{"line":127,"column":0},"end":{"line":133,"column":3}},"59":{"start":{"line":127,"column":28},"end":{"line":133,"column":1}},"60":{"start":{"line":128,"column":23},"end":{"line":128,"column":44}},"61":{"start":{"line":129,"column":28},"end":{"line":129,"column":54}},"62":{"start":{"line":130,"column":28},"end":{"line":130,"column":54}},"63":{"start":{"line":131,"column":26},"end":{"line":131,"column":50}},"64":{"start":{"line":132,"column":23},"end":{"line":132,"column":44}}},"branchMap":{"1":{"line":29,"type":"if","locations":[{"start":{"line":29,"column":4},"end":{"line":29,"column":4}},{"start":{"line":29,"column":4},"end":{"line":29,"column":4}}]},"2":{"line":40,"type":"cond-expr","locations":[{"start":{"line":40,"column":25},"end":{"line":40,"column":29}},{"start":{"line":40,"column":32},"end":{"line":40,"column":36}}]},"3":{"line":49,"type":"if","locations":[{"start":{"line":49,"column":4},"end":{"line":49,"column":4}},{"start":{"line":49,"column":4},"end":{"line":49,"column":4}}]},"4":{"line":66,"type":"if","locations":[{"start":{"line":66,"column":4},"end":{"line":66,"column":4}},{"start":{"line":66,"column":4},"end":{"line":66,"column":4}}]},"5":{"line":83,"type":"if","locations":[{"start":{"line":83,"column":4},"end":{"line":83,"column":4}},{"start":{"line":83,"column":4},"end":{"line":83,"column":4}}]},"6":{"line":103,"type":"if","locations":[{"start":{"line":103,"column":4},"end":{"line":103,"column":4}},{"start":{"line":103,"column":4},"end":{"line":103,"column":4}}]},"7":{"line":119,"type":"if","locations":[{"start":{"line":119,"column":4},"end":{"line":119,"column":4}},{"start":{"line":119,"column":4},"end":{"line":119,"column":4}}]}}},"/Users/benjamin/projects/numbro/src/unformatting.js":{"path":"/Users/benjamin/projects/numbro/src/unformatting.js","s":{"1":1,"2":1,"3":1,"4":53,"5":1,"6":111,"7":1,"8":110,"9":48,"10":62,"11":2,"12":60,"13":60,"14":3,"15":57,"16":57,"17":4,"18":53,"19":53,"20":7,"21":46,"22":46,"23":4,"24":42,"25":501,"26":501,"27":501,"28":24,"29":18,"30":18,"31":2,"32":16,"33":16,"34":2,"35":14,"36":14,"37":14,"38":7,"39":7,"40":7,"41":7,"42":20,"43":20,"44":20,"45":6,"46":6,"47":1,"48":1,"49":2,"50":2,"51":1,"52":1,"53":2,"54":2,"55":6,"56":1,"57":1,"58":25,"59":25,"60":1,"61":24,"62":24,"63":20,"64":4,"65":4,"66":4,"67":4,"68":1,"69":5,"70":5,"71":5,"72":5,"73":5,"74":1,"75":33,"76":33,"77":33,"78":33,"79":33,"80":33,"81":33,"82":21,"83":2,"84":19,"85":12,"86":7,"87":5,"88":28,"89":3,"90":25,"91":1,"92":1,"93":33},"b":{"1":[1,110],"2":[48,62],"3":[2,60],"4":[3,57],"5":[4,53],"6":[7,46],"7":[4,42],"8":[24,477],"9":[2,16],"10":[2,14],"11":[7,7],"12":[6,14],"13":[1,2,1,2],"14":[25,25],"15":[1,24],"16":[20,4],"17":[4,4,3],"18":[21,12],"19":[2,19],"20":[7,5],"21":[3,25]},"f":{"1":53,"2":111,"3":25,"4":5,"5":33},"fnMap":{"1":{"name":"escapeRegExp","line":45,"loc":{"start":{"line":45,"column":0},"end":{"line":45,"column":25}}},"2":{"name":"unformatValue","line":49,"loc":{"start":{"line":49,"column":0},"end":{"line":49,"column":113}}},"3":{"name":"matchesTime","line":162,"loc":{"start":{"line":162,"column":0},"end":{"line":162,"column":46}}},"4":{"name":"unformatTime","line":181,"loc":{"start":{"line":181,"column":0},"end":{"line":181,"column":35}}},"5":{"name":"unformat","line":191,"loc":{"start":{"line":191,"column":0},"end":{"line":191,"column":47}}}},"statementMap":{"1":{"start":{"line":23,"column":0},"end":{"line":41,"column":2}},"2":{"start":{"line":43,"column":0},"end":{"line":43,"column":45}},"3":{"start":{"line":45,"column":0},"end":{"line":47,"column":1}},"4":{"start":{"line":46,"column":4},"end":{"line":46,"column":54}},"5":{"start":{"line":49,"column":0},"end":{"line":160,"column":1}},"6":{"start":{"line":50,"column":4},"end":{"line":52,"column":5}},"7":{"start":{"line":51,"column":8},"end":{"line":51,"column":25}},"8":{"start":{"line":54,"column":4},"end":{"line":56,"column":5}},"9":{"start":{"line":55,"column":8},"end":{"line":55,"column":28}},"10":{"start":{"line":60,"column":4},"end":{"line":62,"column":5}},"11":{"start":{"line":61,"column":8},"end":{"line":61,"column":17}},"12":{"start":{"line":66,"column":4},"end":{"line":66,"column":49}},"13":{"start":{"line":68,"column":4},"end":{"line":70,"column":5}},"14":{"start":{"line":69,"column":8},"end":{"line":69,"column":116}},"15":{"start":{"line":74,"column":4},"end":{"line":74,"column":59}},"16":{"start":{"line":76,"column":4},"end":{"line":78,"column":5}},"17":{"start":{"line":77,"column":8},"end":{"line":77,"column":111}},"18":{"start":{"line":82,"column":4},"end":{"line":82,"column":92}},"19":{"start":{"line":84,"column":4},"end":{"line":86,"column":5}},"20":{"start":{"line":85,"column":8},"end":{"line":85,"column":111}},"21":{"start":{"line":90,"column":4},"end":{"line":90,"column":60}},"22":{"start":{"line":92,"column":4},"end":{"line":94,"column":5}},"23":{"start":{"line":93,"column":8},"end":{"line":93,"column":111}},"24":{"start":{"line":98,"column":4},"end":{"line":105,"column":5}},"25":{"start":{"line":99,"column":8},"end":{"line":99,"column":36}},"26":{"start":{"line":100,"column":8},"end":{"line":100,"column":55}},"27":{"start":{"line":102,"column":8},"end":{"line":104,"column":9}},"28":{"start":{"line":103,"column":12},"end":{"line":103,"column":131}},"29":{"start":{"line":109,"column":4},"end":{"line":109,"column":44}},"30":{"start":{"line":111,"column":4},"end":{"line":113,"column":5}},"31":{"start":{"line":112,"column":8},"end":{"line":112,"column":117}},"32":{"start":{"line":117,"column":4},"end":{"line":117,"column":57}},"33":{"start":{"line":119,"column":4},"end":{"line":121,"column":5}},"34":{"start":{"line":120,"column":8},"end":{"line":120,"column":25}},"35":{"start":{"line":123,"column":4},"end":{"line":123,"column":54}},"36":{"start":{"line":124,"column":4},"end":{"line":124,"column":54}},"37":{"start":{"line":126,"column":4},"end":{"line":128,"column":5}},"38":{"start":{"line":127,"column":8},"end":{"line":127,"column":75}},"39":{"start":{"line":131,"column":4},"end":{"line":131,"column":54}},"40":{"start":{"line":132,"column":4},"end":{"line":132,"column":56}},"41":{"start":{"line":134,"column":4},"end":{"line":157,"column":5}},"42":{"start":{"line":135,"column":8},"end":{"line":135,"column":38}},"43":{"start":{"line":137,"column":8},"end":{"line":137,"column":63}},"44":{"start":{"line":139,"column":8},"end":{"line":156,"column":9}},"45":{"start":{"line":140,"column":12},"end":{"line":140,"column":35}},"46":{"start":{"line":141,"column":12},"end":{"line":154,"column":13}},"47":{"start":{"line":143,"column":20},"end":{"line":143,"column":47}},"48":{"start":{"line":144,"column":20},"end":{"line":144,"column":26}},"49":{"start":{"line":146,"column":20},"end":{"line":146,"column":47}},"50":{"start":{"line":147,"column":20},"end":{"line":147,"column":26}},"51":{"start":{"line":149,"column":20},"end":{"line":149,"column":47}},"52":{"start":{"line":150,"column":20},"end":{"line":150,"column":26}},"53":{"start":{"line":152,"column":20},"end":{"line":152,"column":47}},"54":{"start":{"line":153,"column":20},"end":{"line":153,"column":26}},"55":{"start":{"line":155,"column":12},"end":{"line":155,"column":124}},"56":{"start":{"line":159,"column":4},"end":{"line":159,"column":21}},"57":{"start":{"line":162,"column":0},"end":{"line":179,"column":1}},"58":{"start":{"line":163,"column":4},"end":{"line":163,"column":78}},"59":{"start":{"line":165,"column":4},"end":{"line":167,"column":5}},"60":{"start":{"line":166,"column":8},"end":{"line":166,"column":21}},"61":{"start":{"line":169,"column":4},"end":{"line":169,"column":42}},"62":{"start":{"line":170,"column":4},"end":{"line":172,"column":5}},"63":{"start":{"line":171,"column":8},"end":{"line":171,"column":21}},"64":{"start":{"line":174,"column":4},"end":{"line":174,"column":29}},"65":{"start":{"line":175,"column":4},"end":{"line":175,"column":31}},"66":{"start":{"line":176,"column":4},"end":{"line":176,"column":31}},"67":{"start":{"line":178,"column":4},"end":{"line":178,"column":63}},"68":{"start":{"line":181,"column":0},"end":{"line":189,"column":1}},"69":{"start":{"line":182,"column":4},"end":{"line":182,"column":42}},"70":{"start":{"line":184,"column":4},"end":{"line":184,"column":29}},"71":{"start":{"line":185,"column":4},"end":{"line":185,"column":31}},"72":{"start":{"line":186,"column":4},"end":{"line":186,"column":31}},"73":{"start":{"line":188,"column":4},"end":{"line":188,"column":49}},"74":{"start":{"line":191,"column":0},"end":{"line":217,"column":1}},"75":{"start":{"line":192,"column":4},"end":{"line":192,"column":53}},"76":{"start":{"line":193,"column":4},"end":{"line":193,"column":62}},"77":{"start":{"line":194,"column":4},"end":{"line":194,"column":47}},"78":{"start":{"line":195,"column":4},"end":{"line":195,"column":49}},"79":{"start":{"line":196,"column":4},"end":{"line":196,"column":59}},"80":{"start":{"line":198,"column":4},"end":{"line":198,"column":26}},"81":{"start":{"line":200,"column":4},"end":{"line":210,"column":5}},"82":{"start":{"line":201,"column":8},"end":{"line":205,"column":9}},"83":{"start":{"line":202,"column":12},"end":{"line":202,"column":46}},"84":{"start":{"line":204,"column":12},"end":{"line":204,"column":119}},"85":{"start":{"line":206,"column":11},"end":{"line":210,"column":5}},"86":{"start":{"line":207,"column":8},"end":{"line":207,"column":28}},"87":{"start":{"line":209,"column":8},"end":{"line":209,"column":25}},"88":{"start":{"line":212,"column":4},"end":{"line":214,"column":5}},"89":{"start":{"line":213,"column":8},"end":{"line":213,"column":25}},"90":{"start":{"line":216,"column":4},"end":{"line":216,"column":25}},"91":{"start":{"line":219,"column":0},"end":{"line":221,"column":3}},"92":{"start":{"line":219,"column":30},"end":{"line":221,"column":1}},"93":{"start":{"line":220,"column":33},"end":{"line":220,"column":64}}},"branchMap":{"1":{"line":50,"type":"if","locations":[{"start":{"line":50,"column":4},"end":{"line":50,"column":4}},{"start":{"line":50,"column":4},"end":{"line":50,"column":4}}]},"2":{"line":54,"type":"if","locations":[{"start":{"line":54,"column":4},"end":{"line":54,"column":4}},{"start":{"line":54,"column":4},"end":{"line":54,"column":4}}]},"3":{"line":60,"type":"if","locations":[{"start":{"line":60,"column":4},"end":{"line":60,"column":4}},{"start":{"line":60,"column":4},"end":{"line":60,"column":4}}]},"4":{"line":68,"type":"if","locations":[{"start":{"line":68,"column":4},"end":{"line":68,"column":4}},{"start":{"line":68,"column":4},"end":{"line":68,"column":4}}]},"5":{"line":76,"type":"if","locations":[{"start":{"line":76,"column":4},"end":{"line":76,"column":4}},{"start":{"line":76,"column":4},"end":{"line":76,"column":4}}]},"6":{"line":84,"type":"if","locations":[{"start":{"line":84,"column":4},"end":{"line":84,"column":4}},{"start":{"line":84,"column":4},"end":{"line":84,"column":4}}]},"7":{"line":92,"type":"if","locations":[{"start":{"line":92,"column":4},"end":{"line":92,"column":4}},{"start":{"line":92,"column":4},"end":{"line":92,"column":4}}]},"8":{"line":102,"type":"if","locations":[{"start":{"line":102,"column":8},"end":{"line":102,"column":8}},{"start":{"line":102,"column":8},"end":{"line":102,"column":8}}]},"9":{"line":111,"type":"if","locations":[{"start":{"line":111,"column":4},"end":{"line":111,"column":4}},{"start":{"line":111,"column":4},"end":{"line":111,"column":4}}]},"10":{"line":119,"type":"if","locations":[{"start":{"line":119,"column":4},"end":{"line":119,"column":4}},{"start":{"line":119,"column":4},"end":{"line":119,"column":4}}]},"11":{"line":126,"type":"if","locations":[{"start":{"line":126,"column":4},"end":{"line":126,"column":4}},{"start":{"line":126,"column":4},"end":{"line":126,"column":4}}]},"12":{"line":139,"type":"if","locations":[{"start":{"line":139,"column":8},"end":{"line":139,"column":8}},{"start":{"line":139,"column":8},"end":{"line":139,"column":8}}]},"13":{"line":141,"type":"switch","locations":[{"start":{"line":142,"column":16},"end":{"line":144,"column":26}},{"start":{"line":145,"column":16},"end":{"line":147,"column":26}},{"start":{"line":148,"column":16},"end":{"line":150,"column":26}},{"start":{"line":151,"column":16},"end":{"line":153,"column":26}}]},"14":{"line":163,"type":"binary-expr","locations":[{"start":{"line":163,"column":21},"end":{"line":163,"column":45}},{"start":{"line":163,"column":49},"end":{"line":163,"column":77}}]},"15":{"line":165,"type":"if","locations":[{"start":{"line":165,"column":4},"end":{"line":165,"column":4}},{"start":{"line":165,"column":4},"end":{"line":165,"column":4}}]},"16":{"line":170,"type":"if","locations":[{"start":{"line":170,"column":4},"end":{"line":170,"column":4}},{"start":{"line":170,"column":4},"end":{"line":170,"column":4}}]},"17":{"line":178,"type":"binary-expr","locations":[{"start":{"line":178,"column":11},"end":{"line":178,"column":24}},{"start":{"line":178,"column":28},"end":{"line":178,"column":43}},{"start":{"line":178,"column":47},"end":{"line":178,"column":62}}]},"18":{"line":200,"type":"if","locations":[{"start":{"line":200,"column":4},"end":{"line":200,"column":4}},{"start":{"line":200,"column":4},"end":{"line":200,"column":4}}]},"19":{"line":201,"type":"if","locations":[{"start":{"line":201,"column":8},"end":{"line":201,"column":8}},{"start":{"line":201,"column":8},"end":{"line":201,"column":8}}]},"20":{"line":206,"type":"if","locations":[{"start":{"line":206,"column":11},"end":{"line":206,"column":11}},{"start":{"line":206,"column":11},"end":{"line":206,"column":11}}]},"21":{"line":212,"type":"if","locations":[{"start":{"line":212,"column":4},"end":{"line":212,"column":4}},{"start":{"line":212,"column":4},"end":{"line":212,"column":4}}]}}}}