TN:
SF:/Users/benjamin/projects/numbro/languages/bg.js
FNF:0
FNH:0
DA:7,1
DA:19,8
LF:2
LH:2
BRF:0
BRH:0
end_of_record
TN:
SF:/Users/benjamin/projects/numbro/languages/cs-CZ.js
FN:20,(anonymous_1)
FNF:1
FNH:1
FNDA:8,(anonymous_1)
DA:8,1
DA:21,8
LF:2
LH:2
BRF:0
BRH:0
end_of_record
TN:
SF:/Users/benjamin/projects/numbro/languages/da-DK.js
FN:20,(anonymous_1)
FNF:1
FNH:1
FNDA:7,(anonymous_1)
DA:8,1
DA:21,7
LF:2
LH:2
BRF:0
BRH:0
end_of_record
TN:
SF:/Users/benjamin/projects/numbro/languages/de-AT.js
FN:20,(anonymous_1)
FNF:1
FNH:1
FNDA:7,(anonymous_1)
DA:8,1
DA:21,7
LF:2
LH:2
BRF:0
BRH:0
end_of_record
TN:
SF:/Users/benjamin/projects/numbro/languages/de-CH.js
FN:20,(anonymous_1)
FNF:1
FNH:1
FNDA:7,(anonymous_1)
DA:8,1
DA:21,7
LF:2
LH:2
BRF:0
BRH:0
end_of_record
TN:
SF:/Users/benjamin/projects/numbro/languages/de-DE.js
FN:22,(anonymous_1)
FNF:1
FNH:1
FNDA:7,(anonymous_1)
DA:10,1
DA:23,7
LF:2
LH:2
BRF:0
BRH:0
end_of_record
TN:
SF:/Users/benjamin/projects/numbro/languages/de-LI.js
FN:20,(anonymous_1)
FNF:1
FNH:1
FNDA:7,(anonymous_1)
DA:8,1
DA:21,7
LF:2
LH:2
BRF:0
BRH:0
end_of_record
TN:
SF:/Users/benjamin/projects/numbro/languages/el.js
FN:19,(anonymous_1)
FNF:1
FNH:1
FNDA:7,(anonymous_1)
DA:7,1
DA:20,7
LF:2
LH:2
BRF:0
BRH:0
end_of_record
TN:
SF:/Users/benjamin/projects/numbro/languages/en-AU.js
FNF:0
FNH:0
DA:8,1
DA:21,8
DA:22,8
LF:3
LH:3
BRDA:22,1,0,1
BRDA:22,1,1,7
BRDA:22,2,0,1
BRDA:22,2,1,6
BRDA:22,3,0,1
BRDA:22,3,1,5
BRDA:22,4,0,2
BRDA:22,4,1,3
BRF:8
BRH:8
end_of_record
TN:
SF:/Users/benjamin/projects/numbro/languages/en-GB.js
FNF:0
FNH:0
DA:8,1
DA:21,8
DA:22,8
LF:3
LH:3
BRDA:22,1,0,1
BRDA:22,1,1,7
BRDA:22,2,0,1
BRDA:22,2,1,6
BRDA:22,3,0,1
BRDA:22,3,1,5
BRDA:22,4,0,2
BRDA:22,4,1,3
BRF:8
BRH:8
end_of_record
TN:
SF:/Users/benjamin/projects/numbro/languages/en-IE.js
FNF:0
FNH:0
DA:8,1
DA:21,8
DA:22,8
LF:3
LH:3
BRDA:22,1,0,1
BRDA:22,1,1,7
BRDA:22,2,0,1
BRDA:22,2,1,6
BRDA:22,3,0,1
BRDA:22,3,1,5
BRDA:22,4,0,2
BRDA:22,4,1,3
BRF:8
BRH:8
end_of_record
TN:
SF:/Users/benjamin/projects/numbro/languages/en-NZ.js
FNF:0
FNH:0
DA:8,1
DA:21,8
DA:22,8
LF:3
LH:3
BRDA:22,1,0,1
BRDA:22,1,1,7
BRDA:22,2,0,1
BRDA:22,2,1,6
BRDA:22,3,0,1
BRDA:22,3,1,5
BRDA:22,4,0,2
BRDA:22,4,1,3
BRF:8
BRH:8
end_of_record
TN:
SF:/Users/benjamin/projects/numbro/languages/en-ZA.js
FNF:0
FNH:0
DA:8,1
DA:21,8
DA:22,8
LF:3
LH:3
BRDA:22,1,0,1
BRDA:22,1,1,7
BRDA:22,2,0,1
BRDA:22,2,1,6
BRDA:22,3,0,1
BRDA:22,3,1,5
BRDA:22,4,0,2
BRDA:22,4,1,3
BRF:8
BRH:8
end_of_record
TN:
SF:/Users/benjamin/projects/numbro/languages/es-AR.js
FNF:0
FNH:0
DA:8,1
DA:21,10
DA:22,10
LF:3
LH:3
BRDA:22,1,0,3
BRDA:22,1,1,7
BRDA:22,2,0,10
BRDA:22,2,1,9
BRDA:22,3,0,1
BRDA:22,3,1,6
BRDA:22,4,0,3
BRDA:22,4,1,3
BRDA:22,5,0,6
BRDA:22,5,1,6
BRDA:22,6,0,1
BRDA:22,6,1,2
BRDA:22,7,0,1
BRDA:22,7,1,1
BRF:14
BRH:14
end_of_record
TN:
SF:/Users/benjamin/projects/numbro/languages/es-CL.js
FNF:0
FNH:0
DA:8,1
DA:21,10
DA:22,10
LF:3
LH:3
BRDA:22,1,0,3
BRDA:22,1,1,7
BRDA:22,2,0,10
BRDA:22,2,1,9
BRDA:22,3,0,1
BRDA:22,3,1,6
BRDA:22,4,0,3
BRDA:22,4,1,3
BRDA:22,5,0,6
BRDA:22,5,1,6
BRDA:22,6,0,1
BRDA:22,6,1,2
BRDA:22,7,0,1
BRDA:22,7,1,1
BRF:14
BRH:14
end_of_record
TN:
SF:/Users/benjamin/projects/numbro/languages/es-CO.js
FNF:0
FNH:0
DA:8,1
DA:21,10
DA:22,10
LF:3
LH:3
BRDA:22,1,0,3
BRDA:22,1,1,7
BRDA:22,2,0,10
BRDA:22,2,1,9
BRDA:22,3,0,1
BRDA:22,3,1,6
BRDA:22,4,0,3
BRDA:22,4,1,3
BRDA:22,5,0,6
BRDA:22,5,1,6
BRDA:22,6,0,1
BRDA:22,6,1,2
BRDA:22,7,0,1
BRDA:22,7,1,1
BRF:14
BRH:14
end_of_record
TN:
SF:/Users/benjamin/projects/numbro/languages/es-CR.js
FNF:0
FNH:0
DA:8,1
DA:21,10
DA:22,10
LF:3
LH:3
BRDA:22,1,0,3
BRDA:22,1,1,7
BRDA:22,2,0,10
BRDA:22,2,1,9
BRDA:22,3,0,1
BRDA:22,3,1,6
BRDA:22,4,0,3
BRDA:22,4,1,3
BRDA:22,5,0,6
BRDA:22,5,1,6
BRDA:22,6,0,1
BRDA:22,6,1,2
BRDA:22,7,0,1
BRDA:22,7,1,1
BRF:14
BRH:14
end_of_record
TN:
SF:/Users/benjamin/projects/numbro/languages/es-ES.js
FNF:0
FNH:0
DA:8,1
DA:21,10
DA:22,10
LF:3
LH:3
BRDA:22,1,0,3
BRDA:22,1,1,7
BRDA:22,2,0,10
BRDA:22,2,1,9
BRDA:22,3,0,1
BRDA:22,3,1,6
BRDA:22,4,0,3
BRDA:22,4,1,3
BRDA:22,5,0,6
BRDA:22,5,1,6
BRDA:22,6,0,1
BRDA:22,6,1,2
BRDA:22,7,0,1
BRDA:22,7,1,1
BRF:14
BRH:14
end_of_record
TN:
SF:/Users/benjamin/projects/numbro/languages/es-MEX.js
FN:20,(anonymous_1)
FNF:1
FNH:1
FNDA:10,(anonymous_1)
DA:8,1
DA:21,10
DA:22,10
LF:3
LH:3
BRDA:22,1,0,3
BRDA:22,1,1,7
BRDA:22,2,0,10
BRDA:22,2,1,9
BRDA:22,3,0,1
BRDA:22,3,1,6
BRDA:22,4,0,3
BRDA:22,4,1,3
BRDA:22,5,0,6
BRDA:22,5,1,6
BRDA:22,6,0,1
BRDA:22,6,1,2
BRDA:22,7,0,1
BRDA:22,7,1,1
BRF:14
BRH:14
end_of_record
TN:
SF:/Users/benjamin/projects/numbro/languages/es-NI.js
FNF:0
FNH:0
DA:8,1
DA:21,10
DA:22,10
LF:3
LH:3
BRDA:22,1,0,3
BRDA:22,1,1,7
BRDA:22,2,0,10
BRDA:22,2,1,9
BRDA:22,3,0,1
BRDA:22,3,1,6
BRDA:22,4,0,3
BRDA:22,4,1,3
BRDA:22,5,0,6
BRDA:22,5,1,6
BRDA:22,6,0,1
BRDA:22,6,1,2
BRDA:22,7,0,1
BRDA:22,7,1,1
BRF:14
BRH:14
end_of_record
TN:
SF:/Users/benjamin/projects/numbro/languages/es-PE.js
FNF:0
FNH:0
DA:8,1
DA:21,10
DA:22,10
LF:3
LH:3
BRDA:22,1,0,3
BRDA:22,1,1,7
BRDA:22,2,0,10
BRDA:22,2,1,9
BRDA:22,3,0,1
BRDA:22,3,1,6
BRDA:22,4,0,3
BRDA:22,4,1,3
BRDA:22,5,0,6
BRDA:22,5,1,6
BRDA:22,6,0,1
BRDA:22,6,1,2
BRDA:22,7,0,1
BRDA:22,7,1,1
BRF:14
BRH:14
end_of_record
TN:
SF:/Users/benjamin/projects/numbro/languages/es-PR.js
FNF:0
FNH:0
DA:8,1
DA:21,10
DA:22,10
LF:3
LH:3
BRDA:22,1,0,3
BRDA:22,1,1,7
BRDA:22,2,0,10
BRDA:22,2,1,9
BRDA:22,3,0,1
BRDA:22,3,1,6
BRDA:22,4,0,3
BRDA:22,4,1,3
BRDA:22,5,0,6
BRDA:22,5,1,6
BRDA:22,6,0,1
BRDA:22,6,1,2
BRDA:22,7,0,1
BRDA:22,7,1,1
BRF:14
BRH:14
end_of_record
TN:
SF:/Users/benjamin/projects/numbro/languages/es-SV.js
FNF:0
FNH:0
DA:8,1
DA:21,10
DA:22,10
LF:3
LH:3
BRDA:22,1,0,3
BRDA:22,1,1,7
BRDA:22,2,0,10
BRDA:22,2,1,9
BRDA:22,3,0,1
BRDA:22,3,1,6
BRDA:22,4,0,3
BRDA:22,4,1,3
BRDA:22,5,0,6
BRDA:22,5,1,6
BRDA:22,6,0,1
BRDA:22,6,1,2
BRDA:22,7,0,1
BRDA:22,7,1,1
BRF:14
BRH:14
end_of_record
TN:
SF:/Users/benjamin/projects/numbro/languages/et-EE.js
FN:23,(anonymous_1)
FNF:1
FNH:1
FNDA:7,(anonymous_1)
DA:11,1
DA:24,7
LF:2
LH:2
BRF:0
BRH:0
end_of_record
TN:
SF:/Users/benjamin/projects/numbro/languages/fa-IR.js
FN:20,(anonymous_1)
FNF:1
FNH:1
FNDA:8,(anonymous_1)
DA:8,1
DA:21,8
LF:2
LH:2
BRF:0
BRH:0
end_of_record
TN:
SF:/Users/benjamin/projects/numbro/languages/fi-FI.js
FN:20,(anonymous_1)
FNF:1
FNH:1
FNDA:7,(anonymous_1)
DA:8,1
DA:21,7
LF:2
LH:2
BRF:0
BRH:0
end_of_record
TN:
SF:/Users/benjamin/projects/numbro/languages/fil-PH.js
FNF:0
FNH:0
DA:8,1
DA:21,8
DA:22,8
LF:3
LH:3
BRDA:22,1,0,1
BRDA:22,1,1,7
BRDA:22,2,0,1
BRDA:22,2,1,6
BRDA:22,3,0,1
BRDA:22,3,1,5
BRDA:22,4,0,2
BRDA:22,4,1,3
BRF:8
BRH:8
end_of_record
TN:
SF:/Users/benjamin/projects/numbro/languages/fr-CA.js
FNF:0
FNH:0
DA:8,1
DA:21,8
LF:2
LH:2
BRDA:21,1,0,1
BRDA:21,1,1,7
BRF:2
BRH:2
end_of_record
TN:
SF:/Users/benjamin/projects/numbro/languages/fr-CH.js
FNF:0
FNH:0
DA:8,1
DA:21,8
LF:2
LH:2
BRDA:21,1,0,1
BRDA:21,1,1,7
BRF:2
BRH:2
end_of_record
TN:
SF:/Users/benjamin/projects/numbro/languages/fr-FR.js
FNF:0
FNH:0
DA:8,1
DA:21,8
LF:2
LH:2
BRDA:21,1,0,1
BRDA:21,1,1,7
BRF:2
BRH:2
end_of_record
TN:
SF:/Users/benjamin/projects/numbro/languages/he-IL.js
FNF:0
FNH:0
DA:8,1
DA:25,7
LF:2
LH:2
BRF:0
BRH:0
end_of_record
TN:
SF:/Users/benjamin/projects/numbro/languages/hu-HU.js
FN:20,(anonymous_1)
FNF:1
FNH:1
FNDA:7,(anonymous_1)
DA:8,1
DA:21,7
LF:2
LH:2
BRF:0
BRH:0
end_of_record
TN:
SF:/Users/benjamin/projects/numbro/languages/id.js
FN:19,(anonymous_1)
FNF:1
FNH:1
FNDA:7,(anonymous_1)
DA:7,1
DA:20,7
LF:2
LH:2
BRF:0
BRH:0
end_of_record
TN:
SF:/Users/benjamin/projects/numbro/languages/it-CH.js
FN:20,(anonymous_1)
FNF:1
FNH:1
FNDA:8,(anonymous_1)
DA:8,1
DA:21,8
LF:2
LH:2
BRF:0
BRH:0
end_of_record
TN:
SF:/Users/benjamin/projects/numbro/languages/it-IT.js
FN:20,(anonymous_1)
FNF:1
FNH:1
FNDA:8,(anonymous_1)
DA:8,1
DA:21,8
LF:2
LH:2
BRF:0
BRH:0
end_of_record
TN:
SF:/Users/benjamin/projects/numbro/languages/ja-JP.js
FN:20,(anonymous_1)
FNF:1
FNH:1
FNDA:7,(anonymous_1)
DA:8,1
DA:21,7
LF:2
LH:2
BRF:0
BRH:0
end_of_record
TN:
SF:/Users/benjamin/projects/numbro/languages/ko-KR.js
FN:20,(anonymous_1)
FNF:1
FNH:1
FNDA:8,(anonymous_1)
DA:8,1
DA:21,8
LF:2
LH:2
BRF:0
BRH:0
end_of_record
TN:
SF:/Users/benjamin/projects/numbro/languages/lv-LV.js
FN:20,(anonymous_1)
FNF:1
FNH:1
FNDA:8,(anonymous_1)
DA:8,1
DA:21,8
LF:2
LH:2
BRF:0
BRH:0
end_of_record
TN:
SF:/Users/benjamin/projects/numbro/languages/nb-NO.js
FNF:0
FNH:0
DA:8,1
DA:20,7
LF:2
LH:2
BRF:0
BRH:0
end_of_record
TN:
SF:/Users/benjamin/projects/numbro/languages/nb.js
FN:19,(anonymous_1)
FNF:1
FNH:1
FNDA:7,(anonymous_1)
DA:7,1
DA:20,7
LF:2
LH:2
BRF:0
BRH:0
end_of_record
TN:
SF:/Users/benjamin/projects/numbro/languages/nl-BE.js
FNF:0
FNH:0
DA:8,1
DA:21,14
DA:22,14
LF:3
LH:3
BRDA:22,1,0,7
BRDA:22,1,1,7
BRDA:22,2,0,14
BRDA:22,2,1,13
BRDA:22,2,2,11
BRDA:22,2,3,9
BRF:6
BRH:6
end_of_record
TN:
SF:/Users/benjamin/projects/numbro/languages/nl-NL.js
FNF:0
FNH:0
DA:8,1
DA:21,14
DA:22,14
LF:3
LH:3
BRDA:22,1,0,7
BRDA:22,1,1,7
BRDA:22,2,0,14
BRDA:22,2,1,13
BRDA:22,2,2,11
BRDA:22,2,3,9
BRF:6
BRH:6
end_of_record
TN:
SF:/Users/benjamin/projects/numbro/languages/nn.js
FN:19,(anonymous_1)
FNF:1
FNH:1
FNDA:7,(anonymous_1)
DA:7,1
DA:20,7
LF:2
LH:2
BRF:0
BRH:0
end_of_record
TN:
SF:/Users/benjamin/projects/numbro/languages/pl-PL.js
FNF:0
FNH:0
DA:8,1
DA:20,8
LF:2
LH:2
BRF:0
BRH:0
end_of_record
TN:
SF:/Users/benjamin/projects/numbro/languages/pt-BR.js
FN:20,(anonymous_1)
FNF:1
FNH:1
FNDA:8,(anonymous_1)
DA:8,1
DA:21,8
LF:2
LH:2
BRF:0
BRH:0
end_of_record
TN:
SF:/Users/benjamin/projects/numbro/languages/pt-PT.js
FN:20,(anonymous_1)
FNF:1
FNH:1
FNDA:8,(anonymous_1)
DA:8,1
DA:21,8
LF:2
LH:2
BRF:0
BRH:0
end_of_record
TN:
SF:/Users/benjamin/projects/numbro/languages/ro-RO.js
FN:19,(anonymous_1)
FNF:1
FNH:1
FNDA:14,(anonymous_1)
DA:7,1
DA:20,14
LF:2
LH:2
BRF:0
BRH:0
end_of_record
TN:
SF:/Users/benjamin/projects/numbro/languages/ro.js
FNF:0
FNH:0
DA:7,1
LF:1
LH:1
BRF:0
BRH:0
end_of_record
TN:
SF:/Users/benjamin/projects/numbro/languages/ru-RU.js
FN:20,(anonymous_1)
FNF:1
FNH:1
FNDA:8,(anonymous_1)
DA:8,1
DA:24,8
LF:2
LH:2
BRF:0
BRH:0
end_of_record
TN:
SF:/Users/benjamin/projects/numbro/languages/ru-UA.js
FN:20,(anonymous_1)
FNF:1
FNH:1
FNDA:8,(anonymous_1)
DA:8,1
DA:24,8
LF:2
LH:2
BRF:0
BRH:0
end_of_record
TN:
SF:/Users/benjamin/projects/numbro/languages/sk-SK.js
FN:20,(anonymous_1)
FNF:1
FNH:1
FNDA:7,(anonymous_1)
DA:8,1
DA:21,7
LF:2
LH:2
BRF:0
BRH:0
end_of_record
TN:
SF:/Users/benjamin/projects/numbro/languages/sl.js
FN:20,(anonymous_1)
FNF:1
FNH:1
FNDA:7,(anonymous_1)
DA:8,1
DA:21,7
LF:2
LH:2
BRF:0
BRH:0
end_of_record
TN:
SF:/Users/benjamin/projects/numbro/languages/sr-Cyrl-RS.js
FNF:0
FNH:0
DA:8,1
DA:20,7
LF:2
LH:2
BRF:0
BRH:0
end_of_record
TN:
SF:/Users/benjamin/projects/numbro/languages/sv-SE.js
FNF:0
FNH:0
DA:8,1
DA:20,7
LF:2
LH:2
BRF:0
BRH:0
end_of_record
TN:
SF:/Users/benjamin/projects/numbro/languages/th-TH.js
FN:20,(anonymous_1)
FNF:1
FNH:1
FNDA:7,(anonymous_1)
DA:8,1
DA:21,7
LF:2
LH:2
BRF:0
BRH:0
end_of_record
TN:
SF:/Users/benjamin/projects/numbro/languages/tr-TR.js
FNF:0
FNH:0
DA:10,1
DA:36,1
DA:50,26
DA:51,1
DA:54,25
DA:55,25
DA:56,25
DA:58,25
LF:8
LH:8
BRDA:50,1,0,1
BRDA:50,1,1,25
BRDA:56,2,0,10
BRDA:56,2,1,15
BRDA:58,3,0,25
BRDA:58,3,1,13
BRDA:58,3,2,4
BRF:7
BRH:7
end_of_record
TN:
SF:/Users/benjamin/projects/numbro/languages/uk-UA.js
FNF:0
FNH:0
DA:8,1
DA:24,8
LF:2
LH:2
BRF:0
BRH:0
end_of_record
TN:
SF:/Users/benjamin/projects/numbro/languages/zh-CN.js
FN:20,(anonymous_1)
FNF:1
FNH:1
FNDA:7,(anonymous_1)
DA:8,1
DA:21,7
LF:2
LH:2
BRF:0
BRH:0
end_of_record
TN:
SF:/Users/benjamin/projects/numbro/languages/zh-MO.js
FN:20,(anonymous_1)
FNF:1
FNH:1
FNDA:7,(anonymous_1)
DA:8,1
DA:21,7
LF:2
LH:2
BRF:0
BRH:0
end_of_record
TN:
SF:/Users/benjamin/projects/numbro/languages/zh-SG.js
FN:20,(anonymous_1)
FNF:1
FNH:1
FNDA:7,(anonymous_1)
DA:8,1
DA:21,7
LF:2
LH:2
BRF:0
BRH:0
end_of_record
TN:
SF:/Users/benjamin/projects/numbro/languages/zh-TW.js
FN:20,(anonymous_1)
FNF:1
FNH:1
FNDA:9,(anonymous_1)
DA:8,1
DA:21,9
LF:2
LH:2
BRF:0
BRH:0
end_of_record
TN:
SF:/Users/benjamin/projects/numbro/src/validating.js
FN:219,validate
FN:232,validateInput
FN:247,validateSpec
FN:338,validateFormat
FN:348,validateLanguage
FNF:5
FNH:5
FNDA:4,validate
FNDA:2,validateInput
FNDA:2703,validateSpec
FNDA:1626,validateFormat
FNDA:131,validateLanguage
DA:23,2
DA:26,2
DA:28,2
DA:37,2
DA:44,2
DA:49,2
DA:72,2
DA:82,2
DA:88,2
DA:96,1
DA:98,1626
DA:102,1455
DA:116,191
DA:120,190
DA:127,1186
DA:145,1
DA:150,2
DA:155,129
DA:219,1
DA:220,4
DA:221,4
DA:223,4
DA:232,1
DA:233,2
DA:235,2
DA:247,1
DA:248,2703
DA:249,9852
DA:250,3
DA:251,3
DA:254,9849
DA:255,9849
DA:257,9849
DA:258,4088
DA:261,9849
DA:262,461
DA:264,461
DA:265,1
DA:267,9388
DA:268,3
DA:269,3
DA:272,9845
DA:273,191
DA:274,191
DA:275,381
DA:276,381
DA:277,2
DA:278,2
DA:283,9843
DA:284,3
DA:285,3
DA:288,9840
DA:289,1
DA:290,1
DA:293,9839
DA:294,485
DA:296,485
DA:297,1
DA:301,9838
DA:304,2703
DA:305,2242
DA:306,32518
DA:307,32518
DA:308,14580
DA:311,32518
DA:312,3173
DA:313,3173
DA:314,1626
DA:317,3173
DA:318,1
DA:319,1
DA:323,32517
DA:327,2703
DA:328,42370
DA:338,1
DA:339,1626
DA:348,1
DA:349,131
DA:352,2
LF:79
LH:79
BRDA:223,1,0,4
BRDA:223,1,1,2
BRDA:249,2,0,3
BRDA:249,2,1,9849
BRDA:257,3,0,4088
BRDA:257,3,1,5761
BRDA:261,4,0,461
BRDA:261,4,1,9388
BRDA:264,5,0,1
BRDA:264,5,1,460
BRDA:267,6,0,3
BRDA:267,6,1,9385
BRDA:272,7,0,191
BRDA:272,7,1,9654
BRDA:272,8,0,9845
BRDA:272,8,1,191
BRDA:276,9,0,2
BRDA:276,9,1,379
BRDA:283,10,0,3
BRDA:283,10,1,9840
BRDA:283,11,0,9843
BRDA:283,11,1,2772
BRDA:288,12,0,1
BRDA:288,12,1,9839
BRDA:288,13,0,9840
BRDA:288,13,1,1289
BRDA:293,14,0,485
BRDA:293,14,1,9354
BRDA:296,15,0,1
BRDA:296,15,1,484
BRDA:304,16,0,2242
BRDA:304,16,1,461
BRDA:307,17,0,14580
BRDA:307,17,1,17938
BRDA:311,18,0,3173
BRDA:311,18,1,29345
BRDA:313,19,0,1626
BRDA:313,19,1,1547
BRDA:317,20,0,1
BRDA:317,20,1,3172
BRDA:317,21,0,3173
BRDA:317,21,1,1548
BRDA:328,22,0,42370
BRDA:328,22,1,42148
BRF:44
BRH:44
end_of_record
TN:
SF:/Users/benjamin/projects/numbro/src/unformatting.js
FN:49,escapeRegExp
FN:65,computeUnformattedValue
FN:161,removeFormattingSymbols
FN:189,unformatValue
FN:215,matchesTime
FN:240,unformatTime
FN:257,unformat
FNF:7
FNH:7
FNDA:678,escapeRegExp
FNDA:998,computeUnformattedValue
FNDA:535,removeFormattingSymbols
FNDA:571,unformatValue
FNDA:601,matchesTime
FNDA:66,unformatTime
FNDA:609,unformat
DA:23,2
DA:49,1
DA:50,678
DA:65,1
DA:66,998
DA:67,532
DA:70,466
DA:73,466
DA:75,466
DA:76,125
DA:81,341
DA:82,5584
DA:83,5584
DA:85,5584
DA:86,24
DA:92,317
DA:94,317
DA:95,63
DA:100,254
DA:102,254
DA:103,2
DA:106,252
DA:107,252
DA:108,143
DA:110,143
DA:111,53
DA:117,199
DA:118,199
DA:119,796
DA:122,199
DA:123,199
DA:125,199
DA:126,452
DA:127,452
DA:129,452
DA:130,452
DA:131,198
DA:132,198
DA:134,123
DA:135,123
DA:137,72
DA:138,72
DA:140,1
DA:141,1
DA:143,2
DA:144,2
DA:146,198
DA:150,1
DA:161,1
DA:164,535
DA:168,535
DA:172,535
DA:174,535
DA:189,1
DA:190,571
DA:191,1
DA:194,570
DA:195,33
DA:200,537
DA:201,2
DA:204,535
DA:205,535
DA:215,1
DA:216,601
DA:218,601
DA:219,1
DA:222,600
DA:223,600
DA:224,535
DA:227,65
DA:228,65
DA:229,65
DA:231,65
DA:240,1
DA:241,66
DA:243,66
DA:244,66
DA:245,66
DA:247,66
DA:257,1
DA:259,609
DA:261,609
DA:262,609
DA:263,609
DA:264,609
DA:265,609
DA:267,609
DA:269,609
DA:270,597
DA:271,63
DA:273,534
DA:275,12
DA:276,7
DA:278,5
DA:281,604
DA:282,3
DA:285,601
DA:288,2
LF:98
LH:98
BRDA:66,1,0,532
BRDA:66,1,1,466
BRDA:75,2,0,125
BRDA:75,2,1,341
BRDA:85,3,0,24
BRDA:85,3,1,5560
BRDA:94,4,0,63
BRDA:94,4,1,254
BRDA:102,5,0,2
BRDA:102,5,1,252
BRDA:107,6,0,143
BRDA:107,6,1,109
BRDA:107,7,0,252
BRDA:107,7,1,237
BRDA:110,8,0,53
BRDA:110,8,1,90
BRDA:130,9,0,198
BRDA:130,9,1,254
BRDA:132,10,0,123
BRDA:132,10,1,72
BRDA:132,10,2,1
BRDA:132,10,3,2
BRDA:190,11,0,1
BRDA:190,11,1,570
BRDA:194,12,0,33
BRDA:194,12,1,537
BRDA:200,13,0,2
BRDA:200,13,1,535
BRDA:216,14,0,601
BRDA:216,14,1,601
BRDA:218,15,0,1
BRDA:218,15,1,600
BRDA:223,16,0,535
BRDA:223,16,1,65
BRDA:231,17,0,65
BRDA:231,17,1,65
BRDA:231,17,2,64
BRDA:269,18,0,597
BRDA:269,18,1,12
BRDA:270,19,0,63
BRDA:270,19,1,534
BRDA:275,20,0,7
BRDA:275,20,1,5
BRDA:281,21,0,3
BRDA:281,21,1,601
BRF:45
BRH:45
end_of_record
TN:
SF:/Users/benjamin/projects/numbro/src/numbro.js
FN:33,(anonymous_1)
FN:37,(anonymous_2)
FN:39,(anonymous_3)
FN:41,(anonymous_4)
FN:47,(anonymous_5)
FN:52,(anonymous_6)
FN:54,(anonymous_7)
FN:56,(anonymous_8)
FN:58,(anonymous_9)
FN:60,(anonymous_10)
FN:62,(anonymous_11)
FN:64,(anonymous_12)
FN:66,(anonymous_13)
FN:68,(anonymous_14)
FN:70,(anonymous_15)
FN:72,(anonymous_16)
FN:81,normalizeInput
FN:94,numbro
FN:100,(anonymous_19)
FNF:19
FNH:19
FNDA:1792,(anonymous_1)
FNDA:1,(anonymous_2)
FNDA:1530,(anonymous_3)
FNDA:2,(anonymous_4)
FNDA:1,(anonymous_5)
FNDA:1,(anonymous_6)
FNDA:1,(anonymous_7)
FNDA:1,(anonymous_8)
FNDA:1,(anonymous_9)
FNDA:1,(anonymous_10)
FNDA:1,(anonymous_11)
FNDA:1,(anonymous_12)
FNDA:1,(anonymous_13)
FNDA:1,(anonymous_14)
FNDA:1,(anonymous_15)
FNDA:1,(anonymous_16)
FNDA:1796,normalizeInput
FNDA:1793,numbro
FNDA:1795,(anonymous_19)
DA:23,2
DA:25,2
DA:26,2
DA:27,2
DA:28,2
DA:29,2
DA:30,2
DA:34,1792
DA:37,1
DA:39,1530
DA:42,2
DA:43,2
DA:44,2
DA:48,1
DA:49,1
DA:52,1
DA:54,1
DA:56,1
DA:58,1
DA:60,1
DA:62,1
DA:64,1
DA:66,1
DA:68,1
DA:70,1
DA:72,1
DA:81,1
DA:82,1796
DA:83,1796
DA:84,1
DA:85,1795
DA:86,1
DA:87,1794
DA:88,2
DA:91,1796
DA:94,1
DA:95,1793
DA:98,2
DA:100,2
DA:101,1795
DA:108,2
DA:109,2
DA:110,2
DA:111,2
DA:112,2
DA:113,2
DA:114,2
DA:115,2
DA:116,2
DA:117,2
DA:118,2
DA:119,2
DA:121,2
LF:53
LH:53
BRDA:83,1,0,1
BRDA:83,1,1,1795
BRDA:85,2,0,1
BRDA:85,2,1,1794
BRDA:87,3,0,2
BRDA:87,3,1,1792
BRF:6
BRH:6
end_of_record
TN:
SF:/Users/benjamin/projects/numbro/src/globalState.js
FN:36,chooseLanguage
FN:38,currentLanguageData
FNF:2
FNH:2
FNDA:125,chooseLanguage
FNDA:8163,currentLanguageData
DA:23,2
DA:24,2
DA:25,2
DA:27,2
DA:29,2
DA:30,2
DA:32,2
DA:34,2
DA:36,125
DA:38,8163
DA:45,3
DA:56,3
DA:63,883
DA:70,903
DA:77,2228
DA:84,890
DA:96,2442
DA:104,283
DA:112,5
DA:120,248
DA:128,278
DA:136,2
DA:143,2
DA:144,6
DA:145,6
DA:146,3
DA:159,612
DA:166,6
DA:173,6
DA:188,2
DA:189,3
DA:190,2
DA:191,1
DA:193,1
DA:196,1
DA:208,2
DA:209,67
DA:210,1
DA:213,66
DA:215,66
DA:216,62
DA:230,2
DA:231,65
DA:232,3
DA:234,3
DA:235,5
DA:238,3
DA:239,2
DA:240,2
DA:243,1
DA:246,63
DA:249,2
DA:250,2
DA:252,2
LF:54
LH:54
BRDA:145,1,0,3
BRDA:145,1,1,3
BRDA:166,2,0,3
BRDA:166,2,1,3
BRDA:189,3,0,2
BRDA:189,3,1,1
BRDA:190,4,0,1
BRDA:190,4,1,1
BRDA:209,5,0,1
BRDA:209,5,1,66
BRDA:215,6,0,62
BRDA:215,6,1,4
BRDA:231,7,0,3
BRDA:231,7,1,62
BRDA:238,8,0,2
BRDA:238,8,1,1
BRF:16
BRH:16
end_of_record
TN:
SF:/Users/benjamin/projects/numbro/src/en-US.js
FN:36,(anonymous_1)
FNF:1
FNH:1
FNDA:29,(anonymous_1)
DA:23,1
DA:37,29
DA:38,29
LF:3
LH:3
BRDA:38,1,0,5
BRDA:38,1,1,24
BRDA:38,2,0,6
BRDA:38,2,1,18
BRDA:38,3,0,4
BRDA:38,3,1,14
BRDA:38,4,0,9
BRDA:38,4,1,5
BRF:8
BRH:8
end_of_record
TN:
SF:/Users/benjamin/projects/numbro/src/parsing.js
FN:30,parsePrefix
FN:47,parsePostfix
FN:64,parseOutput
FN:112,parseThousandSeparated
FN:125,parseSpaceSeparated
FN:138,parseTotalLength
FN:153,parseCharacteristic
FN:168,parseMantissa
FN:185,parseAverage
FN:198,parseForceAverage
FN:217,parseOptionalMantissa
FN:232,parseOptionalCharacteristic
FN:246,parseNegative
FN:261,parseForceSign
FN:274,parseFormat
FNF:15
FNH:15
FNDA:1633,parsePrefix
FNDA:1633,parsePostfix
FNDA:1641,parseOutput
FNDA:1633,parseThousandSeparated
FNDA:1633,parseSpaceSeparated
FNDA:1633,parseTotalLength
FNDA:1633,parseCharacteristic
FNDA:1633,parseMantissa
FNDA:1633,parseAverage
FNDA:1633,parseForceAverage
FNDA:1633,parseOptionalMantissa
FNDA:1633,parseOptionalCharacteristic
FNDA:1633,parseNegative
FNDA:1633,parseForceSign
FNDA:1637,parseFormat
DA:30,1
DA:31,1633
DA:32,1633
DA:33,1
DA:34,1
DA:37,1632
DA:47,1
DA:48,1633
DA:49,1633
DA:50,1
DA:52,1
DA:55,1632
DA:64,1
DA:65,1641
DA:66,291
DA:67,291
DA:70,1350
DA:71,246
DA:72,246
DA:75,1104
DA:76,1
DA:77,1
DA:78,1
DA:81,1103
DA:82,2
DA:83,2
DA:84,2
DA:88,1101
DA:89,1
DA:90,1
DA:91,1
DA:95,1100
DA:96,2
DA:97,2
DA:100,1098
DA:101,281
DA:112,1
DA:113,1633
DA:114,401
DA:125,1
DA:126,1633
DA:127,35
DA:138,1
DA:139,1633
DA:141,1633
DA:142,8
DA:153,1
DA:154,1633
DA:155,1633
DA:156,1633
DA:157,1455
DA:168,1
DA:169,1633
DA:170,1633
DA:171,914
DA:172,914
DA:173,910
DA:185,1
DA:186,1633
DA:187,266
DA:198,1
DA:199,1633
DA:200,2
DA:201,1631
DA:202,2
DA:203,1629
DA:204,2
DA:205,1627
DA:206,2
DA:217,1
DA:218,1633
DA:219,70
DA:220,1563
DA:221,845
DA:232,1
DA:233,1633
DA:234,915
DA:235,915
DA:246,1
DA:247,1633
DA:248,309
DA:250,1633
DA:251,2
DA:261,1
DA:262,1633
DA:263,5
DA:274,1
DA:275,1637
DA:276,3
DA:279,1634
DA:280,1634
DA:281,1634
DA:282,1634
DA:283,1634
DA:284,1634
DA:285,1634
DA:286,1634
DA:287,1634
DA:288,1634
DA:289,1634
DA:290,1634
DA:291,1634
DA:292,1634
DA:294,1634
DA:297,2
LF:105
LH:105
BRDA:32,1,0,1
BRDA:32,1,1,1632
BRDA:49,2,0,1
BRDA:49,2,1,1632
BRDA:65,3,0,291
BRDA:65,3,1,1350
BRDA:70,4,0,246
BRDA:70,4,1,1104
BRDA:75,5,0,1
BRDA:75,5,1,1103
BRDA:81,6,0,2
BRDA:81,6,1,1101
BRDA:88,7,0,1
BRDA:88,7,1,1100
BRDA:95,8,0,2
BRDA:95,8,1,1098
BRDA:100,9,0,281
BRDA:100,9,1,817
BRDA:113,10,0,401
BRDA:113,10,1,1232
BRDA:126,11,0,35
BRDA:126,11,1,1598
BRDA:141,12,0,8
BRDA:141,12,1,1625
BRDA:156,13,0,1455
BRDA:156,13,1,178
BRDA:170,14,0,914
BRDA:170,14,1,719
BRDA:172,15,0,910
BRDA:172,15,1,4
BRDA:186,16,0,266
BRDA:186,16,1,1367
BRDA:199,17,0,2
BRDA:199,17,1,1631
BRDA:201,18,0,2
BRDA:201,18,1,1629
BRDA:203,19,0,2
BRDA:203,19,1,1627
BRDA:205,20,0,2
BRDA:205,20,1,1625
BRDA:218,21,0,70
BRDA:218,21,1,1563
BRDA:220,22,0,845
BRDA:220,22,1,718
BRDA:233,23,0,915
BRDA:233,23,1,718
BRDA:247,24,0,309
BRDA:247,24,1,1324
BRDA:250,25,0,2
BRDA:250,25,1,1631
BRDA:262,26,0,5
BRDA:262,26,1,1628
BRDA:275,27,0,3
BRDA:275,27,1,1634
BRF:54
BRH:54
end_of_record
TN:
SF:/Users/benjamin/projects/numbro/src/loading.js
FN:30,loadLanguagesInNode
FNF:1
FNH:1
FNDA:3,loadLanguagesInNode
DA:30,1
DA:31,3
DA:32,5
DA:33,5
DA:34,5
DA:36,1
DA:39,5
DA:40,1
DA:45,3
DA:46,3
LF:10
LH:10
BRDA:39,1,0,1
BRDA:39,1,1,4
BRF:2
BRH:2
end_of_record
TN:
SF:/Users/benjamin/projects/numbro/src/formatting.js
FN:57,format
FN:85,formatNumbro
FN:121,getDecimalByteUnit
FN:133,getBinaryByteUnit
FN:145,getByteUnit
FN:159,getFormatByteUnits
FN:194,formatByte
FN:218,formatOrdinal
FN:238,formatTime
FN:255,formatPercentage
FN:281,formatCurrency
FN:330,computeAverage
FN:374,computeExponential
FN:405,zeroes
FN:422,toFixedLarge
FN:461,toFixed
FN:478,setMantissaPrecision
FN:502,setCharacteristicPrecision
FN:533,indexesOfGroupSpaces
FN:558,replaceDelimiters
FN:600,insertAbbreviation
FN:613,insertSign
FN:640,insertPrefix
FN:651,insertPostfix
FN:667,formatNumber
FN:746,formatOrDefault
FNF:26
FNH:26
FNDA:1620,format
FNDA:1619,formatNumbro
FNDA:30,getDecimalByteUnit
FNDA:30,getBinaryByteUnit
FNDA:30,getByteUnit
FNDA:106,getFormatByteUnits
FNDA:9,formatByte
FNDA:285,formatOrdinal
FNDA:6,formatTime
FNDA:252,formatPercentage
FNDA:279,formatCurrency
FNDA:373,computeAverage
FNDA:5,computeExponential
FNDA:37,zeroes
FNDA:22,toFixedLarge
FNDA:1100,toFixed
FNDA:1640,setMantissaPrecision
FNDA:1629,setCharacteristicPrecision
FNDA:453,indexesOfGroupSpaces
FNDA:1630,replaceDelimiters
FNDA:299,insertAbbreviation
FNDA:518,insertSign
FNDA:1613,insertPrefix
FNDA:1613,insertPostfix
FNDA:1636,formatNumber
FNDA:808,formatOrDefault
DA:23,2
DA:24,2
DA:25,2
DA:27,2
DA:28,2
DA:29,2
DA:35,2
DA:57,1
DA:58,1620
DA:59,1612
DA:62,1620
DA:64,1620
DA:65,1
DA:68,1619
DA:69,1619
DA:71,1619
DA:72,1619
DA:73,1619
DA:74,1619
DA:85,1
DA:86,1619
DA:88,274
DA:89,274
DA:92,246
DA:93,246
DA:96,2
DA:97,2
DA:99,2
DA:100,2
DA:102,281
DA:103,281
DA:106,814
DA:121,1
DA:122,30
DA:123,30
DA:133,1
DA:134,30
DA:135,30
DA:145,1
DA:146,30
DA:147,30
DA:159,1
DA:160,106
DA:161,106
DA:163,106
DA:164,82
DA:165,352
DA:166,352
DA:168,352
DA:169,70
DA:170,70
DA:171,70
DA:176,82
DA:177,12
DA:178,12
DA:182,106
DA:194,1
DA:195,9
DA:196,9
DA:198,9
DA:199,9
DA:205,9
DA:206,9
DA:218,1
DA:219,285
DA:220,285
DA:222,285
DA:227,285
DA:229,285
DA:238,1
DA:239,6
DA:240,6
DA:241,6
DA:242,6
DA:255,1
DA:256,252
DA:258,252
DA:263,252
DA:265,252
DA:266,3
DA:269,249
DA:281,1
DA:282,279
DA:283,279
DA:284,279
DA:285,279
DA:286,279
DA:288,279
DA:289,36
DA:292,279
DA:293,2
DA:296,279
DA:303,279
DA:304,65
DA:305,14
DA:307,51
DA:311,279
DA:312,212
DA:313,212
DA:316,279
DA:330,1
DA:331,373
DA:332,373
DA:333,373
DA:335,373
DA:337,25
DA:338,25
DA:339,348
DA:341,20
DA:342,20
DA:343,328
DA:345,146
DA:346,146
DA:347,182
DA:349,169
DA:350,169
DA:353,373
DA:355,373
DA:356,360
DA:359,373
DA:360,42
DA:361,42
DA:364,373
DA:374,1
DA:375,5
DA:376,5
DA:378,5
DA:379,1
DA:385,4
DA:387,4
DA:388,3
DA:389,3
DA:390,3
DA:393,4
DA:405,1
DA:406,37
DA:407,37
DA:408,524
DA:411,37
DA:422,1
DA:423,22
DA:425,22
DA:427,22
DA:429,22
DA:430,12
DA:432,10
DA:434,10
DA:435,4
DA:437,6
DA:440,10
DA:441,10
DA:442,2
DA:444,10
DA:447,22
DA:448,12
DA:451,22
DA:461,1
DA:462,1100
DA:463,18
DA:466,1082
DA:478,1
DA:479,1640
DA:480,547
DA:483,1093
DA:484,1093
DA:486,1093
DA:487,69
DA:490,1024
DA:502,1
DA:503,1629
DA:504,1629
DA:506,1629
DA:507,126
DA:508,1
DA:511,125
DA:514,1503
DA:515,7
DA:516,7
DA:517,12
DA:521,1503
DA:533,1
DA:534,453
DA:535,453
DA:536,453
DA:537,2310
DA:538,516
DA:539,516
DA:541,2310
DA:544,453
DA:558,1
DA:559,1630
DA:560,1630
DA:561,1630
DA:562,1630
DA:564,1630
DA:565,1630
DA:566,1630
DA:568,1630
DA:569,429
DA:571,197
DA:574,429
DA:575,429
DA:576,491
DA:579,429
DA:581,197
DA:585,1630
DA:586,621
DA:588,1009
DA:590,1630
DA:600,1
DA:601,299
DA:613,1
DA:614,518
DA:615,2
DA:618,516
DA:619,4
DA:622,512
DA:623,2
DA:626,510
DA:627,324
DA:630,186
DA:640,1
DA:641,1613
DA:651,1
DA:652,1613
DA:667,1
DA:668,1636
DA:670,1636
DA:671,1
DA:674,1635
DA:675,6
DA:678,1629
DA:680,1629
DA:681,1629
DA:682,1629
DA:683,1629
DA:684,1629
DA:687,1629
DA:688,1629
DA:689,1629
DA:690,1629
DA:691,1629
DA:692,1629
DA:693,1629
DA:695,1629
DA:697,1629
DA:698,295
DA:706,295
DA:707,295
DA:709,295
DA:710,35
DA:714,1629
DA:715,5
DA:720,5
DA:721,5
DA:724,1629
DA:725,1629
DA:726,1629
DA:728,1629
DA:729,300
DA:732,1629
DA:733,514
DA:736,1629
DA:746,1
DA:747,808
DA:748,1
DA:751,807
DA:752,807
DA:753,28
DA:756,779
DA:759,3
DA:760,1620
DA:761,30
DA:762,30
DA:763,30
LF:275
LH:275
BRDA:58,1,0,1612
BRDA:58,1,1,8
BRDA:64,2,0,1
BRDA:64,2,1,1619
BRDA:68,3,0,1619
BRDA:68,3,1,1617
BRDA:69,4,0,1619
BRDA:69,4,1,1617
BRDA:86,5,0,274
BRDA:86,5,1,246
BRDA:86,5,2,2
BRDA:86,5,3,2
BRDA:86,5,4,281
BRDA:86,5,5,1
BRDA:86,5,6,814
BRDA:163,6,0,82
BRDA:163,6,1,24
BRDA:168,7,0,70
BRDA:168,7,1,282
BRDA:168,8,0,352
BRDA:168,8,1,352
BRDA:176,9,0,12
BRDA:176,9,1,70
BRDA:195,10,0,9
BRDA:195,10,1,4
BRDA:206,11,0,1
BRDA:206,11,1,8
BRDA:229,12,0,2
BRDA:229,12,1,283
BRDA:242,13,0,4
BRDA:242,13,1,2
BRDA:242,14,0,3
BRDA:242,14,1,3
BRDA:265,15,0,3
BRDA:265,15,1,249
BRDA:266,16,0,1
BRDA:266,16,1,2
BRDA:269,17,0,5
BRDA:269,17,1,244
BRDA:286,18,0,279
BRDA:286,18,1,253
BRDA:286,18,2,253
BRDA:288,19,0,36
BRDA:288,19,1,243
BRDA:292,20,0,2
BRDA:292,20,1,277
BRDA:303,21,0,65
BRDA:303,21,1,214
BRDA:304,22,0,14
BRDA:304,22,1,51
BRDA:304,23,0,65
BRDA:304,23,1,27
BRDA:311,24,0,212
BRDA:311,24,1,67
BRDA:311,25,0,279
BRDA:311,25,1,214
BRDA:312,26,0,65
BRDA:312,26,1,147
BRDA:335,27,0,25
BRDA:335,27,1,348
BRDA:335,28,0,373
BRDA:335,28,1,28
BRDA:335,28,2,358
BRDA:339,29,0,20
BRDA:339,29,1,328
BRDA:339,30,0,348
BRDA:339,30,1,342
BRDA:339,30,2,16
BRDA:339,30,3,338
BRDA:343,31,0,146
BRDA:343,31,1,182
BRDA:343,32,0,328
BRDA:343,32,1,323
BRDA:343,32,2,142
BRDA:343,32,3,192
BRDA:347,33,0,169
BRDA:347,33,1,13
BRDA:347,34,0,182
BRDA:347,34,1,178
BRDA:347,34,2,162
BRDA:347,34,3,23
BRDA:353,35,0,60
BRDA:353,35,1,313
BRDA:355,36,0,360
BRDA:355,36,1,13
BRDA:359,37,0,42
BRDA:359,37,1,331
BRDA:378,38,0,1
BRDA:378,38,1,4
BRDA:387,39,0,3
BRDA:387,39,1,1
BRDA:390,40,0,1
BRDA:390,40,1,2
BRDA:429,41,0,12
BRDA:429,41,1,10
BRDA:434,42,0,4
BRDA:434,42,1,6
BRDA:441,43,0,2
BRDA:441,43,1,8
BRDA:447,44,0,12
BRDA:447,44,1,10
BRDA:447,45,0,22
BRDA:447,45,1,12
BRDA:462,46,0,18
BRDA:462,46,1,1082
BRDA:479,47,0,547
BRDA:479,47,1,1093
BRDA:486,48,0,69
BRDA:486,48,1,1024
BRDA:486,49,0,1093
BRDA:486,49,1,368
BRDA:506,50,0,126
BRDA:506,50,1,1503
BRDA:506,51,0,1629
BRDA:506,51,1,205
BRDA:507,52,0,1
BRDA:507,52,1,125
BRDA:514,53,0,7
BRDA:514,53,1,1496
BRDA:537,54,0,516
BRDA:537,54,1,1794
BRDA:561,55,0,1630
BRDA:561,55,1,1621
BRDA:562,56,0,1630
BRDA:562,56,1,1628
BRDA:568,57,0,429
BRDA:568,57,1,1201
BRDA:569,58,0,197
BRDA:569,58,1,232
BRDA:579,59,0,197
BRDA:579,59,1,232
BRDA:585,60,0,621
BRDA:585,60,1,1009
BRDA:614,61,0,2
BRDA:614,61,1,516
BRDA:618,62,0,4
BRDA:618,62,1,512
BRDA:622,63,0,2
BRDA:622,63,1,510
BRDA:626,64,0,324
BRDA:626,64,1,186
BRDA:670,65,0,1
BRDA:670,65,1,1635
BRDA:670,66,0,1636
BRDA:670,66,1,5
BRDA:674,67,0,6
BRDA:674,67,1,1629
BRDA:681,68,0,35
BRDA:681,68,1,1594
BRDA:684,69,0,1629
BRDA:684,69,1,1594
BRDA:684,69,2,1590
BRDA:687,70,0,35
BRDA:687,70,1,1594
BRDA:687,71,0,134
BRDA:687,71,1,1460
BRDA:687,72,0,1594
BRDA:687,72,1,260
BRDA:688,73,0,35
BRDA:688,73,1,1594
BRDA:697,74,0,295
BRDA:697,74,1,1334
BRDA:709,75,0,35
BRDA:709,75,1,260
BRDA:714,76,0,5
BRDA:714,76,1,1624
BRDA:728,77,0,300
BRDA:728,77,1,1329
BRDA:728,78,0,1629
BRDA:728,78,1,1334
BRDA:732,79,0,514
BRDA:732,79,1,1115
BRDA:732,80,0,1629
BRDA:732,80,1,1626
BRDA:747,81,0,1
BRDA:747,81,1,807
BRDA:752,82,0,28
BRDA:752,82,1,779
BRDA:752,83,0,807
BRDA:752,83,1,28
BRF:180
BRH:180
end_of_record
TN:
SF:/Users/benjamin/projects/numbro/src/manipulating.js
FN:33,add
FN:55,subtract
FN:77,multiply
FN:99,divide
FN:121,set
FN:140,difference
FNF:6
FNH:6
FNDA:16,add
FNDA:32,subtract
FNDA:16,multiply
FNDA:16,divide
FNDA:14,set
FNDA:16,difference
DA:23,2
DA:33,1
DA:34,16
DA:35,16
DA:37,16
DA:38,8
DA:41,16
DA:43,16
DA:44,16
DA:55,1
DA:56,32
DA:57,32
DA:59,32
DA:60,16
DA:63,32
DA:65,32
DA:66,32
DA:77,1
DA:78,16
DA:79,16
DA:81,16
DA:82,8
DA:85,16
DA:87,16
DA:88,16
DA:99,1
DA:100,16
DA:101,16
DA:103,16
DA:104,8
DA:107,16
DA:109,16
DA:110,16
DA:121,1
DA:122,14
DA:124,14
DA:125,7
DA:128,14
DA:129,14
DA:140,1
DA:141,16
DA:142,16
DA:144,16
DA:147,3
DA:148,16
DA:149,16
DA:150,16
DA:151,16
DA:152,14
DA:153,16
LF:50
LH:50
BRDA:37,1,0,8
BRDA:37,1,1,8
BRDA:59,2,0,16
BRDA:59,2,1,16
BRDA:81,3,0,8
BRDA:81,3,1,8
BRDA:103,4,0,8
BRDA:103,4,1,8
BRDA:124,5,0,7
BRDA:124,5,1,7
BRF:10
BRH:10
end_of_record
